Log file open, 03/26/18 22:45:45
LogWindows: Failed to load 'aqProf.dll' (GetLastError=126)
LogWindows: File 'aqProf.dll' does not exist
LogWindows: Failed to load 'VSPerf140.dll' (GetLastError=126)
LogWindows: File 'VSPerf140.dll' does not exist
LogWindows: Failed to load 'VtuneApi.dll' (GetLastError=126)
LogWindows: File 'VtuneApi.dll' does not exist
LogWindows: Failed to load 'VtuneApi32e.dll' (GetLastError=126)
LogWindows: File 'VtuneApi32e.dll' does not exist
LogInit: Display: Running engine for game: MyProject2
LogPlatformFile: Not using cached read wrapper
LogInit: Display: RandInit(162997436) SRandInit(162997436).
LogInit: Read version file with build ID '3709383'
LogInit: Overriding engine version to CL 3832480, compatible CL 3709383
LogInit: Registered custom module enumerator with build ID '3709383'
LogTaskGraph: Started task graph with 5 named threads and 14 total threads with 3 sets of task threads.
LogStats: Stats thread started at 0.180756
LogD3D11RHI: Aftermath initialized
LogModuleManager: Display: Found up-to-date module file ../../../Engine/Plugins/2D/Paper2D/Binaries/Win64/UE4Editor-Paper2D.dll (API version 3709383).
LogModuleManager: Display: Found up-to-date module file ../../../Engine/Plugins/2D/Paper2D/Binaries/Win64/UE4Editor-Paper2DEditor.dll (API version 3709383).
LogModuleManager: Display: Found up-to-date module file ../../../Engine/Plugins/2D/Paper2D/Binaries/Win64/UE4Editor-PaperSpriteSheetImporter.dll (API version 3709383).
LogModuleManager: Display: Found up-to-date module file ../../../Engine/Plugins/2D/Paper2D/Binaries/Win64/UE4Editor-PaperTiledImporter.dll (API version 3709383).
LogModuleManager: Display: Found up-to-date module file ../../../Engine/Plugins/2D/Paper2D/Binaries/Win64/UE4Editor-SmartSnapping.dll (API version 3709383).
LogModuleManager: Display: Found up-to-date module file ../../../Engine/Plugins/Blendables/LightPropagationVolume/Binaries/Win64/UE4Editor-LightPropagationVolumeRuntime.dll (API version 3709383).
LogModuleManager: Display: Found up-to-date module file ../../../Engine/Plugins/Blendables/LightPropagationVolume/Binaries/Win64/UE4Editor-LightPropagationVolumeEditor.dll (API version 3709383).
LogModuleManager: Display: Found up-to-date module file ../../../Engine/Plugins/Developer/GitSourceControl/Binaries/Win64/UE4Editor-GitSourceControl.dll (API version 3709383).
LogModuleManager: Display: Found up-to-date module file ../../../Engine/Plugins/Developer/PerforceSourceControl/Binaries/Win64/UE4Editor-PerforceSourceControl.dll (API version 3709383).
LogModuleManager: Display: Found up-to-date module file ../../../Engine/Plugins/Developer/SubversionSourceControl/Binaries/Win64/UE4Editor-SubversionSourceControl.dll (API version 3709383).
LogModuleManager: Display: Found up-to-date module file ../../../Engine/Plugins/Developer/UObjectPlugin/Binaries/Win64/UE4Editor-UObjectPlugin.dll (API version 3709383).
LogModuleManager: Display: Found up-to-date module file ../../../Engine/Plugins/Developer/VisualStudioCodeSourceCodeAccess/Binaries/Win64/UE4Editor-VisualStudioCodeSourceCodeAccess.dll (API version 3709383).
LogModuleManager: Display: Found up-to-date module file ../../../Engine/Plugins/Developer/VisualStudioSourceCodeAccess/Binaries/Win64/UE4Editor-VisualStudioSourceCodeAccess.dll (API version 3709383).
LogModuleManager: Display: Found up-to-date module file ../../../Engine/Plugins/Editor/AssetManagerEditor/Binaries/Win64/UE4Editor-AssetManagerEditor.dll (API version 3709383).
LogModuleManager: Display: Found up-to-date module file ../../../Engine/Plugins/Editor/AudioCapture/Binaries/Win64/UE4Editor-AudioCapture.dll (API version 3709383).
LogModuleManager: Display: Found up-to-date module file ../../../Engine/Plugins/Editor/FacialAnimation/Binaries/Win64/UE4Editor-FacialAnimation.dll (API version 3709383).
LogModuleManager: Display: Found up-to-date module file ../../../Engine/Plugins/Editor/FacialAnimation/Binaries/Win64/UE4Editor-FacialAnimationEditor.dll (API version 3709383).
LogModuleManager: Display: Found up-to-date module file ../../../Engine/Plugins/Editor/GameplayTagsEditor/Binaries/Win64/UE4Editor-GameplayTagsEditor.dll (API version 3709383).
LogModuleManager: Display: Found up-to-date module file ../../../Engine/Plugins/Editor/MobileLauncherProfileWizard/Binaries/Win64/UE4Editor-MobileLauncherProfileWizard.dll (API version 3709383).
LogModuleManager: Display: Found up-to-date module file ../../../Engine/Plugins/Editor/PluginBrowser/Binaries/Win64/UE4Editor-PluginBrowser.dll (API version 3709383).
LogModuleManager: Display: Found up-to-date module file ../../../Engine/Plugins/Editor/SpeedTreeImporter/Binaries/Win64/UE4Editor-SpeedTreeImporter.dll (API version 3709383).
LogModuleManager: Display: Found up-to-date module file ../../../Engine/Plugins/Experimental/AlembicImporter/Binaries/Win64/UE4Editor-AlembicImporter.dll (API version 3709383).
LogModuleManager: Display: Found up-to-date module file ../../../Engine/Plugins/Experimental/AlembicImporter/Binaries/Win64/UE4Editor-AlembicLibrary.dll (API version 3709383).
LogModuleManager: Display: Found up-to-date module file ../../../Engine/Plugins/Experimental/CharacterAI/Binaries/Win64/UE4Editor-CharacterAI.dll (API version 3709383).
LogModuleManager: Display: Found up-to-date module file ../../../Engine/Plugins/Experimental/HTML5Networking/Binaries/Win64/UE4Editor-HTML5Networking.dll (API version 3709383).
LogModuleManager: Display: Found up-to-date module file ../../../Engine/Plugins/Media/AndroidMedia/Binaries/Win64/UE4Editor-AndroidMediaEditor.dll (API version 3709383).
LogModuleManager: Display: Found up-to-date module file ../../../Engine/Plugins/Media/AndroidMedia/Binaries/Win64/UE4Editor-AndroidMediaFactory.dll (API version 3709383).
LogModuleManager: Display: Found up-to-date module file ../../../Engine/Plugins/Media/AvfMedia/Binaries/Win64/UE4Editor-AvfMediaEditor.dll (API version 3709383).
LogModuleManager: Display: Found up-to-date module file ../../../Engine/Plugins/Media/AvfMedia/Binaries/Win64/UE4Editor-AvfMediaFactory.dll (API version 3709383).
LogModuleManager: Display: Found up-to-date module file ../../../Engine/Plugins/Media/AvfMedia/Binaries/Win64/UE4Editor-AvfMediaFactory.dll (API version 3709383).
LogModuleManager: Display: Found up-to-date module file ../../../Engine/Plugins/Media/ImgMedia/Binaries/Win64/UE4Editor-ImgMedia.dll (API version 3709383).
LogModuleManager: Display: Found up-to-date module file ../../../Engine/Plugins/Media/ImgMedia/Binaries/Win64/UE4Editor-ImgMediaEditor.dll (API version 3709383).
LogModuleManager: Display: Found up-to-date module file ../../../Engine/Plugins/Media/ImgMedia/Binaries/Win64/UE4Editor-ImgMediaFactory.dll (API version 3709383).
LogModuleManager: Display: Found up-to-date module file ../../../Engine/Plugins/Media/ImgMedia/Binaries/Win64/UE4Editor-ImgMediaFactory.dll (API version 3709383).
LogModuleManager: Display: Found up-to-date module file ../../../Engine/Plugins/Media/ImgMedia/Binaries/Win64/UE4Editor-OpenExrWrapper.dll (API version 3709383).
LogModuleManager: Display: Found up-to-date module file ../../../Engine/Plugins/Media/MediaCompositing/Binaries/Win64/UE4Editor-MediaCompositing.dll (API version 3709383).
LogModuleManager: Display: Found up-to-date module file ../../../Engine/Plugins/Media/MediaCompositing/Binaries/Win64/UE4Editor-MediaCompositingEditor.dll (API version 3709383).
LogModuleManager: Display: Found up-to-date module file ../../../Engine/Plugins/Media/MediaPlayerEditor/Binaries/Win64/UE4Editor-MediaPlayerEditor.dll (API version 3709383).
LogModuleManager: Display: Found up-to-date module file ../../../Engine/Plugins/Media/WmfMedia/Binaries/Win64/UE4Editor-WmfMedia.dll (API version 3709383).
LogModuleManager: Display: Found up-to-date module file ../../../Engine/Plugins/Media/WmfMedia/Binaries/Win64/UE4Editor-WmfMediaEditor.dll (API version 3709383).
LogModuleManager: Display: Found up-to-date module file ../../../Engine/Plugins/Media/WmfMedia/Binaries/Win64/UE4Editor-WmfMediaFactory.dll (API version 3709383).
LogModuleManager: Display: Found up-to-date module file ../../../Engine/Plugins/Media/WmfMedia/Binaries/Win64/UE4Editor-WmfMediaFactory.dll (API version 3709383).
LogModuleManager: Display: Found up-to-date module file ../../../Engine/Plugins/Messaging/TcpMessaging/Binaries/Win64/UE4Editor-TcpMessaging.dll (API version 3709383).
LogModuleManager: Display: Found up-to-date module file ../../../Engine/Plugins/Messaging/UdpMessaging/Binaries/Win64/UE4Editor-UdpMessaging.dll (API version 3709383).
LogModuleManager: Display: Found up-to-date module file ../../../Engine/Plugins/MovieScene/ActorSequence/Binaries/Win64/UE4Editor-ActorSequence.dll (API version 3709383).
LogModuleManager: Display: Found up-to-date module file ../../../Engine/Plugins/MovieScene/LevelSequenceEditor/Binaries/Win64/UE4Editor-LevelSequenceEditor.dll (API version 3709383).
LogModuleManager: Display: Found up-to-date module file ../../../Engine/Plugins/MovieScene/MatineeToLevelSequence/Binaries/Win64/UE4Editor-MatineeToLevelSequence.dll (API version 3709383).
LogModuleManager: Display: Found up-to-date module file ../../../Engine/Plugins/Online/OnlineSubsystem/Binaries/Win64/UE4Editor-OnlineSubsystem.dll (API version 3709383).
LogModuleManager: Display: Found up-to-date module file ../../../Engine/Plugins/Runtime/AndroidPermission/Binaries/Win64/UE4Editor-AndroidPermission.dll (API version 3709383).
LogModuleManager: Display: Found up-to-date module file ../../../Engine/Plugins/Online/OnlineSubsystemNull/Binaries/Win64/UE4Editor-OnlineSubsystemNull.dll (API version 3709383).
LogModuleManager: Display: Found up-to-date module file ../../../Engine/Plugins/Online/OnlineSubsystemUtils/Binaries/Win64/UE4Editor-OnlineSubsystemUtils.dll (API version 3709383).
LogModuleManager: Display: Found up-to-date module file ../../../Engine/Plugins/Online/OnlineSubsystemUtils/Binaries/Win64/UE4Editor-OnlineBlueprintSupport.dll (API version 3709383).
LogModuleManager: Display: Found up-to-date module file ../../../Engine/Plugins/Runtime/AndroidDeviceProfileSelector/Binaries/Win64/UE4Editor-AndroidDeviceProfileSelector.dll (API version 3709383).
LogModuleManager: Display: Found up-to-date module file ../../../Engine/Plugins/Runtime/AppleARKit/Binaries/Win64/UE4Editor-AppleARKit.dll (API version 3709383).
LogModuleManager: Display: Found up-to-date module file ../../../Engine/Plugins/Runtime/ArchVisCharacter/Binaries/Win64/UE4Editor-ArchVisCharacter.dll (API version 3709383).
LogModuleManager: Display: Found up-to-date module file ../../../Engine/Plugins/Runtime/CableComponent/Binaries/Win64/UE4Editor-CableComponent.dll (API version 3709383).
LogModuleManager: Display: Found up-to-date module file ../../../Engine/Plugins/Runtime/CustomMeshComponent/Binaries/Win64/UE4Editor-CustomMeshComponent.dll (API version 3709383).
LogModuleManager: Display: Found up-to-date module file ../../../Engine/Plugins/Runtime/ExampleDeviceProfileSelector/Binaries/Win64/UE4Editor-ExampleDeviceProfileSelector.dll (API version 3709383).
LogModuleManager: Display: Found up-to-date module file ../../../Engine/Plugins/Runtime/ImmediatePhysics/Binaries/Win64/UE4Editor-ImmediatePhysics.dll (API version 3709383).
LogModuleManager: Display: Found up-to-date module file ../../../Engine/Plugins/Runtime/ImmediatePhysics/Binaries/Win64/UE4Editor-ImmediatePhysicsEditor.dll (API version 3709383).
LogModuleManager: Display: Found up-to-date module file ../../../Engine/Plugins/Runtime/LocationServicesBPLibrary/Binaries/Win64/UE4Editor-LocationServicesBPLibrary.dll (API version 3709383).
LogModuleManager: Display: Found up-to-date module file ../../../Engine/Plugins/Runtime/MobilePatchingUtils/Binaries/Win64/UE4Editor-MobilePatchingUtils.dll (API version 3709383).
LogModuleManager: Display: Found up-to-date module file ../../../Engine/Plugins/Runtime/Oculus/OculusVR/Binaries/Win64/UE4Editor-OculusHMD.dll (API version 3709383).
LogModuleManager: Display: Found up-to-date module file ../../../Engine/Plugins/Runtime/Oculus/OculusVR/Binaries/Win64/UE4Editor-OculusInput.dll (API version 3709383).
LogModuleManager: Display: Found up-to-date module file ../../../Engine/Plugins/Runtime/Oculus/OculusVR/Binaries/Win64/UE4Editor-OculusEditor.dll (API version 3709383).
LogModuleManager: Display: Found up-to-date module file ../../../Engine/Plugins/Runtime/PhysXVehicles/Binaries/Win64/UE4Editor-PhysXVehicles.dll (API version 3709383).
LogModuleManager: Display: Found up-to-date module file ../../../Engine/Plugins/Runtime/PhysXVehicles/Binaries/Win64/UE4Editor-PhysXVehiclesEditor.dll (API version 3709383).
LogModuleManager: Display: Found up-to-date module file ../../../Engine/Plugins/Runtime/ProceduralMeshComponent/Binaries/Win64/UE4Editor-ProceduralMeshComponent.dll (API version 3709383).
LogModuleManager: Display: Found up-to-date module file ../../../Engine/Plugins/Runtime/ProceduralMeshComponent/Binaries/Win64/UE4Editor-ProceduralMeshComponentEditor.dll (API version 3709383).
LogModuleManager: Display: Found up-to-date module file ../../../Engine/Plugins/Runtime/RuntimePhysXCooking/Binaries/Win64/UE4Editor-RuntimePhysXCooking.dll (API version 3709383).
LogModuleManager: Display: Found up-to-date module file ../../../Engine/Plugins/Runtime/Steam/SteamVR/Binaries/Win64/UE4Editor-SteamVR.dll (API version 3709383).
LogModuleManager: Display: Found up-to-date module file ../../../Engine/Plugins/Runtime/Steam/SteamVR/Binaries/Win64/UE4Editor-SteamVRController.dll (API version 3709383).
LogModuleManager: Display: Found up-to-date module file ../../../Engine/Plugins/Runtime/WindowsMoviePlayer/Binaries/Win64/UE4Editor-WindowsMoviePlayer.dll (API version 3709383).
LogPluginManager: Mounting plugin Paper2D
LogPluginManager: Mounting plugin LightPropagationVolume
LogPluginManager: Mounting plugin CodeLiteSourceCodeAccess
LogPluginManager: Mounting plugin GitSourceControl
LogPluginManager: Mounting plugin KDevelopSourceCodeAccess
LogPluginManager: Mounting plugin NullSourceCodeAccess
LogPluginManager: Mounting plugin PerforceSourceControl
LogPluginManager: Mounting plugin SubversionSourceControl
LogPluginManager: Mounting plugin UObjectPlugin
LogPluginManager: Mounting plugin VisualStudioCodeSourceCodeAccess
LogPluginManager: Mounting plugin VisualStudioSourceCodeAccess
LogPluginManager: Mounting plugin XCodeSourceCodeAccess
LogPluginManager: Mounting plugin AssetManagerEditor
LogPluginManager: Mounting plugin AudioCapture
LogPluginManager: Mounting plugin FacialAnimation
LogPluginManager: Mounting plugin GameplayTagsEditor
LogPluginManager: Mounting plugin MobileLauncherProfileWizard
LogPluginManager: Mounting plugin PluginBrowser
LogPluginManager: Mounting plugin SpeedTreeImporter
LogPluginManager: Mounting plugin AlembicImporter
LogPluginManager: Mounting plugin CharacterAI
LogPluginManager: Mounting plugin HTML5Networking
LogPluginManager: Mounting plugin AndroidMedia
LogPluginManager: Mounting plugin AvfMedia
LogPluginManager: Mounting plugin ImgMedia
LogPluginManager: Mounting plugin MediaCompositing
LogPluginManager: Mounting plugin MediaPlayerEditor
LogPluginManager: Mounting plugin WmfMedia
LogPluginManager: Mounting plugin TcpMessaging
LogPluginManager: Mounting plugin UdpMessaging
LogPluginManager: Mounting plugin ActorSequence
LogPluginManager: Mounting plugin LevelSequenceEditor
LogPluginManager: Mounting plugin MatineeToLevelSequence
LogPluginManager: Mounting plugin OnlineSubsystemGooglePlay
LogPluginManager: Mounting plugin OnlineSubsystemIOS
LogPluginManager: Mounting plugin OnlineSubsystem
LogPluginManager: Mounting plugin OnlineSubsystemNull
LogPluginManager: Mounting plugin OnlineSubsystemUtils
LogPluginManager: Mounting plugin AndroidDeviceProfileSelector
LogPluginManager: Mounting plugin AndroidMoviePlayer
LogPluginManager: Mounting plugin AndroidPermission
LogPluginManager: Mounting plugin AppleARKit
LogPluginManager: Mounting plugin AppleMoviePlayer
LogPluginManager: Mounting plugin ArchVisCharacter
LogPluginManager: Mounting plugin CableComponent
LogPluginManager: Mounting plugin CustomMeshComponent
LogPluginManager: Mounting plugin ExampleDeviceProfileSelector
LogPluginManager: Mounting plugin GoogleCloudMessaging
LogPluginManager: Mounting plugin ImmediatePhysics
LogPluginManager: Mounting plugin IOSDeviceProfileSelector
LogPluginManager: Mounting plugin LinuxDeviceProfileSelector
LogPluginManager: Mounting plugin LocationServicesBPLibrary
LogPluginManager: Mounting plugin MobilePatchingUtils
LogPluginManager: Mounting plugin OculusVR
LogPluginManager: Plugin shader directory ../../../Engine/Plugins/Runtime/Oculus/OculusVR/Shaders found
LogPluginManager: Mapping shader source directory ../../../Engine/Plugins/Runtime/Oculus/OculusVR/Shaders to virtual directory /Plugin/OculusVR
LogPluginManager: Mounting plugin PhysXVehicles
LogPluginManager: Mounting plugin ProceduralMeshComponent
LogPluginManager: Mounting plugin RuntimePhysXCooking
LogPluginManager: Mounting plugin SteamVR
LogPluginManager: Mounting plugin WindowsMoviePlayer
LogInit: Using libcurl 7.47.1
LogInit:  - built for x86_64-pc-win32
LogInit:  - supports SSL with OpenSSL/1.0.2g
LogInit:  - supports HTTP deflate (compression) using libz 1.2.8
LogInit:  - other features:
LogInit:      CURL_VERSION_SSL
LogInit:      CURL_VERSION_LIBZ
LogInit:      CURL_VERSION_IPV6
LogInit:      CURL_VERSION_ASYNCHDNS
LogInit:      CURL_VERSION_LARGEFILE
LogInit:      CURL_VERSION_IDN
LogInit:  CurlRequestOptions (configurable via config and command line):
LogInit:  - bVerifyPeer = false  - Libcurl will NOT verify peer certificate
LogInit:  - bUseHttpProxy = false  - Libcurl will NOT use HTTP proxy
LogInit:  - bDontReuseConnections = false  - Libcurl will reuse connections
LogInit:  - CertBundlePath = nullptr  - Libcurl will use whatever was configured at build time.
LogInit: Build: ++UE4+Release-4.18-CL-3832480
LogInit: Engine Version: 4.18.3-3832480+++UE4+Release-4.18
LogInit: Compatible Engine Version: 4.18.0-3709383+++UE4+Release-4.18
LogInit: Net CL: 3709383
LogDevObjectVersion: Number of dev versions registered: 16
LogDevObjectVersion:   Dev-Blueprints (B0D832E4-1F89-4F0D-ACCF-7EB736FD4AA2): 10
LogDevObjectVersion:   Dev-Build (E1C64328-A22C-4D53-A36C-8E866417BD8C): 0
LogDevObjectVersion:   Dev-Core (375EC13C-06E4-48FB-B500-84F0262A717E): 2
LogDevObjectVersion:   Dev-Editor (E4B068ED-F494-42E9-A231-DA0B2E46BB41): 20
LogDevObjectVersion:   Dev-Framework (CFFC743F-43B0-4480-9391-14DF171D2073): 30
LogDevObjectVersion:   Dev-Mobile (B02B49B5-BB20-44E9-A304-32B752E40360): 0
LogDevObjectVersion:   Dev-Networking (A4E4105C-59A1-49B5-A7C5-40C4547EDFEE): 0
LogDevObjectVersion:   Dev-Online (39C831C9-5AE6-47DC-9A44-9C173E1C8E7C): 0
LogDevObjectVersion:   Dev-Physics (78F01B33-EBEA-4F98-B9B4-84EACCB95AA2): 0
LogDevObjectVersion:   Dev-Platform (6631380F-2D4D-43E0-8009-CF276956A95A): 0
LogDevObjectVersion:   Dev-Rendering (12F88B9F-8875-4AFC-A67C-D90C383ABD29): 20
LogDevObjectVersion:   Dev-Sequencer (7B5AE74C-D270-4C10-A958-57980B212A5A): 4
LogDevObjectVersion:   Dev-VR (D7296918-1DD6-4BDD-9DE2-64A83CC13884): 0
LogDevObjectVersion:   Dev-LoadTimes (C2A15278-BFE7-4AFE-6C17-90FF531DF755): 1
LogDevObjectVersion:   Private-Geometry (6EACA3D4-40EC-4CC1-B786-8BED09428FC5): 1
LogDevObjectVersion:   Dev-AnimPhys (29E575DD-E0A3-4627-9D10-D276232CDCEA): 12
LogInit: Compiled (64-bit): Jan 12 2018 02:04:55
LogInit: Compiled with Visual C++: 19.00.24215.01
LogInit: Build Configuration: Development
LogInit: Branch Name: ++UE4+Release-4.18
LogInit: Command line: 
LogInit: Base directory: F:/Proyectos_Unreal/UE_4.18/Engine/Binaries/Win64/
LogInit: Installed Engine Build: 1
LogInit: Presizing for max 8388607 objects, including 0 objects not considered by GC, pre-allocating 0 bytes for permanent pool.
LogInit: Object subsystem initialized
[2018.03.26-20.45.47:133][  0]LogInit: Selected Device Profile: [Windows]
[2018.03.26-20.45.47:133][  0]LogInit: Applying CVar settings loaded from the selected device profile: [Windows]
[2018.03.26-20.45.47:175][  0]LogInit: Computer: JORGE-PC
[2018.03.26-20.45.47:175][  0]LogInit: User: Jorge
[2018.03.26-20.45.47:175][  0]LogInit: CPU Page size=4096, Cores=4
[2018.03.26-20.45.47:175][  0]LogInit: High frequency timer resolution =3.312802 MHz
[2018.03.26-20.45.47:175][  0]LogMemory: Memory total: Physical=15.9GB (16GB approx)
[2018.03.26-20.45.47:175][  0]LogMemory: Platform Memory Stats for Windows
[2018.03.26-20.45.47:175][  0]LogMemory: Process Physical Memory: 272.41 MB used, 272.41 MB peak
[2018.03.26-20.45.47:175][  0]LogMemory: Process Virtual Memory: 265.92 MB used, 265.92 MB peak
[2018.03.26-20.45.47:175][  0]LogMemory: Physical Memory: 7633.00 MB used,  8629.27 MB free, 16262.27 MB total
[2018.03.26-20.45.47:175][  0]LogMemory: Virtual Memory: 622.11 MB used,  8629.27 MB free, 8388608.00 MB total
[2018.03.26-20.45.47:366][  0]LogInit: Overriding language with editor language configuration option (en).
[2018.03.26-20.45.47:366][  0]LogInit: Overriding locale with editor locale configuration option (en).
[2018.03.26-20.45.47:808][  0]LogWindows: Failed to load 'shcore.dll' (GetLastError=126)
[2018.03.26-20.45.47:809][  0]LogWindows: File 'shcore.dll' does not exist
[2018.03.26-20.45.47:809][  0]LogInit: Setting process to DPI aware
[2018.03.26-20.45.47:814][  0]LogWindows: Failed to load 'shcore.dll' (GetLastError=126)
[2018.03.26-20.45.47:814][  0]LogWindows: File 'shcore.dll' does not exist
[2018.03.26-20.45.47:814][  0]LogInit: Setting process to DPI aware
[2018.03.26-20.45.48:098][  0]LogD3D11RHI: D3D11 adapters:
[2018.03.26-20.45.48:140][  0]LogD3D11RHI:    0. 'NVIDIA GeForce GTX 760' (Feature Level 11_0)
[2018.03.26-20.45.48:141][  0]LogD3D11RHI:       4016/0/7875 MB DedicatedVideo/DedicatedSystem/SharedSystem, Outputs:2, VendorId:0x10de
[2018.03.26-20.45.48:146][  0]LogD3D11RHI:    1. 'Intel(R) HD Graphics' (Feature Level 11_0)
[2018.03.26-20.45.48:146][  0]LogD3D11RHI:       64/0/1632 MB DedicatedVideo/DedicatedSystem/SharedSystem, Outputs:0, VendorId:0x8086
[2018.03.26-20.45.48:146][  0]LogD3D11RHI: Chosen D3D11 Adapter: 0
[2018.03.26-20.45.48:155][  0]LogD3D11RHI: Creating new Direct3DDevice
[2018.03.26-20.45.48:155][  0]LogD3D11RHI:     GPU DeviceId: 0x1187 (for the marketing name, search the web for "GPU Device Id")
[2018.03.26-20.45.48:155][  0]LogWindows: EnumDisplayDevices:
[2018.03.26-20.45.48:155][  0]LogWindows:    0. 'NVIDIA GeForce GTX 760' (P:1 D:1)
[2018.03.26-20.45.48:155][  0]LogWindows:    1. 'NVIDIA GeForce GTX 760' (P:0 D:1)
[2018.03.26-20.45.48:156][  0]LogWindows:    2. 'NVIDIA GeForce GTX 760' (P:0 D:0)
[2018.03.26-20.45.48:156][  0]LogWindows:    3. 'NVIDIA GeForce GTX 760' (P:0 D:0)
[2018.03.26-20.45.48:156][  0]LogWindows:    4. 'Intel(R) HD Graphics' (P:0 D:0)
[2018.03.26-20.45.48:156][  0]LogWindows:    5. 'Intel(R) HD Graphics' (P:0 D:0)
[2018.03.26-20.45.48:157][  0]LogWindows:    6. 'Intel(R) HD Graphics' (P:0 D:0)
[2018.03.26-20.45.48:157][  0]LogWindows:    7. 'RDPDD Chained DD' (P:0 D:0)
[2018.03.26-20.45.48:157][  0]LogWindows:    8. 'RDP Encoder Mirror Driver' (P:0 D:0)
[2018.03.26-20.45.48:157][  0]LogWindows:    9. 'RDP Reflector Display Driver' (P:0 D:0)
[2018.03.26-20.45.48:157][  0]LogWindows: DebugString: PrimaryIsNotTheChoosenAdapter PrimaryIsNotTheChoosenAdapter PrimaryIsNotTheChoosenAdapter GetVideoDriverDetailsInvalid PrimaryIsNotTheChoosenAdapter GetVideoDriverDetailsInvalid PrimaryIsNotTheChoosenAdapter GetVideoDriverDetailsInvalid PrimaryIsNotTheChoosenAdapter FoundDriverCount:4 
[2018.03.26-20.45.48:157][  0]LogD3D11RHI:     Adapter Name: NVIDIA GeForce GTX 760
[2018.03.26-20.45.48:157][  0]LogD3D11RHI:   Driver Version: 391.24 (internal:23.21.13.9124, unified:391.24)
[2018.03.26-20.45.48:157][  0]LogD3D11RHI:      Driver Date: 3-15-2018
[2018.03.26-20.45.48:157][  0]LogRHI: Texture pool is 2811 MB (70% of 4016 MB)
[2018.03.26-20.45.48:175][  0]LogD3D11RHI: Async texture creation enabled
[2018.03.26-20.45.48:196][  0]LogD3D11RHI: GPU Timing Frequency: 1000.000000 (Debug: 2 2)
[2018.03.26-20.45.48:245][  0]LogShaderCompilers: Guid format shader working directory is 24 characters bigger than the processId version (../../../../MyProject2/Intermediate/Shaders/WorkingDirectory/6628/).
[2018.03.26-20.45.48:246][  0]LogShaderCompilers: Cleaned the shader compiler working directory 'C:/Users/Jorge/AppData/Local/Temp/UnrealShaderWorkingDir/A7AAD94D4FC3BD5F3B0EA29612A0FA25/'.
[2018.03.26-20.45.48:246][  0]LogShaderCompilers: Display: Using Local Shader Compiler.
[2018.03.26-20.45.49:571][  0]LogTemp: Display: Loaded TP AllDesktopTargetPlatform
[2018.03.26-20.45.49:653][  0]LogTemp: Display: Loaded TP MacClientTargetPlatform
[2018.03.26-20.45.49:735][  0]LogTemp: Display: Loaded TP MacNoEditorTargetPlatform
[2018.03.26-20.45.49:827][  0]LogTemp: Display: Loaded TP MacServerTargetPlatform
[2018.03.26-20.45.49:905][  0]LogTemp: Display: Loaded TP MacTargetPlatform
[2018.03.26-20.45.49:985][  0]LogTemp: Display: Loaded TP WindowsClientTargetPlatform
[2018.03.26-20.45.50:064][  0]LogTemp: Display: Loaded TP WindowsNoEditorTargetPlatform
[2018.03.26-20.45.50:142][  0]LogTemp: Display: Loaded TP WindowsServerTargetPlatform
[2018.03.26-20.45.50:212][  0]LogTemp: Display: Loaded TP WindowsTargetPlatform
[2018.03.26-20.45.50:290][  0]LogTemp: Display: Loaded TP Android_ASTCTargetPlatform
[2018.03.26-20.45.50:367][  0]LogTemp: Display: Loaded TP Android_ATCTargetPlatform
[2018.03.26-20.45.50:445][  0]LogTemp: Display: Loaded TP Android_DXTTargetPlatform
[2018.03.26-20.45.50:523][  0]LogTemp: Display: Loaded TP Android_ETC1TargetPlatform
[2018.03.26-20.45.50:600][  0]LogTemp: Display: Loaded TP Android_ETC2TargetPlatform
[2018.03.26-20.45.50:754][  0]LogTemp: Display: Loaded TP Android_MultiTargetPlatform
[2018.03.26-20.45.50:754][  0]LogTemp: Display: Loaded TP Android_PVRTCTargetPlatform
[2018.03.26-20.45.50:832][  0]LogTemp: Display: Loaded TP AndroidTargetPlatform
[2018.03.26-20.45.50:884][  0]LogTemp: Display: Loaded TP HTML5TargetPlatform
[2018.03.26-20.45.51:002][  0]LogTemp: Display: Loaded TP IOSTargetPlatform
[2018.03.26-20.45.51:047][  0]LogTemp: Display: Loaded TP TVOSTargetPlatform
[2018.03.26-20.45.51:124][  0]LogTemp: Display: Loaded TP LinuxClientTargetPlatform
[2018.03.26-20.45.51:202][  0]LogTemp: Display: Loaded TP LinuxNoEditorTargetPlatform
[2018.03.26-20.45.51:281][  0]LogTemp: Display: Loaded TP LinuxServerTargetPlatform
[2018.03.26-20.45.51:359][  0]LogTemp: Display: Loaded TP LinuxTargetPlatform
[2018.03.26-20.45.51:359][  0]LogTargetPlatformManager: Display: Building Assets For Windows
[2018.03.26-20.45.51:904][  0]LogDerivedDataCache: Display: Max Cache Size: 512 MB
[2018.03.26-20.45.51:990][  0]LogDerivedDataCache: Loaded boot cache 0.09s 71MB C:/Users/Jorge/AppData/Local/UnrealEngine/4.18/DerivedDataCache/Boot.ddc.
[2018.03.26-20.45.51:990][  0]LogDerivedDataCache: Display: Loaded Boot cache: C:/Users/Jorge/AppData/Local/UnrealEngine/4.18/DerivedDataCache/Boot.ddc
[2018.03.26-20.45.51:990][  0]LogDerivedDataCache: FDerivedDataBackendGraph:  Pak pak cache file ../../../../MyProject2/DerivedDataCache/DDC.ddp not found, will not use a pak cache.
[2018.03.26-20.45.51:990][  0]LogDerivedDataCache: Unable to find inner node Pak for hierarchical cache Hierarchy.
[2018.03.26-20.45.51:990][  0]LogDerivedDataCache: FDerivedDataBackendGraph:  CompressedPak pak cache file ../../../../MyProject2/DerivedDataCache/Compressed.ddp not found, will not use a pak cache.
[2018.03.26-20.45.51:990][  0]LogDerivedDataCache: Unable to find inner node CompressedPak for hierarchical cache Hierarchy.
[2018.03.26-20.45.52:009][  0]LogDerivedDataCache: Display: Pak cache opened for reading ../../../Engine/DerivedDataCache/Compressed.ddp.
[2018.03.26-20.45.52:021][  0]LogDerivedDataCache: Using Local data cache path C:/Users/Jorge/AppData/Local/UnrealEngine/Common/DerivedDataCache: Writable
[2018.03.26-20.45.52:033][  0]LogMaterial: Verifying Global Shaders for PCD3D_SM5
[2018.03.26-20.45.52:033][  0]LogSlate: Using Freetype 2.6.0
[2018.03.26-20.45.52:034][  0]LogSlate: SlateFontCache - WITH_FREETYPE: 1, WITH_HARFBUZZ: 1
[2018.03.26-20.45.52:034][  0]LogSlate: SlateFontCache - WITH_FREETYPE: 1, WITH_HARFBUZZ: 1
[2018.03.26-20.45.53:078][  0]LogInit: Selected Device Profile: [Windows]
[2018.03.26-20.45.53:476][  0]LogSimplygon: Simplygon DLL not present - disabling.
[2018.03.26-20.45.53:529][  0]LogMeshReduction: Using SimplygonSwarm for distributed automatic mesh merging
[2018.03.26-20.45.53:529][  0]LogMeshReduction: Using QuadricMeshReduction for automatic static mesh reduction
[2018.03.26-20.45.53:529][  0]LogMeshReduction: No automatic skeletal mesh reduction module available
[2018.03.26-20.45.53:529][  0]LogMeshReduction: No automatic mesh merging module available
[2018.03.26-20.45.53:529][  0]LogMeshMerging: No automatic mesh merging module available
[2018.03.26-20.45.53:563][  0]LogNetVersion: MyProject2 , NetCL: 3709383, EngineNetVer: 2, GameNetVer: 0 (Checksum: 4016851739)
[2018.03.26-20.45.53:767][  0]LogAssetRegistry: FAssetRegistry took 0.0373 seconds to start up
[2018.03.26-20.45.54:710][  0]LogPackageLocalizationCache: Processed 7 localized package path(s) for 1 prioritized culture(s) in 0.260324 seconds
[2018.03.26-20.45.54:715][  0]LogUObjectArray: 35870 objects as part of root set at end of initial load.
[2018.03.26-20.45.54:715][  0]LogUObjectAllocator: 7363704 out of 0 bytes used by permanent object pool.
[2018.03.26-20.45.54:715][  0]LogUObjectArray: CloseDisregardForGC: 0/0 objects in disregard for GC pool
[2018.03.26-20.45.54:775][  0]LogInit: WinSock: version 1.1 (2.2), MaxSocks=32767, MaxUdp=65467
[2018.03.26-20.45.57:972][  0]LogTcpMessaging: Initializing TcpMessaging bridge
[2018.03.26-20.45.58:017][  0]LogUdpMessaging: Initializing bridge on interface 0.0.0.0:0 to multicast group 230.0.0.1:6666.
[2018.03.26-20.45.58:905][  0]LogMaterial: Uniform references updated for custom material expression Custom.
[2018.03.26-20.45.59:489][  0]SourceControl: Source control is disabled
[2018.03.26-20.46.00:692][  0]LogAndroidPermission: UAndroidPermissionCallbackProxy::GetInstance
[2018.03.26-20.46.01:037][  0]LogOcInput: OculusInput pre-init called
[2018.03.26-20.46.01:401][  0]LogEngine: Initializing Engine...
[2018.03.26-20.46.01:404][  0]LogHMD: Failed to initialize OpenVR with code 110
[2018.03.26-20.46.01:681][  0]LogStats: UGameplayTagsManager::ConstructGameplayTagTree: Construct from data asset -  0.000 s
[2018.03.26-20.46.01:681][  0]LogStats: UGameplayTagsManager::ConstructGameplayTagTree: GameplayTagTreeChangedEvent.Broadcast -  0.000 s
[2018.03.26-20.46.01:847][  0]LogAIModule: Creating AISystem for world Untitled
[2018.03.26-20.46.01:863][  0]LogInit: XAudio2 using 'Altavoces (Realtek High Definition Audio)' : 2 channels at 48 kHz using 32 bits per sample (channel mask 0x3)
[2018.03.26-20.46.01:871][  0]LogInit: FAudioDevice initialized.
[2018.03.26-20.46.01:957][  0]LogDerivedDataCache: Saved boot cache 0.09s 78MB C:/Users/Jorge/AppData/Local/UnrealEngine/4.18/DerivedDataCache/Boot.ddc.
[2018.03.26-20.46.01:972][  0]LogInit: Texture streaming: Enabled
[2018.03.26-20.46.02:088][  0]LogEngineSessionManager: EngineSessionManager initialized
[2018.03.26-20.46.02:257][  0]LogInit: Transaction tracking system initialized
[2018.03.26-20.46.02:673][  0]BlueprintLog: New page: Editor Load
[2018.03.26-20.46.03:819][  0]LocalizationService: Localization service is disabled
[2018.03.26-20.46.05:080][  0]LogConsoleResponse: Display: 
[2018.03.26-20.46.05:285][  0]LogCook: Display: Max memory allowance for cook 16384mb min free memory 0mb
[2018.03.26-20.46.05:285][  0]LogCook: Display: Mobile HDR setting 1
[2018.03.26-20.46.05:285][  0]LogGameplayTags: Display: UGameplayTagsManager::DoneAddingNativeTags. DelegateIsBound: 0
[2018.03.26-20.46.05:552][  0]LogFileCache: Scanning file cache for directory 'F:/Proyectos_Unreal/MyProject2/Content/' took 0.05s
[2018.03.26-20.46.06:843][  0]Cmd: MAP LOAD FILE="../../../../MyProject2/Content/FirstPersonBP/Maps/FirstPersonExampleMap.umap" TEMPLATE=0 SHOWPROGRESS=1 FEATURELEVEL=3
[2018.03.26-20.46.06:844][  0]LightingResults: New page: Lighting Build
[2018.03.26-20.46.06:897][  0]MapCheck: New page: Map Check
[2018.03.26-20.46.06:897][  0]LightingResults: New page: Lighting Build
[2018.03.26-20.46.07:760][  0]LogAIModule: Creating AISystem for world FirstPersonExampleMap
[2018.03.26-20.46.07:805][  0]LogEditorServer: Finished looking for orphan Actors (0.000 secs)
[2018.03.26-20.46.07:821][  0]Cmd: MAP CHECKDEP NOCLEARLOG
[2018.03.26-20.46.07:894][  0]MapCheck: Map check complete: 0 Error(s), 0 Warning(s), took 73ms to complete.
[2018.03.26-20.46.07:894][  0]LogFileHelpers: Loading map 'FirstPersonExampleMap' took 1.051
[2018.03.26-20.46.08:075][  0]LogCollectionManager: Loaded 0 collections in 0.015455 seconds
[2018.03.26-20.46.08:206][  0]LogFileCache: Scanning file cache for directory 'F:/Proyectos_Unreal/MyProject2/Saved/Collections/' took 0.01s
[2018.03.26-20.46.08:206][  0]LogFileCache: Scanning file cache for directory 'F:/Proyectos_Unreal/MyProject2/Content/Developers/Jorge/Collections/' took 0.02s
[2018.03.26-20.46.08:206][  0]LogFileCache: Scanning file cache for directory 'F:/Proyectos_Unreal/MyProject2/Content/Collections/' took 0.01s
[2018.03.26-20.46.08:206][  0]LogCollectionManager: Rebuilt the GUID cache for 0 collections in 0.000000 seconds
[2018.03.26-20.46.08:215][  0]LogContentBrowser: Native class hierarchy populated in 0.0095 seconds. Added 2363 classes and 519 folders.
[2018.03.26-20.46.08:298][  0]LogContentBrowser: Native class hierarchy updated for 'WidgetCarousel' in 0.0002 seconds. Added 0 classes and 0 folders.
[2018.03.26-20.46.08:343][  0]LogContentBrowser: Native class hierarchy updated for 'AddContentDialog' in 0.0002 seconds. Added 0 classes and 0 folders.
[2018.03.26-20.46.08:401][  0]LogContentBrowser: Native class hierarchy updated for 'SceneOutliner' in 0.0003 seconds. Added 1 classes and 2 folders.
[2018.03.26-20.46.08:419][  0]LogSlate: Took 0.000186 seconds to synchronously load lazily loaded font '../../../Engine/Content/Slate/Fonts/Roboto-Regular.ttf' (155K)
[2018.03.26-20.46.08:421][  0]LogSlate: Took 0.000154 seconds to synchronously load lazily loaded font '../../../Engine/Content/Slate/Fonts/Roboto-Bold.ttf' (160K)
[2018.03.26-20.46.08:426][  0]LogSlate: Took 0.000151 seconds to synchronously load lazily loaded font '../../../Engine/Content/Editor/Slate/Fonts/FontAwesome.ttf' (139K)
[2018.03.26-20.46.08:541][  0]LogRenderer: Reallocating scene render targets to support 1208x576 Format 9 NumSamples 1 (Frame:1).
[2018.03.26-20.46.08:602][  0]LogSlate: Took 0.000191 seconds to synchronously load lazily loaded font '../../../Engine/Content/Slate/Fonts/Roboto-Light.ttf' (159K)
[2018.03.26-20.46.08:750][  0]LogContentBrowser: Native class hierarchy updated for 'HierarchicalLODOutliner' in 0.0003 seconds. Added 1 classes and 2 folders.
[2018.03.26-20.46.08:750][  0]LogLoad: (Engine Initialization) Total time: 25.02 seconds
[2018.03.26-20.46.08:750][  0]LogLoad: (Engine Initialization) Total Blueprint compile time: 0.00 seconds
[2018.03.26-20.46.08:750][  0]LogExternalProfiler: No external profilers were discovered.  External profiling features will not be available.
[2018.03.26-20.46.09:182][  0]LogContentStreaming: Texture pool size now 400 MB
[2018.03.26-20.46.09:434][  1]LogAssetRegistry: Asset discovery search completed in 15.6874 seconds
[2018.03.26-20.46.09:436][  1]LogCollectionManager: Rebuilt the object cache for 0 collections in 0.000001 seconds (found 0 objects)
[2018.03.26-20.46.09:437][  1]LogCollectionManager: Fixed up redirectors for 0 collections in 0.000060 seconds (updated 0 objects)
[2018.03.26-20.46.10:099][  3]LogSlate: Took 0.000628 seconds to synchronously load lazily loaded font '../../../Engine/Content/Slate/Fonts/Roboto-Light.ttf' (159K)
[2018.03.26-20.46.15:615][544]LogSlate: Took 0.000152 seconds to synchronously load lazily loaded font '../../../Engine/Content/Slate/Fonts/Roboto-Light.ttf' (159K)
[2018.03.26-20.46.38:871][194]LogSlate: Took 0.000184 seconds to synchronously load lazily loaded font '../../../Engine/Content/Editor/Slate/Fonts/Roboto-BoldCondensed.ttf' (158K)
[2018.03.26-20.47.48:446][204]Cmd: OBJ SAVEPACKAGE PACKAGE="/Game/Enemy/EnemyBlackboard" FILE="../../../../MyProject2/Content/Enemy/EnemyBlackboard.uasset" SILENT=true
[2018.03.26-20.47.48:572][204]LogSavePackage: Save=32.56ms
[2018.03.26-20.47.48:572][204]LogSavePackage: Moving '../../../../MyProject2/Saved/EnemyBlackboardA189049147E847C2B9B2D9B747771693.tmp' to '../../../../MyProject2/Content/Enemy/EnemyBlackboard.uasset'
[2018.03.26-20.47.48:626][204]LogSavePackage: Display: Finished SavePackage ../../../../MyProject2/Content/Enemy/EnemyBlackboard.uasset
[2018.03.26-20.48.12:711][940]Cmd: OBJ SAVEPACKAGE PACKAGE="/Game/Enemy/EnemyBlackboard" FILE="../../../../MyProject2/Content/Enemy/EnemyBlackboard.uasset" SILENT=true
[2018.03.26-20.48.12:807][940]LogSavePackage: Save=8.90ms
[2018.03.26-20.48.12:807][940]LogSavePackage: Moving '../../../../MyProject2/Saved/EnemyBlackboard641C57924175D53E61F1DCA63810827D.tmp' to '../../../../MyProject2/Content/Enemy/EnemyBlackboard.uasset'
[2018.03.26-20.48.12:865][940]LogSavePackage: Display: Finished SavePackage ../../../../MyProject2/Content/Enemy/EnemyBlackboard.uasset
[2018.03.26-20.54.02:413][ 75]Cmd: OBJ SAVEPACKAGE PACKAGE="/Game/Enemy/EnemyBehavior" FILE="../../../../MyProject2/Content/Enemy/EnemyBehavior.uasset" SILENT=true
[2018.03.26-20.54.02:693][ 75]LogSavePackage: Save=176.58ms
[2018.03.26-20.54.02:693][ 75]LogSavePackage: Moving '../../../../MyProject2/Saved/EnemyBehavior34C3582340EE36F8C5517D838CFF2BA7.tmp' to '../../../../MyProject2/Content/Enemy/EnemyBehavior.uasset'
[2018.03.26-20.54.02:740][ 75]LogSavePackage: Display: Finished SavePackage ../../../../MyProject2/Content/Enemy/EnemyBehavior.uasset
[2018.03.26-20.55.31:678][911]LogBlueprint: Warning: [Compiler Ue4ASP_Character] InputAction Event references unknown Action 'Crouch' for  InputAction Crouch
[2018.03.26-20.55.31:691][911]LogBlueprint: Warning: [Compiler Ue4ASP_Character] [0587.96] Compile of Ue4ASP_Character successful, but with 1 Warning(s) [in 43 ms] (/Game/AnimStarterPack/Ue4ASP_Character.Ue4ASP_Character)
[2018.03.26-20.55.32:325][911]LogAIModule: Creating AISystem for world IAMAP
[2018.03.26-20.55.32:348][911]Cmd: MAP LOAD FILE="../../../../MyProject2/Content/FirstPersonBP/Maps/IAMAP.umap" TEMPLATE=0 SHOWPROGRESS=1 FEATURELEVEL=3
[2018.03.26-20.55.32:348][911]LightingResults: New page: Lighting Build
[2018.03.26-20.55.32:349][911]LoadErrors: New page: Loading map: IAMAP.umap
[2018.03.26-20.55.32:351][911]MapCheck: New page: Map Check
[2018.03.26-20.55.32:351][911]LightingResults: New page: Lighting Build
[2018.03.26-20.55.32:374][911]LogEditorServer: Finished looking for orphan Actors (0.000 secs)
[2018.03.26-20.55.32:553][911]Cmd: MAP CHECKDEP NOCLEARLOG
[2018.03.26-20.55.32:714][911]MapCheck: Map check complete: 0 Error(s), 0 Warning(s), took 160.869ms to complete.
[2018.03.26-20.55.32:714][911]LogFileHelpers: Loading map 'IAMAP' took 0.368
[2018.03.26-20.55.38:566][576]LogEditorViewport: Clicking on Actor (LMB): StaticMeshActor (Floor)
[2018.03.26-20.55.39:478][669]LogEditorViewport: Clicking on Actor (LMB): StaticMeshActor (Floor)
[2018.03.26-20.55.40:038][728]LogEditorViewport: Clicking on Actor (LMB): TargetPoint (PatrolPoint2)
[2018.03.26-20.55.54:409][127]LogEditorViewport: Clicking on Actor (LMB): EnemyCharacter_C (Enemy1)
[2018.03.26-20.55.55:385][206]LogSlate: Took 0.000213 seconds to synchronously load lazily loaded font '../../../Engine/Content/Editor/Slate/Fonts/Roboto-Italic.ttf' (157K)
[2018.03.26-20.56.06:211][192]Cmd: OBJ SAVEPACKAGE PACKAGE="/Game/FirstPersonBP/Maps/IAMAP" FILE="../../../../MyProject2/Content/FirstPersonBP/Maps/IAMAP.umap" SILENT=true AUTOSAVING=false KEEPDIRTY=false
[2018.03.26-20.56.07:295][192]LogSlate: Took 0.000184 seconds to synchronously load lazily loaded font '../../../Engine/Content/Slate/Fonts/Roboto-Regular.ttf' (155K)
[2018.03.26-20.56.07:668][192]LogSavePackage: Save=1336.18ms
[2018.03.26-20.56.07:668][192]LogSavePackage: Moving '../../../../MyProject2/Saved/IAMAPB94F44FF4F1CEA7EEF57DF888AFD7368.tmp' to '../../../../MyProject2/Content/FirstPersonBP/Maps/IAMAP.umap'
[2018.03.26-20.56.07:755][192]LogSavePackage: Display: Finished SavePackage ../../../../MyProject2/Content/FirstPersonBP/Maps/IAMAP.umap
[2018.03.26-20.56.14:789][821]LogPlayLevel: PlayLevel: No blueprints needed recompiling
[2018.03.26-20.56.14:790][821]PIE: New page: SIE session: IAMAP (Mar 27, 2018, 12:56:14 AM)
[2018.03.26-20.56.14:790][821]LogPlayLevel: Creating play world package: /Game/FirstPersonBP/Maps/UEDPIE_0_IAMAP
[2018.03.26-20.56.14:799][821]LogPlayLevel: PIE: StaticDuplicateObject took: (0.008407s)
[2018.03.26-20.56.14:800][821]LogAIModule: Creating AISystem for world IAMAP
[2018.03.26-20.56.14:800][821]LogPlayLevel: PIE: World Init took: (0.001098s)
[2018.03.26-20.56.14:800][821]LogPlayLevel: PIE: Created PIE world by copying editor world from /Game/FirstPersonBP/Maps/IAMAP.IAMAP to /Game/FirstPersonBP/Maps/UEDPIE_0_IAMAP.IAMAP (0.009944s)
[2018.03.26-20.56.14:848][821]LogInit: XAudio2 using 'Altavoces (Realtek High Definition Audio)' : 2 channels at 48 kHz using 32 bits per sample (channel mask 0x3)
[2018.03.26-20.56.14:853][821]LogInit: FAudioDevice initialized.
[2018.03.26-20.56.14:893][821]LogLoad: Game class is 'FirstPersonGameMode_C'
[2018.03.26-20.56.14:903][821]LogWorld: Bringing World /Game/FirstPersonBP/Maps/UEDPIE_0_IAMAP.IAMAP up for play (max tick rate 0) at 2018.03.26-22.56.14
[2018.03.26-20.56.14:904][821]LogWorld: Bringing up level for play took: 0.007924
[2018.03.26-20.56.14:973][821]LogContentBrowser: Native class hierarchy updated for 'MovieSceneCapture' in 0.0004 seconds. Added 11 classes and 0 folders.
[2018.03.26-20.56.14:976][821]PIE: Play in editor start time for /Game/FirstPersonBP/Maps/UEDPIE_0_IAMAP -0.303
[2018.03.26-20.57.15:930][760]LogEditorViewport: Clicking on Actor (LMB): StaticMeshActor (Floor)
[2018.03.26-20.57.17:038][875]LogEditorViewport: Clicking on Actor (LMB): TargetPoint (PatrolPoint1)
[2018.03.26-20.57.19:445][129]LogEditorViewport: Clicking on Actor (LMB): EnemyCharacter_C (Enemy1)
[2018.03.26-20.57.30:803][110]LogContentBrowser: Native class hierarchy updated for 'BlueprintGraph' in 0.0007 seconds. Added 116 classes and 0 folders.
[2018.03.26-20.58.20:891][939]LogTemp: Repeating last play command: Simulate
[2018.03.26-20.58.21:389][939]LogPlayLevel: PlayLevel: No blueprints needed recompiling
[2018.03.26-20.58.21:389][939]PIE: New page: SIE session: IAMAP (Mar 27, 2018, 12:58:21 AM)
[2018.03.26-20.58.21:390][939]LogPlayLevel: Creating play world package: /Game/FirstPersonBP/Maps/UEDPIE_0_IAMAP
[2018.03.26-20.58.21:400][939]LogPlayLevel: PIE: StaticDuplicateObject took: (0.009887s)
[2018.03.26-20.58.21:401][939]LogAIModule: Creating AISystem for world IAMAP
[2018.03.26-20.58.21:401][939]LogPlayLevel: PIE: World Init took: (0.001335s)
[2018.03.26-20.58.21:401][939]LogPlayLevel: PIE: Created PIE world by copying editor world from /Game/FirstPersonBP/Maps/IAMAP.IAMAP to /Game/FirstPersonBP/Maps/UEDPIE_0_IAMAP.IAMAP (0.011724s)
[2018.03.26-20.58.21:436][939]LogInit: XAudio2 using 'Altavoces (Realtek High Definition Audio)' : 2 channels at 48 kHz using 32 bits per sample (channel mask 0x3)
[2018.03.26-20.58.21:441][939]LogInit: FAudioDevice initialized.
[2018.03.26-20.58.21:477][939]LogLoad: Game class is 'FirstPersonGameMode_C'
[2018.03.26-20.58.21:481][939]LogWorld: Bringing World /Game/FirstPersonBP/Maps/UEDPIE_0_IAMAP.IAMAP up for play (max tick rate 0) at 2018.03.26-22.58.21
[2018.03.26-20.58.21:482][939]LogWorld: Bringing up level for play took: 0.003806
[2018.03.26-20.58.21:485][939]PIE: Play in editor start time for /Game/FirstPersonBP/Maps/UEDPIE_0_IAMAP 0.206
[2018.03.26-21.03.56:591][890]LogEditorViewport: Clicking on Actor (LMB): TargetPoint (PatrolPoint2)
[2018.03.26-21.04.07:736][ 31]LogActorFactory: Actor Factory created Cone
[2018.03.26-21.04.10:019][245]LogActorFactory: Actor Factory created Cone
[2018.03.26-21.05.50:384][126]LogTemp: Repeating last play command: Simulate
[2018.03.26-21.05.50:416][126]LogPlayLevel: PlayLevel: No blueprints needed recompiling
[2018.03.26-21.05.50:416][126]PIE: New page: SIE session: IAMAP (Mar 27, 2018, 1:05:50 AM)
[2018.03.26-21.05.50:416][126]LogPlayLevel: Creating play world package: /Game/FirstPersonBP/Maps/UEDPIE_0_IAMAP
[2018.03.26-21.05.50:421][126]LogPlayLevel: PIE: StaticDuplicateObject took: (0.004671s)
[2018.03.26-21.05.50:421][126]LogAIModule: Creating AISystem for world IAMAP
[2018.03.26-21.05.50:421][126]LogPlayLevel: PIE: World Init took: (0.000620s)
[2018.03.26-21.05.50:421][126]LogPlayLevel: PIE: Created PIE world by copying editor world from /Game/FirstPersonBP/Maps/IAMAP.IAMAP to /Game/FirstPersonBP/Maps/UEDPIE_0_IAMAP.IAMAP (0.005566s)
[2018.03.26-21.05.50:445][126]LogInit: XAudio2 using 'Altavoces (Realtek High Definition Audio)' : 2 channels at 48 kHz using 32 bits per sample (channel mask 0x3)
[2018.03.26-21.05.50:450][126]LogInit: FAudioDevice initialized.
[2018.03.26-21.05.50:479][126]LogLoad: Game class is 'FirstPersonGameMode_C'
[2018.03.26-21.05.50:483][126]LogWorld: Bringing World /Game/FirstPersonBP/Maps/UEDPIE_0_IAMAP.IAMAP up for play (max tick rate 0) at 2018.03.26-23.05.50
[2018.03.26-21.05.50:484][126]LogWorld: Bringing up level for play took: 0.003785
[2018.03.26-21.05.50:487][126]PIE: Play in editor start time for /Game/FirstPersonBP/Maps/UEDPIE_0_IAMAP -0.794
[2018.03.26-21.06.27:958][252]LogEditorViewport: Clicking on Actor (LMB): StaticMeshActor (Cone)
[2018.03.26-21.06.32:432][515]LogEditorViewport: Clicking on Actor (LMB): StaticMeshActor (Floor)
[2018.03.26-21.06.33:071][551]LogEditorViewport: Clicking on Actor (LMB): StaticMeshActor (Floor)
[2018.03.26-21.06.33:886][602]LogEditorViewport: Clicking on Actor (LMB): TargetPoint (PatrolPoint2)
[2018.03.26-21.06.42:245][ 93]LogEditorViewport: Clicking on Actor (LMB): StaticMeshActor (Floor)
[2018.03.26-21.06.42:888][130]LogEditorViewport: Clicking on Actor (LMB): StaticMeshActor (Floor)
[2018.03.26-21.06.43:496][168]LogEditorViewport: Clicking on Actor (LMB): TargetPoint (PatrolPoint1)
[2018.03.26-21.06.52:497][720]LogTemp: Repeating last play command: Simulate
[2018.03.26-21.06.52:528][720]LogPlayLevel: PlayLevel: No blueprints needed recompiling
[2018.03.26-21.06.52:528][720]PIE: New page: SIE session: IAMAP (Mar 27, 2018, 1:06:52 AM)
[2018.03.26-21.06.52:528][720]LogPlayLevel: Creating play world package: /Game/FirstPersonBP/Maps/UEDPIE_0_IAMAP
[2018.03.26-21.06.52:533][720]LogPlayLevel: PIE: StaticDuplicateObject took: (0.004713s)
[2018.03.26-21.06.52:533][720]LogAIModule: Creating AISystem for world IAMAP
[2018.03.26-21.06.52:534][720]LogPlayLevel: PIE: World Init took: (0.000630s)
[2018.03.26-21.06.52:534][720]LogPlayLevel: PIE: Created PIE world by copying editor world from /Game/FirstPersonBP/Maps/IAMAP.IAMAP to /Game/FirstPersonBP/Maps/UEDPIE_0_IAMAP.IAMAP (0.005609s)
[2018.03.26-21.06.52:556][720]LogInit: XAudio2 using 'Altavoces (Realtek High Definition Audio)' : 2 channels at 48 kHz using 32 bits per sample (channel mask 0x3)
[2018.03.26-21.06.52:560][720]LogInit: FAudioDevice initialized.
[2018.03.26-21.06.52:587][720]LogLoad: Game class is 'FirstPersonGameMode_C'
[2018.03.26-21.06.52:593][720]LogWorld: Bringing World /Game/FirstPersonBP/Maps/UEDPIE_0_IAMAP.IAMAP up for play (max tick rate 0) at 2018.03.26-23.06.52
[2018.03.26-21.06.52:594][720]LogWorld: Bringing up level for play took: 0.005678
[2018.03.26-21.06.52:598][720]PIE: Play in editor start time for /Game/FirstPersonBP/Maps/UEDPIE_0_IAMAP -0.682
[2018.03.26-21.07.14:050][ 91]Cmd: OBJ SAVEPACKAGE PACKAGE="/Game/Enemy/EnemyBehavior" FILE="../../../../MyProject2/Content/Enemy/EnemyBehavior.uasset" SILENT=true
[2018.03.26-21.07.14:358][ 91]LogSavePackage: Save=142.84ms
[2018.03.26-21.07.14:358][ 91]LogSavePackage: Moving '../../../../MyProject2/Saved/EnemyBehavior43FC11EC4D98843D963BD193A611A12C.tmp' to '../../../../MyProject2/Content/Enemy/EnemyBehavior.uasset'
[2018.03.26-21.07.14:413][ 91]LogSavePackage: Display: Finished SavePackage ../../../../MyProject2/Content/Enemy/EnemyBehavior.uasset
[2018.03.26-21.07.20:716][711]Cmd: OBJ SAVEPACKAGE PACKAGE="/Game/Enemy/EnemyBehavior" FILE="../../../../MyProject2/Content/Enemy/EnemyBehavior.uasset" SILENT=true
[2018.03.26-21.07.20:976][711]LogSavePackage: Save=149.10ms
[2018.03.26-21.07.20:976][711]LogSavePackage: Moving '../../../../MyProject2/Saved/EnemyBehavior40D8412A419D265EF0C21EB2DE8B92AC.tmp' to '../../../../MyProject2/Content/Enemy/EnemyBehavior.uasset'
[2018.03.26-21.07.21:064][711]LogSavePackage: Display: Finished SavePackage ../../../../MyProject2/Content/Enemy/EnemyBehavior.uasset
[2018.03.26-21.07.21:956][796]LogTemp: Repeating last play command: Simulate
[2018.03.26-21.07.21:990][796]LogPlayLevel: PlayLevel: No blueprints needed recompiling
[2018.03.26-21.07.21:991][796]PIE: New page: SIE session: IAMAP (Mar 27, 2018, 1:07:21 AM)
[2018.03.26-21.07.21:991][796]LogPlayLevel: Creating play world package: /Game/FirstPersonBP/Maps/UEDPIE_0_IAMAP
[2018.03.26-21.07.21:996][796]LogPlayLevel: PIE: StaticDuplicateObject took: (0.004787s)
[2018.03.26-21.07.21:996][796]LogAIModule: Creating AISystem for world IAMAP
[2018.03.26-21.07.21:996][796]LogPlayLevel: PIE: World Init took: (0.000635s)
[2018.03.26-21.07.21:996][796]LogPlayLevel: PIE: Created PIE world by copying editor world from /Game/FirstPersonBP/Maps/IAMAP.IAMAP to /Game/FirstPersonBP/Maps/UEDPIE_0_IAMAP.IAMAP (0.005686s)
[2018.03.26-21.07.22:018][796]LogInit: XAudio2 using 'Altavoces (Realtek High Definition Audio)' : 2 channels at 48 kHz using 32 bits per sample (channel mask 0x3)
[2018.03.26-21.07.22:022][796]LogInit: FAudioDevice initialized.
[2018.03.26-21.07.22:055][796]LogLoad: Game class is 'FirstPersonGameMode_C'
[2018.03.26-21.07.22:059][796]LogWorld: Bringing World /Game/FirstPersonBP/Maps/UEDPIE_0_IAMAP.IAMAP up for play (max tick rate 0) at 2018.03.26-23.07.22
[2018.03.26-21.07.22:059][796]LogWorld: Bringing up level for play took: 0.003927
[2018.03.26-21.07.22:062][796]PIE: Play in editor start time for /Game/FirstPersonBP/Maps/UEDPIE_0_IAMAP 0.781
[2018.03.26-21.07.59:911][128]LogSlate: Warning: Prevented a slow task dialog from being summoned while a context menu was open
[2018.03.26-21.08.35:550][701]Cmd: OBJ SAVEPACKAGE PACKAGE="/Game/FirstPersonBP/Maps/IAMAP" FILE="../../../../MyProject2/Saved/Autosaves/Game/FirstPersonBP/Maps/IAMAP_Auto1.umap" SILENT=true AUTOSAVING=true KEEPDIRTY=false
[2018.03.26-21.08.36:967][701]LogSavePackage: Save=1290.79ms
[2018.03.26-21.08.36:969][701]LogSavePackage: Moving '../../../../MyProject2/Saved/IAMAP_Auto1F12DF2EB4DE4417352E2D4B2C89FADBD.tmp' to '../../../../MyProject2/Saved/Autosaves/Game/FirstPersonBP/Maps/IAMAP_Auto1.umap'
[2018.03.26-21.08.37:006][701]LogSavePackage: Display: Finished SavePackage ../../../../MyProject2/Saved/Autosaves/Game/FirstPersonBP/Maps/IAMAP_Auto1.umap
[2018.03.26-21.08.37:018][701]LogFileHelpers: Editor autosave (incl. sublevels) for '/Game/FirstPersonBP/Maps/IAMAP' took 1.505
[2018.03.26-21.08.37:018][701]LogFileHelpers: Editor autosave (incl. sublevels) for all levels took 1.505
[2018.03.26-21.09.11:631][595]Cmd: OBJ SAVEPACKAGE PACKAGE="/Game/Enemy/EnemyBehavior" FILE="../../../../MyProject2/Content/Enemy/EnemyBehavior.uasset" SILENT=true
[2018.03.26-21.09.11:888][595]LogSavePackage: Save=135.48ms
[2018.03.26-21.09.11:888][595]LogSavePackage: Moving '../../../../MyProject2/Saved/EnemyBehavior2FFAB43B49671148C7FF8CB4CD5DB786.tmp' to '../../../../MyProject2/Content/Enemy/EnemyBehavior.uasset'
[2018.03.26-21.09.11:935][595]LogSavePackage: Display: Finished SavePackage ../../../../MyProject2/Content/Enemy/EnemyBehavior.uasset
[2018.03.26-21.09.13:154][711]LogTemp: Repeating last play command: Simulate
[2018.03.26-21.09.13:229][711]LogPlayLevel: PlayLevel: No blueprints needed recompiling
[2018.03.26-21.09.13:229][711]PIE: New page: SIE session: IAMAP (Mar 27, 2018, 1:09:13 AM)
[2018.03.26-21.09.13:229][711]LogPlayLevel: Creating play world package: /Game/FirstPersonBP/Maps/UEDPIE_0_IAMAP
[2018.03.26-21.09.13:236][711]LogPlayLevel: PIE: StaticDuplicateObject took: (0.006387s)
[2018.03.26-21.09.13:236][711]LogAIModule: Creating AISystem for world IAMAP
[2018.03.26-21.09.13:237][711]LogPlayLevel: PIE: World Init took: (0.000926s)
[2018.03.26-21.09.13:237][711]LogPlayLevel: PIE: Created PIE world by copying editor world from /Game/FirstPersonBP/Maps/IAMAP.IAMAP to /Game/FirstPersonBP/Maps/UEDPIE_0_IAMAP.IAMAP (0.007682s)
[2018.03.26-21.09.13:264][711]LogInit: XAudio2 using 'Altavoces (Realtek High Definition Audio)' : 2 channels at 48 kHz using 32 bits per sample (channel mask 0x3)
[2018.03.26-21.09.13:269][711]LogInit: FAudioDevice initialized.
[2018.03.26-21.09.13:303][711]LogLoad: Game class is 'FirstPersonGameMode_C'
[2018.03.26-21.09.13:307][711]LogWorld: Bringing World /Game/FirstPersonBP/Maps/UEDPIE_0_IAMAP.IAMAP up for play (max tick rate 0) at 2018.03.26-23.09.13
[2018.03.26-21.09.13:308][711]LogWorld: Bringing up level for play took: 0.004033
[2018.03.26-21.09.13:311][711]PIE: Play in editor start time for /Game/FirstPersonBP/Maps/UEDPIE_0_IAMAP 0.029
[2018.03.26-21.10.50:981][770]Cmd: OBJ SAVEPACKAGE PACKAGE="/Game/Enemy/EnemyBehavior" FILE="../../../../MyProject2/Content/Enemy/EnemyBehavior.uasset" SILENT=true
[2018.03.26-21.10.51:713][770]LogSavePackage: Save=157.43ms
[2018.03.26-21.10.51:713][770]LogSavePackage: Moving '../../../../MyProject2/Saved/EnemyBehavior2759D9DE44184E6E8B08A193DC1EEF73.tmp' to '../../../../MyProject2/Content/Enemy/EnemyBehavior.uasset'
[2018.03.26-21.10.51:764][770]LogSavePackage: Display: Finished SavePackage ../../../../MyProject2/Content/Enemy/EnemyBehavior.uasset
[2018.03.26-21.10.51:777][770]Cmd: OBJ SAVEPACKAGE PACKAGE="/Game/Enemy/EnemyBlackboard" FILE="../../../../MyProject2/Content/Enemy/EnemyBlackboard.uasset" SILENT=true
[2018.03.26-21.10.51:922][770]LogSavePackage: Save=13.96ms
[2018.03.26-21.10.51:922][770]LogSavePackage: Moving '../../../../MyProject2/Saved/EnemyBlackboard6F34F9454DBABB9C28BE0982281C1829.tmp' to '../../../../MyProject2/Content/Enemy/EnemyBlackboard.uasset'
[2018.03.26-21.10.51:962][770]LogSavePackage: Display: Finished SavePackage ../../../../MyProject2/Content/Enemy/EnemyBlackboard.uasset
[2018.03.26-21.10.55:239][148]LogTemp: Repeating last play command: Simulate
[2018.03.26-21.10.55:268][148]LogPlayLevel: PlayLevel: No blueprints needed recompiling
[2018.03.26-21.10.55:268][148]PIE: New page: SIE session: IAMAP (Mar 27, 2018, 1:10:55 AM)
[2018.03.26-21.10.55:268][148]LogPlayLevel: Creating play world package: /Game/FirstPersonBP/Maps/UEDPIE_0_IAMAP
[2018.03.26-21.10.55:273][148]LogPlayLevel: PIE: StaticDuplicateObject took: (0.004715s)
[2018.03.26-21.10.55:274][148]LogAIModule: Creating AISystem for world IAMAP
[2018.03.26-21.10.55:274][148]LogPlayLevel: PIE: World Init took: (0.000648s)
[2018.03.26-21.10.55:274][148]LogPlayLevel: PIE: Created PIE world by copying editor world from /Game/FirstPersonBP/Maps/IAMAP.IAMAP to /Game/FirstPersonBP/Maps/UEDPIE_0_IAMAP.IAMAP (0.005616s)
[2018.03.26-21.10.55:295][148]LogInit: XAudio2 using 'Altavoces (Realtek High Definition Audio)' : 2 channels at 48 kHz using 32 bits per sample (channel mask 0x3)
[2018.03.26-21.10.55:300][148]LogInit: FAudioDevice initialized.
[2018.03.26-21.10.55:333][148]LogLoad: Game class is 'FirstPersonGameMode_C'
[2018.03.26-21.10.55:337][148]LogWorld: Bringing World /Game/FirstPersonBP/Maps/UEDPIE_0_IAMAP.IAMAP up for play (max tick rate 0) at 2018.03.26-23.10.55
[2018.03.26-21.10.55:338][148]LogWorld: Bringing up level for play took: 0.003755
[2018.03.26-21.10.55:341][148]PIE: Play in editor start time for /Game/FirstPersonBP/Maps/UEDPIE_0_IAMAP 0.059
[2018.03.26-21.11.51:965][551]Cmd: OBJ SAVEPACKAGE PACKAGE="/Game/Enemy/EnemyBehavior" FILE="../../../../MyProject2/Content/Enemy/EnemyBehavior.uasset" SILENT=true
[2018.03.26-21.11.52:232][551]LogSavePackage: Save=140.15ms
[2018.03.26-21.11.52:232][551]LogSavePackage: Moving '../../../../MyProject2/Saved/EnemyBehavior21E561A94BCE5DAD3EF7DCB5BC4DA590.tmp' to '../../../../MyProject2/Content/Enemy/EnemyBehavior.uasset'
[2018.03.26-21.11.52:282][551]LogSavePackage: Display: Finished SavePackage ../../../../MyProject2/Content/Enemy/EnemyBehavior.uasset
[2018.03.26-21.11.54:079][729]LogTemp: Repeating last play command: Simulate
[2018.03.26-21.11.54:115][729]LogPlayLevel: PlayLevel: No blueprints needed recompiling
[2018.03.26-21.11.54:115][729]PIE: New page: SIE session: IAMAP (Mar 27, 2018, 1:11:54 AM)
[2018.03.26-21.11.54:115][729]LogPlayLevel: Creating play world package: /Game/FirstPersonBP/Maps/UEDPIE_0_IAMAP
[2018.03.26-21.11.54:120][729]LogPlayLevel: PIE: StaticDuplicateObject took: (0.004593s)
[2018.03.26-21.11.54:120][729]LogAIModule: Creating AISystem for world IAMAP
[2018.03.26-21.11.54:121][729]LogPlayLevel: PIE: World Init took: (0.000625s)
[2018.03.26-21.11.54:121][729]LogPlayLevel: PIE: Created PIE world by copying editor world from /Game/FirstPersonBP/Maps/IAMAP.IAMAP to /Game/FirstPersonBP/Maps/UEDPIE_0_IAMAP.IAMAP (0.005486s)
[2018.03.26-21.11.54:141][729]LogInit: XAudio2 using 'Altavoces (Realtek High Definition Audio)' : 2 channels at 48 kHz using 32 bits per sample (channel mask 0x3)
[2018.03.26-21.11.54:145][729]LogInit: FAudioDevice initialized.
[2018.03.26-21.11.54:178][729]LogLoad: Game class is 'FirstPersonGameMode_C'
[2018.03.26-21.11.54:182][729]LogWorld: Bringing World /Game/FirstPersonBP/Maps/UEDPIE_0_IAMAP.IAMAP up for play (max tick rate 0) at 2018.03.26-23.11.54
[2018.03.26-21.11.54:183][729]LogWorld: Bringing up level for play took: 0.003790
[2018.03.26-21.11.54:186][729]PIE: Play in editor start time for /Game/FirstPersonBP/Maps/UEDPIE_0_IAMAP 0.903
[2018.03.26-21.12.24:914][ 49]Cmd: OBJ SAVEPACKAGE PACKAGE="/Game/Enemy/EnemyBehavior" FILE="../../../../MyProject2/Content/Enemy/EnemyBehavior.uasset" SILENT=true
[2018.03.26-21.12.25:211][ 49]LogSavePackage: Save=154.74ms
[2018.03.26-21.12.25:211][ 49]LogSavePackage: Moving '../../../../MyProject2/Saved/EnemyBehavior5766D34E42B2B244C1EF4D83962D1FAD.tmp' to '../../../../MyProject2/Content/Enemy/EnemyBehavior.uasset'
[2018.03.26-21.12.25:260][ 49]LogSavePackage: Display: Finished SavePackage ../../../../MyProject2/Content/Enemy/EnemyBehavior.uasset
[2018.03.26-21.12.26:250][147]LogTemp: Repeating last play command: Simulate
[2018.03.26-21.12.26:284][147]LogPlayLevel: PlayLevel: No blueprints needed recompiling
[2018.03.26-21.12.26:284][147]PIE: New page: SIE session: IAMAP (Mar 27, 2018, 1:12:26 AM)
[2018.03.26-21.12.26:284][147]LogPlayLevel: Creating play world package: /Game/FirstPersonBP/Maps/UEDPIE_0_IAMAP
[2018.03.26-21.12.26:289][147]LogPlayLevel: PIE: StaticDuplicateObject took: (0.005006s)
[2018.03.26-21.12.26:290][147]LogAIModule: Creating AISystem for world IAMAP
[2018.03.26-21.12.26:290][147]LogPlayLevel: PIE: World Init took: (0.000669s)
[2018.03.26-21.12.26:290][147]LogPlayLevel: PIE: Created PIE world by copying editor world from /Game/FirstPersonBP/Maps/IAMAP.IAMAP to /Game/FirstPersonBP/Maps/UEDPIE_0_IAMAP.IAMAP (0.005952s)
[2018.03.26-21.12.26:310][147]LogInit: XAudio2 using 'Altavoces (Realtek High Definition Audio)' : 2 channels at 48 kHz using 32 bits per sample (channel mask 0x3)
[2018.03.26-21.12.26:314][147]LogInit: FAudioDevice initialized.
[2018.03.26-21.12.26:346][147]LogLoad: Game class is 'FirstPersonGameMode_C'
[2018.03.26-21.12.26:350][147]LogWorld: Bringing World /Game/FirstPersonBP/Maps/UEDPIE_0_IAMAP.IAMAP up for play (max tick rate 0) at 2018.03.26-23.12.26
[2018.03.26-21.12.26:351][147]LogWorld: Bringing up level for play took: 0.003850
[2018.03.26-21.12.26:353][147]PIE: Play in editor start time for /Game/FirstPersonBP/Maps/UEDPIE_0_IAMAP 1.07
[2018.03.26-21.13.15:896][303]Cmd: OBJ SAVEPACKAGE PACKAGE="/Game/Enemy/EnemyBehavior" FILE="../../../../MyProject2/Content/Enemy/EnemyBehavior.uasset" SILENT=true
[2018.03.26-21.13.16:497][303]LogSavePackage: Save=463.24ms
[2018.03.26-21.13.16:497][303]LogSavePackage: Moving '../../../../MyProject2/Saved/EnemyBehavior0CDD7BB3491EEED01CF21B9B920BB9D9.tmp' to '../../../../MyProject2/Content/Enemy/EnemyBehavior.uasset'
[2018.03.26-21.13.16:606][303]LogSavePackage: Display: Finished SavePackage ../../../../MyProject2/Content/Enemy/EnemyBehavior.uasset
[2018.03.26-21.13.18:491][493]LogTemp: Repeating last play command: Simulate
[2018.03.26-21.13.18:527][493]LogPlayLevel: PlayLevel: No blueprints needed recompiling
[2018.03.26-21.13.18:528][493]PIE: New page: SIE session: IAMAP (Mar 27, 2018, 1:13:18 AM)
[2018.03.26-21.13.18:528][493]LogPlayLevel: Creating play world package: /Game/FirstPersonBP/Maps/UEDPIE_0_IAMAP
[2018.03.26-21.13.18:532][493]LogPlayLevel: PIE: StaticDuplicateObject took: (0.004528s)
[2018.03.26-21.13.18:533][493]LogAIModule: Creating AISystem for world IAMAP
[2018.03.26-21.13.18:533][493]LogPlayLevel: PIE: World Init took: (0.000622s)
[2018.03.26-21.13.18:533][493]LogPlayLevel: PIE: Created PIE world by copying editor world from /Game/FirstPersonBP/Maps/IAMAP.IAMAP to /Game/FirstPersonBP/Maps/UEDPIE_0_IAMAP.IAMAP (0.005401s)
[2018.03.26-21.13.18:553][493]LogInit: XAudio2 using 'Altavoces (Realtek High Definition Audio)' : 2 channels at 48 kHz using 32 bits per sample (channel mask 0x3)
[2018.03.26-21.13.18:558][493]LogInit: FAudioDevice initialized.
[2018.03.26-21.13.18:591][493]LogLoad: Game class is 'FirstPersonGameMode_C'
[2018.03.26-21.13.18:595][493]LogWorld: Bringing World /Game/FirstPersonBP/Maps/UEDPIE_0_IAMAP.IAMAP up for play (max tick rate 0) at 2018.03.26-23.13.18
[2018.03.26-21.13.18:596][493]LogWorld: Bringing up level for play took: 0.003761
[2018.03.26-21.13.18:598][493]PIE: Play in editor start time for /Game/FirstPersonBP/Maps/UEDPIE_0_IAMAP -0.685
[2018.03.26-21.44.23:635][801]Cmd: OBJ SAVEPACKAGE PACKAGE="/Game/FirstPersonBP/Maps/IAMAP" FILE="../../../../MyProject2/Content/FirstPersonBP/Maps/IAMAP.umap" SILENT=true AUTOSAVING=false KEEPDIRTY=false
[2018.03.26-21.44.25:517][801]LogSavePackage: Save=1275.16ms
[2018.03.26-21.44.25:519][801]LogSavePackage: Moving '../../../../MyProject2/Saved/IAMAP637A285D4CCB86650B671EA487123D30.tmp' to '../../../../MyProject2/Content/FirstPersonBP/Maps/IAMAP.umap'
[2018.03.26-21.44.25:619][801]LogSavePackage: Display: Finished SavePackage ../../../../MyProject2/Content/FirstPersonBP/Maps/IAMAP.umap
[2018.03.26-21.44.25:686][801]LogFileHelpers: Saving map 'IAMAP' took 2.205
[2018.03.26-21.44.26:206][802]Cmd: QUIT_EDITOR
[2018.03.26-21.44.26:257][802]LogExit: Preparing to exit.
[2018.03.26-21.44.27:252][802]LogDirectoryWatcher: A directory notification for 'F:/Proyectos_Unreal/MyProject2/Content/' was aborted.
[2018.03.26-21.44.27:311][802]LogExit: Editor shut down
[2018.03.26-21.44.27:313][802]LogExit: Transaction tracking system shut down
[2018.03.26-21.44.27:966][802]LogDirectoryWatcher: A directory notification for '../../../Engine/Content/' was aborted.
[2018.03.26-21.44.27:966][802]LogDirectoryWatcher: A directory notification for '../../../../MyProject2/Content/' was aborted.
[2018.03.26-21.44.27:966][802]LogDirectoryWatcher: A directory notification for '../../../Engine/Plugins/2D/Paper2D/Content/' was aborted.
[2018.03.26-21.44.27:966][802]LogDirectoryWatcher: A directory notification for '../../../Engine/Plugins/Media/MediaCompositing/Content/' was aborted.
[2018.03.26-21.44.27:966][802]LogDirectoryWatcher: A directory notification for '../../../Engine/Plugins/Runtime/AppleARKit/Content/' was aborted.
[2018.03.26-21.44.27:966][802]LogDirectoryWatcher: A directory notification for '../../../Engine/Plugins/Runtime/Oculus/OculusVR/Content/' was aborted.
[2018.03.26-21.44.27:967][802]LogDirectoryWatcher: A directory notification for '../../../Engine/Plugins/Runtime/Steam/SteamVR/Content/' was aborted.
[2018.03.26-21.44.28:062][802]LogExit: Object subsystem successfully closed.
[2018.03.26-21.44.28:082][802]LogD3D11RHI: Shutdown
[2018.03.26-21.44.28:082][802]LogD3D11RHI: CleanupD3DDevice
[2018.03.26-21.44.28:083][802]LogD3D11RHI: ~FD3D11DynamicRHI
[2018.03.26-21.44.28:104][802]LogModuleManager: Shutting down and abandoning module BlueprintGraph (552)
[2018.03.26-21.44.28:104][802]LogModuleManager: Shutting down and abandoning module MovieSceneCapture (550)
[2018.03.26-21.44.28:104][802]LogModuleManager: Shutting down and abandoning module HierarchicalLODOutliner (548)
[2018.03.26-21.44.28:104][802]LogModuleManager: Shutting down and abandoning module SceneOutliner (546)
[2018.03.26-21.44.28:104][802]LogModuleManager: Shutting down and abandoning module AddContentDialog (544)
[2018.03.26-21.44.28:104][802]LogDirectoryWatcher: A directory notification for 'F:/Proyectos_Unreal/UE_4.18/FeaturePacks/' was aborted.
[2018.03.26-21.44.28:105][802]LogModuleManager: Shutting down and abandoning module WidgetCarousel (543)
[2018.03.26-21.44.28:105][802]LogModuleManager: Shutting down and abandoning module EditorWidgets (540)
[2018.03.26-21.44.28:105][802]LogModuleManager: Shutting down and abandoning module CollectionManager (538)
[2018.03.26-21.44.28:105][802]LogDirectoryWatcher: A directory notification for 'F:/Proyectos_Unreal/MyProject2/Content/Collections/' was aborted.
[2018.03.26-21.44.28:109][802]LogDirectoryWatcher: A directory notification for 'F:/Proyectos_Unreal/MyProject2/Content/Developers/Jorge/Collections/' was aborted.
[2018.03.26-21.44.28:114][802]LogDirectoryWatcher: A directory notification for 'F:/Proyectos_Unreal/MyProject2/Saved/Collections/' was aborted.
[2018.03.26-21.44.28:118][802]LogModuleManager: Shutting down and abandoning module StatsViewer (536)
[2018.03.26-21.44.28:118][802]LogModuleManager: Shutting down and abandoning module FoliageEdit (534)
[2018.03.26-21.44.28:118][802]LogModuleManager: Shutting down and abandoning module LandscapeEditor (532)
[2018.03.26-21.44.28:118][802]LogModuleManager: Shutting down and abandoning module MeshPaintMode (530)
[2018.03.26-21.44.28:118][802]LogModuleManager: Shutting down and abandoning module SceneDepthPickerMode (528)
[2018.03.26-21.44.28:118][802]LogModuleManager: Shutting down and abandoning module ActorPickerMode (526)
[2018.03.26-21.44.28:118][802]LogModuleManager: Shutting down and abandoning module GeometryMode (524)
[2018.03.26-21.44.28:118][802]LogModuleManager: Shutting down and abandoning module TextureAlignMode (522)
[2018.03.26-21.44.28:118][802]LogModuleManager: Shutting down and abandoning module BspMode (520)
[2018.03.26-21.44.28:118][802]LogModuleManager: Shutting down and abandoning module PIEPreviewDeviceProfileSelector (518)
[2018.03.26-21.44.28:119][802]LogModuleManager: Shutting down and abandoning module HardwareSurvey (516)
[2018.03.26-21.44.28:119][802]LogModuleManager: Shutting down and abandoning module SequenceRecorderSections (514)
[2018.03.26-21.44.28:119][802]LogModuleManager: Shutting down and abandoning module AutomationWorker (512)
[2018.03.26-21.44.28:119][802]LogModuleManager: Shutting down and abandoning module MatineeToLevelSequence (510)
[2018.03.26-21.44.28:119][802]LogModuleManager: Shutting down and abandoning module LevelSequenceEditor (508)
[2018.03.26-21.44.28:119][802]LogModuleManager: Shutting down and abandoning module PlacementMode (507)
[2018.03.26-21.44.28:119][802]LogModuleManager: Shutting down and abandoning module WmfMediaFactory (504)
[2018.03.26-21.44.28:119][802]LogModuleManager: Shutting down and abandoning module WmfMediaEditor (502)
[2018.03.26-21.44.28:119][802]LogModuleManager: Shutting down and abandoning module OpenExrWrapper (500)
[2018.03.26-21.44.28:119][802]LogModuleManager: Shutting down and abandoning module ImgMediaFactory (498)
[2018.03.26-21.44.28:119][802]LogModuleManager: Shutting down and abandoning module ImgMediaEditor (496)
[2018.03.26-21.44.28:119][802]LogModuleManager: Shutting down and abandoning module AvfMediaFactory (494)
[2018.03.26-21.44.28:119][802]LogModuleManager: Shutting down and abandoning module AvfMediaEditor (492)
[2018.03.26-21.44.28:119][802]LogModuleManager: Shutting down and abandoning module AndroidMediaFactory (490)
[2018.03.26-21.44.28:119][802]LogModuleManager: Shutting down and abandoning module AndroidMediaEditor (488)
[2018.03.26-21.44.28:119][802]LogModuleManager: Shutting down and abandoning module CharacterAI (486)
[2018.03.26-21.44.28:119][802]LogModuleManager: Shutting down and abandoning module AudioCapture (484)
[2018.03.26-21.44.28:119][802]LogModuleManager: Shutting down and abandoning module SequenceRecorder (483)
[2018.03.26-21.44.28:119][802]LogModuleManager: Shutting down and abandoning module SmartSnapping (480)
[2018.03.26-21.44.28:119][802]LogModuleManager: Shutting down and abandoning module SessionServices (478)
[2018.03.26-21.44.28:119][802]LogModuleManager: Shutting down and abandoning module ViewportSnapping (476)
[2018.03.26-21.44.28:119][802]LogModuleManager: Shutting down and abandoning module ViewportInteraction (474)
[2018.03.26-21.44.28:119][802]LogModuleManager: Shutting down and abandoning module ClothPainter (472)
[2018.03.26-21.44.28:119][802]LogModuleManager: Shutting down and abandoning module SkeletalMeshEditor (471)
[2018.03.26-21.44.28:119][802]LogModuleManager: Shutting down and abandoning module LogVisualizer (468)
[2018.03.26-21.44.28:119][802]LogModuleManager: Shutting down and abandoning module IntroTutorials (466)
[2018.03.26-21.44.28:119][802]LogModuleManager: Shutting down and abandoning module GameProjectGeneration (465)
[2018.03.26-21.44.28:119][802]LogModuleManager: Shutting down and abandoning module IOSPlatformEditor (462)
[2018.03.26-21.44.28:119][802]LogModuleManager: Shutting down and abandoning module HTML5PlatformEditor (460)
[2018.03.26-21.44.28:119][802]LogModuleManager: Shutting down and abandoning module AndroidPlatformEditor (458)
[2018.03.26-21.44.28:120][802]LogModuleManager: Shutting down and abandoning module AndroidDeviceDetection (457)
[2018.03.26-21.44.28:523][802]LogModuleManager: Shutting down and abandoning module WindowsPlatformEditor (454)
[2018.03.26-21.44.28:523][802]LogModuleManager: Shutting down and abandoning module IOSRuntimeSettings (452)
[2018.03.26-21.44.28:523][802]LogModuleManager: Shutting down and abandoning module AndroidRuntimeSettings (450)
[2018.03.26-21.44.28:523][802]LogModuleManager: Shutting down and abandoning module InputBindingEditor (448)
[2018.03.26-21.44.28:523][802]LogModuleManager: Shutting down and abandoning module MergeActors (446)
[2018.03.26-21.44.28:523][802]LogModuleManager: Shutting down and abandoning module SizeMap (444)
[2018.03.26-21.44.28:523][802]LogModuleManager: Shutting down and abandoning module TreeMap (442)
[2018.03.26-21.44.28:523][802]LogModuleManager: Shutting down and abandoning module ReferenceViewer (440)
[2018.03.26-21.44.28:523][802]LogModuleManager: Shutting down and abandoning module LocalizationDashboard (438)
[2018.03.26-21.44.28:523][802]LogModuleManager: Shutting down and abandoning module LocalizationService (437)
[2018.03.26-21.44.28:524][802]LogModuleManager: Shutting down and abandoning module HardwareTargeting (434)
[2018.03.26-21.44.28:524][802]LogModuleManager: Shutting down and abandoning module DeviceProfileEditor (432)
[2018.03.26-21.44.28:524][802]LogModuleManager: Shutting down and abandoning module UndoHistory (430)
[2018.03.26-21.44.28:524][802]LogModuleManager: Shutting down and abandoning module XmlParser (428)
[2018.03.26-21.44.28:524][802]LogModuleManager: Shutting down and abandoning module Blutility (426)
[2018.03.26-21.44.28:524][802]LogModuleManager: Shutting down and abandoning module ProjectSettingsViewer (424)
[2018.03.26-21.44.28:524][802]LogModuleManager: Shutting down and abandoning module ProjectTargetPlatformEditor (423)
[2018.03.26-21.44.28:524][802]LogModuleManager: Shutting down and abandoning module EditorSettingsViewer (420)
[2018.03.26-21.44.28:524][802]LogModuleManager: Shutting down and abandoning module SettingsEditor (418)
[2018.03.26-21.44.28:524][802]LogModuleManager: Shutting down and abandoning module ProjectLauncher (416)
[2018.03.26-21.44.28:524][802]LogModuleManager: Shutting down and abandoning module SessionFrontend (414)
[2018.03.26-21.44.28:524][802]LogModuleManager: Shutting down and abandoning module ProfilerClient (412)
[2018.03.26-21.44.28:524][802]LogModuleManager: Shutting down and abandoning module DeviceManager (410)
[2018.03.26-21.44.28:524][802]LogModuleManager: Shutting down and abandoning module TargetDeviceServices (409)
[2018.03.26-21.44.28:564][802]LogModuleManager: Shutting down and abandoning module AutomationController (406)
[2018.03.26-21.44.28:564][802]LogModuleManager: Shutting down and abandoning module AutomationWindow (404)
[2018.03.26-21.44.28:564][802]LogModuleManager: Shutting down and abandoning module Layers (402)
[2018.03.26-21.44.28:564][802]LogModuleManager: Shutting down and abandoning module ComponentVisualizers (400)
[2018.03.26-21.44.28:564][802]LogModuleManager: Shutting down and abandoning module DetailCustomizations (398)
[2018.03.26-21.44.28:564][802]LogModuleManager: Shutting down and abandoning module PackagesDialog (396)
[2018.03.26-21.44.28:564][802]LogModuleManager: Shutting down and abandoning module Persona (394)
[2018.03.26-21.44.28:564][802]LogModuleManager: Shutting down and abandoning module AdvancedPreviewScene (393)
[2018.03.26-21.44.28:564][802]LogModuleManager: Shutting down and abandoning module AnimGraph (391)
[2018.03.26-21.44.28:564][802]LogModuleManager: Shutting down and abandoning module Kismet (388)
[2018.03.26-21.44.28:572][802]LogModuleManager: Shutting down and abandoning module ClassViewer (386)
[2018.03.26-21.44.28:574][802]LogModuleManager: Shutting down and abandoning module Toolbox (384)
[2018.03.26-21.44.28:574][802]LogModuleManager: Shutting down and abandoning module ModuleUI (382)
[2018.03.26-21.44.28:574][802]LogModuleManager: Shutting down and abandoning module MovieSceneTools (380)
[2018.03.26-21.44.28:574][802]LogModuleManager: Shutting down and abandoning module OutputLog (378)
[2018.03.26-21.44.28:574][802]LogModuleManager: Shutting down and abandoning module GammaUI (376)
[2018.03.26-21.44.28:574][802]LogModuleManager: Shutting down and abandoning module Documentation (374)
[2018.03.26-21.44.28:574][802]LogModuleManager: Shutting down and abandoning module MovieSceneTracks (372)
[2018.03.26-21.44.28:574][802]LogModuleManager: Shutting down and abandoning module MovieScene (370)
[2018.03.26-21.44.28:574][802]LogModuleManager: Shutting down and abandoning module StreamingPauseRendering (368)
[2018.03.26-21.44.28:574][802]LogModuleManager: Shutting down and abandoning module LauncherPlatform (366)
[2018.03.26-21.44.28:574][802]LogModuleManager: Shutting down and abandoning module AnalyticsET (364)
[2018.03.26-21.44.28:574][802]LogModuleManager: Shutting down and abandoning module PortalServices (362)
[2018.03.26-21.44.28:574][802]LogModuleManager: Shutting down and abandoning module PortalRpc (360)
[2018.03.26-21.44.28:574][802]LogModuleManager: Shutting down and abandoning module MessagingRpc (358)
[2018.03.26-21.44.28:574][802]LogModuleManager: Shutting down and abandoning module AIModule (356)
[2018.03.26-21.44.28:574][802]LogModuleManager: Shutting down and abandoning module GameplayDebugger (355)
[2018.03.26-21.44.28:574][802]LogModuleManager: Shutting down and abandoning module AITestSuite (353)
[2018.03.26-21.44.28:574][802]LogModuleManager: Shutting down and abandoning module DesktopPlatform (350)
[2018.03.26-21.44.28:574][802]LogModuleManager: Shutting down and abandoning module ProfilerService (348)
[2018.03.26-21.44.28:641][802]LogModuleManager: Shutting down and abandoning module TaskGraph (346)
[2018.03.26-21.44.28:641][802]LogModuleManager: Shutting down and abandoning module SteamVRController (344)
[2018.03.26-21.44.28:641][802]LogModuleManager: Shutting down and abandoning module ProceduralMeshComponentEditor (342)
[2018.03.26-21.44.28:641][802]LogModuleManager: Shutting down and abandoning module ProceduralMeshComponent (340)
[2018.03.26-21.44.28:641][802]LogModuleManager: Shutting down and abandoning module OculusInput (338)
[2018.03.26-21.44.28:641][802]LogModuleManager: Shutting down and abandoning module MobilePatchingUtils (336)
[2018.03.26-21.44.28:641][802]LogModuleManager: Shutting down and abandoning module CustomMeshComponent (334)
[2018.03.26-21.44.28:641][802]LogModuleManager: Shutting down and abandoning module CableComponent (332)
[2018.03.26-21.44.28:641][802]LogModuleManager: Shutting down and abandoning module ArchVisCharacter (330)
[2018.03.26-21.44.28:641][802]LogModuleManager: Shutting down and abandoning module AndroidPermission (328)
[2018.03.26-21.44.28:641][802]LogModuleManager: Shutting down and abandoning module ActorSequence (324)
[2018.03.26-21.44.28:641][802]LogModuleManager: Shutting down and abandoning module MediaPlayerEditor (322)
[2018.03.26-21.44.28:642][802]LogModuleManager: Shutting down and abandoning module MediaCompositingEditor (320)
[2018.03.26-21.44.28:642][802]LogModuleManager: Shutting down and abandoning module MediaCompositing (318)
[2018.03.26-21.44.28:642][802]LogModuleManager: Shutting down and abandoning module HTML5Networking (316)
[2018.03.26-21.44.28:642][802]LogModuleManager: Shutting down and abandoning module AlembicImporter (314)
[2018.03.26-21.44.28:642][802]LogModuleManager: Shutting down and abandoning module AlembicLibrary (313)
[2018.03.26-21.44.28:642][802]LogModuleManager: Shutting down and abandoning module GeometryCache (312)
[2018.03.26-21.44.28:642][802]LogModuleManager: Shutting down and abandoning module GeometryCacheEd (311)
[2018.03.26-21.44.28:642][802]LogModuleManager: Shutting down and abandoning module SpeedTreeImporter (306)
[2018.03.26-21.44.28:642][802]LogModuleManager: Shutting down and abandoning module PluginBrowser (304)
[2018.03.26-21.44.28:642][802]LogModuleManager: Shutting down and abandoning module MobileLauncherProfileWizard (302)
[2018.03.26-21.44.28:642][802]LogModuleManager: Shutting down and abandoning module VisualStudioSourceCodeAccess (300)
[2018.03.26-21.44.28:642][802]LogModuleManager: Shutting down and abandoning module VisualStudioCodeSourceCodeAccess (298)
[2018.03.26-21.44.28:642][802]LogModuleManager: Shutting down and abandoning module UObjectPlugin (296)
[2018.03.26-21.44.28:642][802]LogModuleManager: Shutting down and abandoning module SubversionSourceControl (294)
[2018.03.26-21.44.28:642][802]LogModuleManager: Shutting down and abandoning module PerforceSourceControl (292)
[2018.03.26-21.44.28:642][802]LogModuleManager: Shutting down and abandoning module GitSourceControl (290)
[2018.03.26-21.44.28:642][802]LogModuleManager: Shutting down and abandoning module SourceControl (289)
[2018.03.26-21.44.28:642][802]LogModuleManager: Shutting down and abandoning module LightPropagationVolumeEditor (286)
[2018.03.26-21.44.28:642][802]LogModuleManager: Shutting down and abandoning module PaperTiledImporter (284)
[2018.03.26-21.44.28:642][802]LogModuleManager: Shutting down and abandoning module PaperSpriteSheetImporter (282)
[2018.03.26-21.44.28:642][802]LogModuleManager: Shutting down and abandoning module Paper2DEditor (280)
[2018.03.26-21.44.28:642][802]LogModuleManager: Shutting down and abandoning module MeshPaint (279)
[2018.03.26-21.44.28:642][802]LogModuleManager: Shutting down and abandoning module LevelEditor (277)
[2018.03.26-21.44.28:643][802]LogModuleManager: Shutting down and abandoning module PixelInspectorModule (276)
[2018.03.26-21.44.28:643][802]LogModuleManager: Shutting down and abandoning module MainFrame (274)
[2018.03.26-21.44.28:643][802]LogModuleManager: Shutting down and abandoning module HotReload (273)
[2018.03.26-21.44.28:645][802]LogModuleManager: Shutting down and abandoning module RuntimePhysXCooking (268)
[2018.03.26-21.44.28:645][802]LogModuleManager: Shutting down and abandoning module PhysXVehiclesEditor (266)
[2018.03.26-21.44.28:645][802]LogModuleManager: Shutting down and abandoning module PhysXVehicles (264)
[2018.03.26-21.44.28:645][802]LogModuleManager: Shutting down and abandoning module OculusEditor (262)
[2018.03.26-21.44.28:646][802]LogModuleManager: Shutting down and abandoning module LocationServicesBPLibrary (260)
[2018.03.26-21.44.28:646][802]LogModuleManager: Shutting down and abandoning module ImmediatePhysicsEditor (258)
[2018.03.26-21.44.28:646][802]LogModuleManager: Shutting down and abandoning module ImmediatePhysics (256)
[2018.03.26-21.44.28:646][802]LogModuleManager: Shutting down and abandoning module UdpMessaging (254)
[2018.03.26-21.44.28:746][802]LogModuleManager: Shutting down and abandoning module TcpMessaging (252)
[2018.03.26-21.44.28:846][802]LogModuleManager: Shutting down and abandoning module GameplayTagsEditor (250)
[2018.03.26-21.44.28:846][802]LogModuleManager: Shutting down and abandoning module FacialAnimationEditor (248)
[2018.03.26-21.44.28:846][802]LogModuleManager: Shutting down and abandoning module FacialAnimation (246)
[2018.03.26-21.44.28:846][802]LogModuleManager: Shutting down and abandoning module AssetManagerEditor (244)
[2018.03.26-21.44.28:846][802]LogModuleManager: Shutting down and abandoning module GraphEditor (243)
[2018.03.26-21.44.28:846][802]LogModuleManager: Shutting down and abandoning module ContentBrowser (241)
[2018.03.26-21.44.28:847][802]LogModuleManager: Shutting down and abandoning module LightPropagationVolumeRuntime (238)
[2018.03.26-21.44.28:847][802]LogModuleManager: Shutting down and abandoning module Paper2D (236)
[2018.03.26-21.44.28:847][802]LogModuleManager: Shutting down and abandoning module WindowsMoviePlayer (234)
[2018.03.26-21.44.28:847][802]LogModuleManager: Shutting down and abandoning module WmfMedia (232)
[2018.03.26-21.44.28:847][802]LogModuleManager: Shutting down and abandoning module ImgMedia (230)
[2018.03.26-21.44.28:847][802]LogModuleManager: Shutting down and abandoning module PacketHandler (228)
[2018.03.26-21.44.28:847][802]LogModuleManager: Shutting down and abandoning module ClothingSystemEditor (226)
[2018.03.26-21.44.28:847][802]LogModuleManager: Shutting down and abandoning module ClothingSystemRuntime (224)
[2018.03.26-21.44.28:848][802]LogModuleManager: Shutting down and abandoning module MediaAssets (222)
[2018.03.26-21.44.28:848][802]LogModuleManager: Shutting down and abandoning module Media (221)
[2018.03.26-21.44.28:853][802]LogModuleManager: Shutting down and abandoning module Overlay (218)
[2018.03.26-21.44.28:854][802]LogModuleManager: Shutting down and abandoning module OverlayEditor (217)
[2018.03.26-21.44.28:854][802]LogModuleManager: Shutting down and abandoning module VREditor (214)
[2018.03.26-21.44.28:854][802]LogModuleManager: Shutting down and abandoning module StringTableEditor (212)
[2018.03.26-21.44.28:854][802]LogModuleManager: Shutting down and abandoning module GameplayTasksEditor (210)
[2018.03.26-21.44.28:854][802]LogModuleManager: Shutting down and abandoning module BehaviorTreeEditor (208)
[2018.03.26-21.44.28:854][802]LogModuleManager: Shutting down and abandoning module FunctionalTesting (206)
[2018.03.26-21.44.28:854][802]LogModuleManager: Shutting down and abandoning module CollisionAnalyzer (204)
[2018.03.26-21.44.28:854][802]LogModuleManager: Shutting down and abandoning module WorkspaceMenuStructure (203)
[2018.03.26-21.44.28:854][802]LogModuleManager: Shutting down and abandoning module UMG (200)
[2018.03.26-21.44.28:854][802]LogModuleManager: Shutting down and abandoning module UMGEditor (199)
[2018.03.26-21.44.28:854][802]LogModuleManager: Shutting down and abandoning module Sequencer (198)
[2018.03.26-21.44.28:854][802]LogModuleManager: Shutting down and abandoning module MessageLog (195)
[2018.03.26-21.44.28:854][802]LogModuleManager: Shutting down and abandoning module SlateReflector (190)
[2018.03.26-21.44.28:854][802]LogModuleManager: Shutting down and abandoning module Slate (188)
[2018.03.26-21.44.28:854][802]LogModuleManager: Shutting down and abandoning module EditorStyle (186)
[2018.03.26-21.44.28:857][802]LogModuleManager: Shutting down and abandoning module MRMesh (184)
[2018.03.26-21.44.28:857][802]LogModuleManager: Shutting down and abandoning module SourceCodeAccess (182)
[2018.03.26-21.44.28:857][802]LogModuleManager: Shutting down and abandoning module HeadMountedDisplay (180)
[2018.03.26-21.44.28:857][802]LogModuleManager: Shutting down and abandoning module XAudio2 (178)
[2018.03.26-21.44.28:857][802]LogModuleManager: Shutting down and abandoning module Networking (176)
[2018.03.26-21.44.28:857][802]LogModuleManager: Shutting down and abandoning module Core (172)
[2018.03.26-21.44.28:857][802]LogModuleManager: Shutting down and abandoning module LevelSequence (168)
[2018.03.26-21.44.28:857][802]LogModuleManager: Shutting down and abandoning module DirectoryWatcher (166)
[2018.03.26-21.44.28:857][802]LogModuleManager: Shutting down and abandoning module KismetCompiler (164)
[2018.03.26-21.44.28:857][802]LogModuleManager: Shutting down and abandoning module MeshUtilities (162)
[2018.03.26-21.44.28:857][802]LogModuleManager: Shutting down and abandoning module MeshMergeUtilities (161)
[2018.03.26-21.44.28:857][802]LogModuleManager: Shutting down and abandoning module MeshReductionInterface (160)
[2018.03.26-21.44.28:857][802]LogModuleManager: Shutting down and abandoning module SimplygonSwarm (159)
[2018.03.26-21.44.28:857][802]LogModuleManager: Shutting down and abandoning module SimplygonMeshReduction (157)
[2018.03.26-21.44.28:857][802]LogModuleManager: Shutting down and abandoning module QuadricMeshReduction (155)
[2018.03.26-21.44.28:857][802]LogModuleManager: Shutting down and abandoning module MaterialBaking (151)
[2018.03.26-21.44.28:858][802]LogModuleManager: Shutting down and abandoning module DerivedDataCache (148)
[2018.03.26-21.44.28:921][802]LogDerivedDataCache: Shutdown
[2018.03.26-21.44.28:921][802]LogModuleManager: Shutting down and abandoning module TargetPlatform (146)
[2018.03.26-21.44.28:921][802]LogModuleManager: Shutting down and abandoning module VulkanShaderFormat (145)
[2018.03.26-21.44.28:921][802]LogModuleManager: Shutting down and abandoning module ShaderFormatVectorVM (143)
[2018.03.26-21.44.28:921][802]LogModuleManager: Shutting down and abandoning module ShaderFormatOpenGL (141)
[2018.03.26-21.44.28:922][802]LogModuleManager: Shutting down and abandoning module ShaderFormatD3D (139)
[2018.03.26-21.44.28:922][802]LogModuleManager: Shutting down and abandoning module MetalShaderFormat (137)
[2018.03.26-21.44.28:922][802]LogModuleManager: Shutting down and abandoning module TextureFormatUncompressed (135)
[2018.03.26-21.44.28:922][802]LogModuleManager: Shutting down and abandoning module TextureFormatPVR (133)
[2018.03.26-21.44.28:922][802]LogModuleManager: Shutting down and abandoning module TextureFormatDXT (131)
[2018.03.26-21.44.28:922][802]LogModuleManager: Shutting down and abandoning module TextureFormatIntelISPCTexComp (129)
[2018.03.26-21.44.28:922][802]LogModuleManager: Shutting down and abandoning module TextureFormatASTC (127)
[2018.03.26-21.44.28:922][802]LogModuleManager: Shutting down and abandoning module ImageWrapper (126)
[2018.03.26-21.44.28:922][802]LogModuleManager: Shutting down and abandoning module TextureFormatAndroid (123)
[2018.03.26-21.44.28:922][802]LogModuleManager: Shutting down and abandoning module AudioFormatOpus (121)
[2018.03.26-21.44.28:922][802]LogModuleManager: Shutting down and abandoning module AudioFormatOgg (119)
[2018.03.26-21.44.28:922][802]LogModuleManager: Shutting down and abandoning module AudioFormatADPCM (117)
[2018.03.26-21.44.28:922][802]LogModuleManager: Shutting down and abandoning module LinuxTargetPlatform (115)
[2018.03.26-21.44.28:922][802]LogModuleManager: Shutting down and abandoning module LinuxServerTargetPlatform (113)
[2018.03.26-21.44.28:922][802]LogModuleManager: Shutting down and abandoning module LinuxNoEditorTargetPlatform (111)
[2018.03.26-21.44.28:922][802]LogModuleManager: Shutting down and abandoning module LinuxClientTargetPlatform (109)
[2018.03.26-21.44.28:922][802]LogModuleManager: Shutting down and abandoning module TVOSTargetPlatform (107)
[2018.03.26-21.44.28:922][802]LogModuleManager: Shutting down and abandoning module Messaging (105)
[2018.03.26-21.44.28:922][802]LogModuleManager: Shutting down and abandoning module IOSTargetPlatform (103)
[2018.03.26-21.44.28:922][802]LogModuleManager: Shutting down and abandoning module HTML5TargetPlatform (101)
[2018.03.26-21.44.28:922][802]LogModuleManager: Shutting down and abandoning module AndroidTargetPlatform (99)
[2018.03.26-21.44.28:922][802]LogModuleManager: Shutting down and abandoning module Android_PVRTCTargetPlatform (97)
[2018.03.26-21.44.28:922][802]LogModuleManager: Shutting down and abandoning module Android_MultiTargetPlatform (95)
[2018.03.26-21.44.28:922][802]LogModuleManager: Shutting down and abandoning module Android_ETC2TargetPlatform (93)
[2018.03.26-21.44.28:922][802]LogModuleManager: Shutting down and abandoning module Android_ETC1TargetPlatform (91)
[2018.03.26-21.44.28:922][802]LogModuleManager: Shutting down and abandoning module Android_DXTTargetPlatform (89)
[2018.03.26-21.44.28:922][802]LogModuleManager: Shutting down and abandoning module Android_ATCTargetPlatform (87)
[2018.03.26-21.44.28:922][802]LogModuleManager: Shutting down and abandoning module Android_ASTCTargetPlatform (85)
[2018.03.26-21.44.28:922][802]LogModuleManager: Shutting down and abandoning module WindowsTargetPlatform (83)
[2018.03.26-21.44.28:922][802]LogModuleManager: Shutting down and abandoning module WindowsServerTargetPlatform (81)
[2018.03.26-21.44.28:922][802]LogModuleManager: Shutting down and abandoning module WindowsNoEditorTargetPlatform (79)
[2018.03.26-21.44.28:922][802]LogModuleManager: Shutting down and abandoning module WindowsClientTargetPlatform (77)
[2018.03.26-21.44.28:922][802]LogModuleManager: Shutting down and abandoning module MacTargetPlatform (75)
[2018.03.26-21.44.28:922][802]LogModuleManager: Shutting down and abandoning module MacServerTargetPlatform (73)
[2018.03.26-21.44.28:922][802]LogModuleManager: Shutting down and abandoning module MacNoEditorTargetPlatform (71)
[2018.03.26-21.44.28:922][802]LogModuleManager: Shutting down and abandoning module MacClientTargetPlatform (69)
[2018.03.26-21.44.28:922][802]LogModuleManager: Shutting down and abandoning module AllDesktopTargetPlatform (67)
[2018.03.26-21.44.28:922][802]LogModuleManager: Shutting down and abandoning module InputCore (64)
[2018.03.26-21.44.28:922][802]LogModuleManager: Shutting down and abandoning module Settings (62)
[2018.03.26-21.44.28:922][802]LogModuleManager: Shutting down and abandoning module PhysXCooking (60)
[2018.03.26-21.44.28:922][802]LogModuleManager: Shutting down and abandoning module SteamVR (58)
[2018.03.26-21.44.28:922][802]LogModuleManager: Shutting down and abandoning module OculusHMD (56)
[2018.03.26-21.44.28:922][802]LogModuleManager: Shutting down and abandoning module ExampleDeviceProfileSelector (54)
[2018.03.26-21.44.28:922][802]LogModuleManager: Shutting down and abandoning module AppleARKit (52)
[2018.03.26-21.44.28:922][802]LogModuleManager: Shutting down and abandoning module AugmentedReality (51)
[2018.03.26-21.44.28:923][802]LogModuleManager: Shutting down and abandoning module OnlineBlueprintSupport (48)
[2018.03.26-21.44.28:923][802]LogModuleManager: Shutting down and abandoning module OnlineSubsystem (44)
[2018.03.26-21.44.28:923][802]LogModuleManager: Shutting down and abandoning module XMPP (43)
[2018.03.26-21.44.28:923][802]LogModuleManager: Shutting down and abandoning module HTTP (41)
[2018.03.26-21.44.28:923][802]LogHttp: Display: Http module shutting down, but needs to wait on 1 outstanding Http requests:
[2018.03.26-21.44.28:923][802]LogHttp: Display: 	verb=[POST] url=[https://datarouter.ol.epicgames.com/datarouter/api/v1/public/data?SessionID=%7B978C4633-43D4-ADBF-9633-258C78188DC8%7D&AppID=UEEditor.Rocket.Release&AppVersion=4.18.3-3832480%2B%2B%2BUE4%2BRelease-4.18&UserID=3c753f1646e24ac78d3fafa60a0658ae%7Cb551fa99afda4ae5aab41c2b37994897%7C80277d8f-ff23-4fac-83eb-eb8567259063&AppEnvironment=datacollector-binary&UploadType=eteventstream] status=Processing
[2018.03.26-21.44.28:932][802]LogModuleManager: Shutting down and abandoning module SSL (40)
[2018.03.26-21.44.28:932][802]LogModuleManager: Shutting down and abandoning module AnimationModifiers (36)
[2018.03.26-21.44.28:932][802]LogModuleManager: Shutting down and abandoning module PropertyEditor (35)
[2018.03.26-21.44.28:933][802]LogModuleManager: Shutting down and abandoning module AudioEditor (32)
[2018.03.26-21.44.28:933][802]LogModuleManager: Shutting down and abandoning module TextureCompressor (30)
[2018.03.26-21.44.28:933][802]LogModuleManager: Shutting down and abandoning module ShaderCore (28)
[2018.03.26-21.44.28:933][802]LogModuleManager: Shutting down and abandoning module Landscape (26)
[2018.03.26-21.44.28:933][802]LogModuleManager: Shutting down and abandoning module SlateRHIRenderer (24)
[2018.03.26-21.44.28:934][802]LogModuleManager: Shutting down and abandoning module OpenGLDrv (22)
[2018.03.26-21.44.28:934][802]LogModuleManager: Shutting down and abandoning module D3D11RHI (20)
[2018.03.26-21.44.28:934][802]LogModuleManager: Shutting down and abandoning module AnimGraphRuntime (18)
[2018.03.26-21.44.28:934][802]LogModuleManager: Shutting down and abandoning module Renderer (16)
[2018.03.26-21.44.28:934][802]LogModuleManager: Shutting down and abandoning module Engine (14)
[2018.03.26-21.44.28:934][802]LogModuleManager: Shutting down and abandoning module CoreUObject (12)
[2018.03.26-21.44.28:934][802]LogModuleManager: Shutting down and abandoning module NetworkFile (10)
[2018.03.26-21.44.28:934][802]LogModuleManager: Shutting down and abandoning module CookedIterativeFile (8)
[2018.03.26-21.44.28:934][802]LogModuleManager: Shutting down and abandoning module StreamingFile (6)
[2018.03.26-21.44.28:934][802]LogModuleManager: Shutting down and abandoning module SandboxFile (4)
[2018.03.26-21.44.28:934][802]LogModuleManager: Shutting down and abandoning module PakFile (2)
[2018.03.26-21.44.28:937][802]LogExit: Exiting.
[2018.03.26-21.44.28:966][802]Log file closed, 03/26/18 23:44:28
