Log file open, 03/20/18 16:09:24
LogWindows: Failed to load 'aqProf.dll' (GetLastError=126)
LogWindows: File 'aqProf.dll' does not exist
LogWindows: Failed to load 'VtuneApi.dll' (GetLastError=126)
LogWindows: File 'VtuneApi.dll' does not exist
LogWindows: Failed to load 'VtuneApi32e.dll' (GetLastError=126)
LogWindows: File 'VtuneApi32e.dll' does not exist
LogInit: Display: Running engine for game: MyProject2
LogPlatformFile: Not using cached read wrapper
LogInit: Display: RandInit(1462057752) SRandInit(1462057752).
LogInit: Read version file with build ID '3709383'
LogInit: Overriding engine version to CL 3832480, compatible CL 3709383
LogInit: Registered custom module enumerator with build ID '3709383'
LogTaskGraph: Started task graph with 5 named threads and 38 total threads with 3 sets of task threads.
LogStats: Stats thread started at 0.451032
LogD3D11RHI: Aftermath initialized
LogModuleManager: Display: Found up-to-date module file ../../../Engine/Plugins/2D/Paper2D/Binaries/Win64/UE4Editor-Paper2D.dll (API version 3709383).
LogModuleManager: Display: Found up-to-date module file ../../../Engine/Plugins/2D/Paper2D/Binaries/Win64/UE4Editor-Paper2DEditor.dll (API version 3709383).
LogModuleManager: Display: Found up-to-date module file ../../../Engine/Plugins/2D/Paper2D/Binaries/Win64/UE4Editor-PaperSpriteSheetImporter.dll (API version 3709383).
LogModuleManager: Display: Found up-to-date module file ../../../Engine/Plugins/2D/Paper2D/Binaries/Win64/UE4Editor-PaperTiledImporter.dll (API version 3709383).
LogModuleManager: Display: Found up-to-date module file ../../../Engine/Plugins/2D/Paper2D/Binaries/Win64/UE4Editor-SmartSnapping.dll (API version 3709383).
LogModuleManager: Display: Found up-to-date module file ../../../Engine/Plugins/Blendables/LightPropagationVolume/Binaries/Win64/UE4Editor-LightPropagationVolumeRuntime.dll (API version 3709383).
LogModuleManager: Display: Found up-to-date module file ../../../Engine/Plugins/Blendables/LightPropagationVolume/Binaries/Win64/UE4Editor-LightPropagationVolumeEditor.dll (API version 3709383).
LogModuleManager: Display: Found up-to-date module file ../../../Engine/Plugins/Developer/GitSourceControl/Binaries/Win64/UE4Editor-GitSourceControl.dll (API version 3709383).
LogModuleManager: Display: Found up-to-date module file ../../../Engine/Plugins/Developer/PerforceSourceControl/Binaries/Win64/UE4Editor-PerforceSourceControl.dll (API version 3709383).
LogModuleManager: Display: Found up-to-date module file ../../../Engine/Plugins/Developer/SubversionSourceControl/Binaries/Win64/UE4Editor-SubversionSourceControl.dll (API version 3709383).
LogModuleManager: Display: Found up-to-date module file ../../../Engine/Plugins/Developer/UObjectPlugin/Binaries/Win64/UE4Editor-UObjectPlugin.dll (API version 3709383).
LogModuleManager: Display: Found up-to-date module file ../../../Engine/Plugins/Developer/VisualStudioCodeSourceCodeAccess/Binaries/Win64/UE4Editor-VisualStudioCodeSourceCodeAccess.dll (API version 3709383).
LogModuleManager: Display: Found up-to-date module file ../../../Engine/Plugins/Developer/VisualStudioSourceCodeAccess/Binaries/Win64/UE4Editor-VisualStudioSourceCodeAccess.dll (API version 3709383).
LogModuleManager: Display: Found up-to-date module file ../../../Engine/Plugins/Editor/AssetManagerEditor/Binaries/Win64/UE4Editor-AssetManagerEditor.dll (API version 3709383).
LogModuleManager: Display: Found up-to-date module file ../../../Engine/Plugins/Editor/AudioCapture/Binaries/Win64/UE4Editor-AudioCapture.dll (API version 3709383).
LogModuleManager: Display: Found up-to-date module file ../../../Engine/Plugins/Editor/FacialAnimation/Binaries/Win64/UE4Editor-FacialAnimation.dll (API version 3709383).
LogModuleManager: Display: Found up-to-date module file ../../../Engine/Plugins/Editor/FacialAnimation/Binaries/Win64/UE4Editor-FacialAnimationEditor.dll (API version 3709383).
LogModuleManager: Display: Found up-to-date module file ../../../Engine/Plugins/Editor/GameplayTagsEditor/Binaries/Win64/UE4Editor-GameplayTagsEditor.dll (API version 3709383).
LogModuleManager: Display: Found up-to-date module file ../../../Engine/Plugins/Editor/MobileLauncherProfileWizard/Binaries/Win64/UE4Editor-MobileLauncherProfileWizard.dll (API version 3709383).
LogModuleManager: Display: Found up-to-date module file ../../../Engine/Plugins/Editor/PluginBrowser/Binaries/Win64/UE4Editor-PluginBrowser.dll (API version 3709383).
LogModuleManager: Display: Found up-to-date module file ../../../Engine/Plugins/Editor/SpeedTreeImporter/Binaries/Win64/UE4Editor-SpeedTreeImporter.dll (API version 3709383).
LogModuleManager: Display: Found up-to-date module file ../../../Engine/Plugins/Experimental/AlembicImporter/Binaries/Win64/UE4Editor-AlembicImporter.dll (API version 3709383).
LogModuleManager: Display: Found up-to-date module file ../../../Engine/Plugins/Experimental/AlembicImporter/Binaries/Win64/UE4Editor-AlembicLibrary.dll (API version 3709383).
LogModuleManager: Display: Found up-to-date module file ../../../Engine/Plugins/Experimental/CharacterAI/Binaries/Win64/UE4Editor-CharacterAI.dll (API version 3709383).
LogModuleManager: Display: Found up-to-date module file ../../../Engine/Plugins/Experimental/HTML5Networking/Binaries/Win64/UE4Editor-HTML5Networking.dll (API version 3709383).
LogModuleManager: Display: Found up-to-date module file ../../../Engine/Plugins/Media/AndroidMedia/Binaries/Win64/UE4Editor-AndroidMediaEditor.dll (API version 3709383).
LogModuleManager: Display: Found up-to-date module file ../../../Engine/Plugins/Media/AndroidMedia/Binaries/Win64/UE4Editor-AndroidMediaFactory.dll (API version 3709383).
LogModuleManager: Display: Found up-to-date module file ../../../Engine/Plugins/Media/AvfMedia/Binaries/Win64/UE4Editor-AvfMediaEditor.dll (API version 3709383).
LogModuleManager: Display: Found up-to-date module file ../../../Engine/Plugins/Media/AvfMedia/Binaries/Win64/UE4Editor-AvfMediaFactory.dll (API version 3709383).
LogModuleManager: Display: Found up-to-date module file ../../../Engine/Plugins/Media/AvfMedia/Binaries/Win64/UE4Editor-AvfMediaFactory.dll (API version 3709383).
LogModuleManager: Display: Found up-to-date module file ../../../Engine/Plugins/Media/ImgMedia/Binaries/Win64/UE4Editor-ImgMedia.dll (API version 3709383).
LogModuleManager: Display: Found up-to-date module file ../../../Engine/Plugins/Media/ImgMedia/Binaries/Win64/UE4Editor-ImgMediaEditor.dll (API version 3709383).
LogModuleManager: Display: Found up-to-date module file ../../../Engine/Plugins/Media/ImgMedia/Binaries/Win64/UE4Editor-ImgMediaFactory.dll (API version 3709383).
LogModuleManager: Display: Found up-to-date module file ../../../Engine/Plugins/Media/ImgMedia/Binaries/Win64/UE4Editor-ImgMediaFactory.dll (API version 3709383).
LogModuleManager: Display: Found up-to-date module file ../../../Engine/Plugins/Media/ImgMedia/Binaries/Win64/UE4Editor-OpenExrWrapper.dll (API version 3709383).
LogModuleManager: Display: Found up-to-date module file ../../../Engine/Plugins/Media/MediaCompositing/Binaries/Win64/UE4Editor-MediaCompositing.dll (API version 3709383).
LogModuleManager: Display: Found up-to-date module file ../../../Engine/Plugins/Media/MediaCompositing/Binaries/Win64/UE4Editor-MediaCompositingEditor.dll (API version 3709383).
LogModuleManager: Display: Found up-to-date module file ../../../Engine/Plugins/Media/MediaPlayerEditor/Binaries/Win64/UE4Editor-MediaPlayerEditor.dll (API version 3709383).
LogModuleManager: Display: Found up-to-date module file ../../../Engine/Plugins/Media/WmfMedia/Binaries/Win64/UE4Editor-WmfMedia.dll (API version 3709383).
LogModuleManager: Display: Found up-to-date module file ../../../Engine/Plugins/Media/WmfMedia/Binaries/Win64/UE4Editor-WmfMediaEditor.dll (API version 3709383).
LogModuleManager: Display: Found up-to-date module file ../../../Engine/Plugins/Media/WmfMedia/Binaries/Win64/UE4Editor-WmfMediaFactory.dll (API version 3709383).
LogModuleManager: Display: Found up-to-date module file ../../../Engine/Plugins/Media/WmfMedia/Binaries/Win64/UE4Editor-WmfMediaFactory.dll (API version 3709383).
LogModuleManager: Display: Found up-to-date module file ../../../Engine/Plugins/Messaging/TcpMessaging/Binaries/Win64/UE4Editor-TcpMessaging.dll (API version 3709383).
LogModuleManager: Display: Found up-to-date module file ../../../Engine/Plugins/Messaging/UdpMessaging/Binaries/Win64/UE4Editor-UdpMessaging.dll (API version 3709383).
LogModuleManager: Display: Found up-to-date module file ../../../Engine/Plugins/MovieScene/ActorSequence/Binaries/Win64/UE4Editor-ActorSequence.dll (API version 3709383).
LogModuleManager: Display: Found up-to-date module file ../../../Engine/Plugins/MovieScene/LevelSequenceEditor/Binaries/Win64/UE4Editor-LevelSequenceEditor.dll (API version 3709383).
LogModuleManager: Display: Found up-to-date module file ../../../Engine/Plugins/MovieScene/MatineeToLevelSequence/Binaries/Win64/UE4Editor-MatineeToLevelSequence.dll (API version 3709383).
LogModuleManager: Display: Found up-to-date module file ../../../Engine/Plugins/Online/OnlineSubsystem/Binaries/Win64/UE4Editor-OnlineSubsystem.dll (API version 3709383).
LogModuleManager: Display: Found up-to-date module file ../../../Engine/Plugins/Runtime/AndroidPermission/Binaries/Win64/UE4Editor-AndroidPermission.dll (API version 3709383).
LogModuleManager: Display: Found up-to-date module file ../../../Engine/Plugins/Online/OnlineSubsystemNull/Binaries/Win64/UE4Editor-OnlineSubsystemNull.dll (API version 3709383).
LogModuleManager: Display: Found up-to-date module file ../../../Engine/Plugins/Online/OnlineSubsystemUtils/Binaries/Win64/UE4Editor-OnlineSubsystemUtils.dll (API version 3709383).
LogModuleManager: Display: Found up-to-date module file ../../../Engine/Plugins/Online/OnlineSubsystemUtils/Binaries/Win64/UE4Editor-OnlineBlueprintSupport.dll (API version 3709383).
LogModuleManager: Display: Found up-to-date module file ../../../Engine/Plugins/Runtime/AndroidDeviceProfileSelector/Binaries/Win64/UE4Editor-AndroidDeviceProfileSelector.dll (API version 3709383).
LogModuleManager: Display: Found up-to-date module file ../../../Engine/Plugins/Runtime/AppleARKit/Binaries/Win64/UE4Editor-AppleARKit.dll (API version 3709383).
LogModuleManager: Display: Found up-to-date module file ../../../Engine/Plugins/Runtime/ArchVisCharacter/Binaries/Win64/UE4Editor-ArchVisCharacter.dll (API version 3709383).
LogModuleManager: Display: Found up-to-date module file ../../../Engine/Plugins/Runtime/CableComponent/Binaries/Win64/UE4Editor-CableComponent.dll (API version 3709383).
LogModuleManager: Display: Found up-to-date module file ../../../Engine/Plugins/Runtime/CustomMeshComponent/Binaries/Win64/UE4Editor-CustomMeshComponent.dll (API version 3709383).
LogModuleManager: Display: Found up-to-date module file ../../../Engine/Plugins/Runtime/ExampleDeviceProfileSelector/Binaries/Win64/UE4Editor-ExampleDeviceProfileSelector.dll (API version 3709383).
LogModuleManager: Display: Found up-to-date module file ../../../Engine/Plugins/Runtime/ImmediatePhysics/Binaries/Win64/UE4Editor-ImmediatePhysics.dll (API version 3709383).
LogModuleManager: Display: Found up-to-date module file ../../../Engine/Plugins/Runtime/ImmediatePhysics/Binaries/Win64/UE4Editor-ImmediatePhysicsEditor.dll (API version 3709383).
LogModuleManager: Display: Found up-to-date module file ../../../Engine/Plugins/Runtime/LocationServicesBPLibrary/Binaries/Win64/UE4Editor-LocationServicesBPLibrary.dll (API version 3709383).
LogModuleManager: Display: Found up-to-date module file ../../../Engine/Plugins/Runtime/MobilePatchingUtils/Binaries/Win64/UE4Editor-MobilePatchingUtils.dll (API version 3709383).
LogModuleManager: Display: Found up-to-date module file ../../../Engine/Plugins/Runtime/Oculus/OculusVR/Binaries/Win64/UE4Editor-OculusHMD.dll (API version 3709383).
LogModuleManager: Display: Found up-to-date module file ../../../Engine/Plugins/Runtime/Oculus/OculusVR/Binaries/Win64/UE4Editor-OculusInput.dll (API version 3709383).
LogModuleManager: Display: Found up-to-date module file ../../../Engine/Plugins/Runtime/Oculus/OculusVR/Binaries/Win64/UE4Editor-OculusEditor.dll (API version 3709383).
LogModuleManager: Display: Found up-to-date module file ../../../Engine/Plugins/Runtime/PhysXVehicles/Binaries/Win64/UE4Editor-PhysXVehicles.dll (API version 3709383).
LogModuleManager: Display: Found up-to-date module file ../../../Engine/Plugins/Runtime/PhysXVehicles/Binaries/Win64/UE4Editor-PhysXVehiclesEditor.dll (API version 3709383).
LogModuleManager: Display: Found up-to-date module file ../../../Engine/Plugins/Runtime/ProceduralMeshComponent/Binaries/Win64/UE4Editor-ProceduralMeshComponent.dll (API version 3709383).
LogModuleManager: Display: Found up-to-date module file ../../../Engine/Plugins/Runtime/ProceduralMeshComponent/Binaries/Win64/UE4Editor-ProceduralMeshComponentEditor.dll (API version 3709383).
LogModuleManager: Display: Found up-to-date module file ../../../Engine/Plugins/Runtime/RuntimePhysXCooking/Binaries/Win64/UE4Editor-RuntimePhysXCooking.dll (API version 3709383).
LogModuleManager: Display: Found up-to-date module file ../../../Engine/Plugins/Runtime/Steam/SteamVR/Binaries/Win64/UE4Editor-SteamVR.dll (API version 3709383).
LogModuleManager: Display: Found up-to-date module file ../../../Engine/Plugins/Runtime/Steam/SteamVR/Binaries/Win64/UE4Editor-SteamVRController.dll (API version 3709383).
LogModuleManager: Display: Found up-to-date module file ../../../Engine/Plugins/Runtime/WindowsMoviePlayer/Binaries/Win64/UE4Editor-WindowsMoviePlayer.dll (API version 3709383).
LogPluginManager: Mounting plugin Paper2D
LogPluginManager: Mounting plugin LightPropagationVolume
LogPluginManager: Mounting plugin CodeLiteSourceCodeAccess
LogPluginManager: Mounting plugin GitSourceControl
LogPluginManager: Mounting plugin KDevelopSourceCodeAccess
LogPluginManager: Mounting plugin NullSourceCodeAccess
LogPluginManager: Mounting plugin PerforceSourceControl
LogPluginManager: Mounting plugin SubversionSourceControl
LogPluginManager: Mounting plugin UObjectPlugin
LogPluginManager: Mounting plugin VisualStudioCodeSourceCodeAccess
LogPluginManager: Mounting plugin VisualStudioSourceCodeAccess
LogPluginManager: Mounting plugin XCodeSourceCodeAccess
LogPluginManager: Mounting plugin AssetManagerEditor
LogPluginManager: Mounting plugin AudioCapture
LogPluginManager: Mounting plugin FacialAnimation
LogPluginManager: Mounting plugin GameplayTagsEditor
LogPluginManager: Mounting plugin MobileLauncherProfileWizard
LogPluginManager: Mounting plugin PluginBrowser
LogPluginManager: Mounting plugin SpeedTreeImporter
LogPluginManager: Mounting plugin AlembicImporter
LogPluginManager: Mounting plugin CharacterAI
LogPluginManager: Mounting plugin HTML5Networking
LogPluginManager: Mounting plugin AndroidMedia
LogPluginManager: Mounting plugin AvfMedia
LogPluginManager: Mounting plugin ImgMedia
LogPluginManager: Mounting plugin MediaCompositing
LogPluginManager: Mounting plugin MediaPlayerEditor
LogPluginManager: Mounting plugin WmfMedia
LogPluginManager: Mounting plugin TcpMessaging
LogPluginManager: Mounting plugin UdpMessaging
LogPluginManager: Mounting plugin ActorSequence
LogPluginManager: Mounting plugin LevelSequenceEditor
LogPluginManager: Mounting plugin MatineeToLevelSequence
LogPluginManager: Mounting plugin OnlineSubsystemGooglePlay
LogPluginManager: Mounting plugin OnlineSubsystemIOS
LogPluginManager: Mounting plugin OnlineSubsystem
LogPluginManager: Mounting plugin OnlineSubsystemNull
LogPluginManager: Mounting plugin OnlineSubsystemUtils
LogPluginManager: Mounting plugin AndroidDeviceProfileSelector
LogPluginManager: Mounting plugin AndroidMoviePlayer
LogPluginManager: Mounting plugin AndroidPermission
LogPluginManager: Mounting plugin AppleARKit
LogPluginManager: Mounting plugin AppleMoviePlayer
LogPluginManager: Mounting plugin ArchVisCharacter
LogPluginManager: Mounting plugin CableComponent
LogPluginManager: Mounting plugin CustomMeshComponent
LogPluginManager: Mounting plugin ExampleDeviceProfileSelector
LogPluginManager: Mounting plugin GoogleCloudMessaging
LogPluginManager: Mounting plugin ImmediatePhysics
LogPluginManager: Mounting plugin IOSDeviceProfileSelector
LogPluginManager: Mounting plugin LinuxDeviceProfileSelector
LogPluginManager: Mounting plugin LocationServicesBPLibrary
LogPluginManager: Mounting plugin MobilePatchingUtils
LogPluginManager: Mounting plugin OculusVR
LogPluginManager: Plugin shader directory ../../../Engine/Plugins/Runtime/Oculus/OculusVR/Shaders found
LogPluginManager: Mapping shader source directory ../../../Engine/Plugins/Runtime/Oculus/OculusVR/Shaders to virtual directory /Plugin/OculusVR
LogPluginManager: Mounting plugin PhysXVehicles
LogPluginManager: Mounting plugin ProceduralMeshComponent
LogPluginManager: Mounting plugin RuntimePhysXCooking
LogPluginManager: Mounting plugin SteamVR
LogPluginManager: Mounting plugin WindowsMoviePlayer
LogInit: Using libcurl 7.47.1
LogInit:  - built for x86_64-pc-win32
LogInit:  - supports SSL with OpenSSL/1.0.2g
LogInit:  - supports HTTP deflate (compression) using libz 1.2.8
LogInit:  - other features:
LogInit:      CURL_VERSION_SSL
LogInit:      CURL_VERSION_LIBZ
LogInit:      CURL_VERSION_IPV6
LogInit:      CURL_VERSION_ASYNCHDNS
LogInit:      CURL_VERSION_LARGEFILE
LogInit:      CURL_VERSION_IDN
LogInit:  CurlRequestOptions (configurable via config and command line):
LogInit:  - bVerifyPeer = false  - Libcurl will NOT verify peer certificate
LogInit:  - bUseHttpProxy = false  - Libcurl will NOT use HTTP proxy
LogInit:  - bDontReuseConnections = false  - Libcurl will reuse connections
LogInit:  - CertBundlePath = nullptr  - Libcurl will use whatever was configured at build time.
LogHMD: Failed initializing OVRPlugin 1.19.0
LogInit: Build: ++UE4+Release-4.18-CL-3832480
LogInit: Engine Version: 4.18.3-3832480+++UE4+Release-4.18
LogInit: Compatible Engine Version: 4.18.0-3709383+++UE4+Release-4.18
LogInit: Net CL: 3709383
LogDevObjectVersion: Number of dev versions registered: 16
LogDevObjectVersion:   Dev-Blueprints (B0D832E4-1F89-4F0D-ACCF-7EB736FD4AA2): 10
LogDevObjectVersion:   Dev-Build (E1C64328-A22C-4D53-A36C-8E866417BD8C): 0
LogDevObjectVersion:   Dev-Core (375EC13C-06E4-48FB-B500-84F0262A717E): 2
LogDevObjectVersion:   Dev-Editor (E4B068ED-F494-42E9-A231-DA0B2E46BB41): 20
LogDevObjectVersion:   Dev-Framework (CFFC743F-43B0-4480-9391-14DF171D2073): 30
LogDevObjectVersion:   Dev-Mobile (B02B49B5-BB20-44E9-A304-32B752E40360): 0
LogDevObjectVersion:   Dev-Networking (A4E4105C-59A1-49B5-A7C5-40C4547EDFEE): 0
LogDevObjectVersion:   Dev-Online (39C831C9-5AE6-47DC-9A44-9C173E1C8E7C): 0
LogDevObjectVersion:   Dev-Physics (78F01B33-EBEA-4F98-B9B4-84EACCB95AA2): 0
LogDevObjectVersion:   Dev-Platform (6631380F-2D4D-43E0-8009-CF276956A95A): 0
LogDevObjectVersion:   Dev-Rendering (12F88B9F-8875-4AFC-A67C-D90C383ABD29): 20
LogDevObjectVersion:   Dev-Sequencer (7B5AE74C-D270-4C10-A958-57980B212A5A): 4
LogDevObjectVersion:   Dev-VR (D7296918-1DD6-4BDD-9DE2-64A83CC13884): 0
LogDevObjectVersion:   Dev-LoadTimes (C2A15278-BFE7-4AFE-6C17-90FF531DF755): 1
LogDevObjectVersion:   Private-Geometry (6EACA3D4-40EC-4CC1-B786-8BED09428FC5): 1
LogDevObjectVersion:   Dev-AnimPhys (29E575DD-E0A3-4627-9D10-D276232CDCEA): 12
LogInit: Compiled (64-bit): Jan 12 2018 02:04:55
LogInit: Compiled with Visual C++: 19.00.24215.01
LogInit: Build Configuration: Development
LogInit: Branch Name: ++UE4+Release-4.18
LogInit: Command line:  
LogInit: Base directory: D:/UNreal14/UE_4.18/Engine/Binaries/Win64/
LogInit: Installed Engine Build: 1
LogInit: Presizing for max 8388607 objects, including 0 objects not considered by GC, pre-allocating 0 bytes for permanent pool.
LogInit: Object subsystem initialized
[2018.03.20-15.09.29:164][  0]LogInit: Selected Device Profile: [Windows]
[2018.03.20-15.09.29:164][  0]LogInit: Applying CVar settings loaded from the selected device profile: [Windows]
[2018.03.20-15.09.29:234][  0]LogInit: Computer: PC03
[2018.03.20-15.09.29:234][  0]LogInit: User: PC03
[2018.03.20-15.09.29:234][  0]LogInit: CPU Page size=4096, Cores=12
[2018.03.20-15.09.29:234][  0]LogInit: High frequency timer resolution =2.533196 MHz
[2018.03.20-15.09.29:234][  0]LogMemory: Memory total: Physical=63.9GB (64GB approx)
[2018.03.20-15.09.29:234][  0]LogMemory: Platform Memory Stats for Windows
[2018.03.20-15.09.29:234][  0]LogMemory: Process Physical Memory: 277.61 MB used, 277.61 MB peak
[2018.03.20-15.09.29:234][  0]LogMemory: Process Virtual Memory: 278.80 MB used, 278.80 MB peak
[2018.03.20-15.09.29:234][  0]LogMemory: Physical Memory: 22604.30 MB used,  42859.11 MB free, 65463.41 MB total
[2018.03.20-15.09.29:234][  0]LogMemory: Virtual Memory: 695.20 MB used,  42859.11 MB free, 134217728.00 MB total
[2018.03.20-15.09.29:455][  0]LogInit: Overriding language with editor language configuration option (en).
[2018.03.20-15.09.29:455][  0]LogInit: Overriding locale with editor locale configuration option (en).
[2018.03.20-15.09.30:028][  0]LogInit: Setting process to per monitor DPI aware
[2018.03.20-15.09.32:380][  0]LogD3D11RHI: D3D11 adapters:
[2018.03.20-15.09.32:427][  0]LogD3D11RHI:    0. 'NVIDIA Quadro M6000' (Feature Level 11_0)
[2018.03.20-15.09.32:427][  0]LogD3D11RHI:       12239/0/32731 MB DedicatedVideo/DedicatedSystem/SharedSystem, Outputs:2, VendorId:0x10de
[2018.03.20-15.09.32:429][  0]LogD3D11RHI:    1. 'Microsoft Basic Render Driver' (Feature Level 11_0)
[2018.03.20-15.09.32:429][  0]LogD3D11RHI:       0/0/32731 MB DedicatedVideo/DedicatedSystem/SharedSystem, Outputs:0, VendorId:0x1414
[2018.03.20-15.09.32:429][  0]LogD3D11RHI: Chosen D3D11 Adapter: 0
[2018.03.20-15.09.32:454][  0]LogD3D11RHI: Creating new Direct3DDevice
[2018.03.20-15.09.32:454][  0]LogD3D11RHI:     GPU DeviceId: 0x17f0 (for the marketing name, search the web for "GPU Device Id")
[2018.03.20-15.09.32:454][  0]LogWindows: EnumDisplayDevices:
[2018.03.20-15.09.32:454][  0]LogWindows:    0. 'NVIDIA Quadro M6000' (P:1 D:1)
[2018.03.20-15.09.32:455][  0]LogWindows:    1. 'NVIDIA Quadro M6000' (P:0 D:1)
[2018.03.20-15.09.32:455][  0]LogWindows:    2. 'NVIDIA Quadro M6000' (P:0 D:0)
[2018.03.20-15.09.32:455][  0]LogWindows:    3. 'NVIDIA Quadro M6000' (P:0 D:0)
[2018.03.20-15.09.32:455][  0]LogWindows: DebugString: FoundDriverCount:4 
[2018.03.20-15.09.32:455][  0]LogD3D11RHI:     Adapter Name: NVIDIA Quadro M6000
[2018.03.20-15.09.32:455][  0]LogD3D11RHI:   Driver Version: 390.77 (internal:23.21.13.9077, unified:390.77)
[2018.03.20-15.09.32:455][  0]LogD3D11RHI:      Driver Date: 1-23-2018
[2018.03.20-15.09.32:455][  0]LogRHI: Texture pool is 8567 MB (70% of 12239 MB)
[2018.03.20-15.09.32:493][  0]LogD3D11RHI: Async texture creation enabled
[2018.03.20-15.09.32:512][  0]LogD3D11RHI: GPU Timing Frequency: 1000.000000 (Debug: 2 2)
[2018.03.20-15.09.32:597][  0]LogShaderCompilers: Guid format shader working directory is -6 characters bigger than the processId version (X:/Trabajos/Tecnivial_171211/Proyectos/MyProject2/Intermediate/Shaders/WorkingDirectory/121304/).
[2018.03.20-15.09.32:597][  0]LogShaderCompilers: Cleaned the shader compiler working directory 'C:/Users/PC03/AppData/Local/Temp/UnrealShaderWorkingDir/24720492493934A02CC68192885488E0/'.
[2018.03.20-15.09.32:597][  0]LogShaderCompilers: Display: Using Local Shader Compiler.
[2018.03.20-15.09.34:777][  0]LogTemp: Display: Loaded TP AllDesktopTargetPlatform
[2018.03.20-15.09.34:867][  0]LogTemp: Display: Loaded TP MacClientTargetPlatform
[2018.03.20-15.09.34:943][  0]LogTemp: Display: Loaded TP MacNoEditorTargetPlatform
[2018.03.20-15.09.35:019][  0]LogTemp: Display: Loaded TP MacServerTargetPlatform
[2018.03.20-15.09.35:097][  0]LogTemp: Display: Loaded TP MacTargetPlatform
[2018.03.20-15.09.35:169][  0]LogTemp: Display: Loaded TP WindowsClientTargetPlatform
[2018.03.20-15.09.35:240][  0]LogTemp: Display: Loaded TP WindowsNoEditorTargetPlatform
[2018.03.20-15.09.35:310][  0]LogTemp: Display: Loaded TP WindowsServerTargetPlatform
[2018.03.20-15.09.35:372][  0]LogTemp: Display: Loaded TP WindowsTargetPlatform
[2018.03.20-15.09.35:443][  0]LogTemp: Display: Loaded TP Android_ASTCTargetPlatform
[2018.03.20-15.09.35:514][  0]LogTemp: Display: Loaded TP Android_ATCTargetPlatform
[2018.03.20-15.09.35:585][  0]LogTemp: Display: Loaded TP Android_DXTTargetPlatform
[2018.03.20-15.09.35:657][  0]LogTemp: Display: Loaded TP Android_ETC1TargetPlatform
[2018.03.20-15.09.35:727][  0]LogTemp: Display: Loaded TP Android_ETC2TargetPlatform
[2018.03.20-15.09.35:871][  0]LogTemp: Display: Loaded TP Android_MultiTargetPlatform
[2018.03.20-15.09.35:871][  0]LogTemp: Display: Loaded TP Android_PVRTCTargetPlatform
[2018.03.20-15.09.35:947][  0]LogTemp: Display: Loaded TP AndroidTargetPlatform
[2018.03.20-15.09.36:007][  0]LogTemp: Display: Loaded TP HTML5TargetPlatform
[2018.03.20-15.09.36:132][  0]LogTemp: Display: Loaded TP IOSTargetPlatform
[2018.03.20-15.09.36:173][  0]LogTemp: Display: Loaded TP TVOSTargetPlatform
[2018.03.20-15.09.36:247][  0]LogTemp: Display: Loaded TP LinuxClientTargetPlatform
[2018.03.20-15.09.36:318][  0]LogTemp: Display: Loaded TP LinuxNoEditorTargetPlatform
[2018.03.20-15.09.36:391][  0]LogTemp: Display: Loaded TP LinuxServerTargetPlatform
[2018.03.20-15.09.36:478][  0]LogTemp: Display: Loaded TP LinuxTargetPlatform
[2018.03.20-15.09.36:478][  0]LogTargetPlatformManager: Display: Building Assets For Windows
[2018.03.20-15.09.37:124][  0]LogDerivedDataCache: Display: Max Cache Size: 512 MB
[2018.03.20-15.09.37:517][  0]LogDerivedDataCache: Loaded boot cache 0.39s 100MB C:/Users/PC03/AppData/Local/UnrealEngine/4.18/DerivedDataCache/Boot.ddc.
[2018.03.20-15.09.37:517][  0]LogDerivedDataCache: Display: Loaded Boot cache: C:/Users/PC03/AppData/Local/UnrealEngine/4.18/DerivedDataCache/Boot.ddc
[2018.03.20-15.09.37:518][  0]LogDerivedDataCache: FDerivedDataBackendGraph:  Pak pak cache file X:/Trabajos/Tecnivial_171211/Proyectos/MyProject2/DerivedDataCache/DDC.ddp not found, will not use a pak cache.
[2018.03.20-15.09.37:518][  0]LogDerivedDataCache: Unable to find inner node Pak for hierarchical cache Hierarchy.
[2018.03.20-15.09.37:518][  0]LogDerivedDataCache: FDerivedDataBackendGraph:  CompressedPak pak cache file X:/Trabajos/Tecnivial_171211/Proyectos/MyProject2/DerivedDataCache/Compressed.ddp not found, will not use a pak cache.
[2018.03.20-15.09.37:518][  0]LogDerivedDataCache: Unable to find inner node CompressedPak for hierarchical cache Hierarchy.
[2018.03.20-15.09.37:538][  0]LogDerivedDataCache: Display: Pak cache opened for reading ../../../Engine/DerivedDataCache/Compressed.ddp.
[2018.03.20-15.09.37:551][  0]LogDerivedDataCache: Using Local data cache path C:/Users/PC03/AppData/Local/UnrealEngine/Common/DerivedDataCache: Writable
[2018.03.20-15.09.37:563][  0]LogMaterial: Verifying Global Shaders for PCD3D_SM5
[2018.03.20-15.09.37:563][  0]LogSlate: Using Freetype 2.6.0
[2018.03.20-15.09.37:576][  0]LogSlate: SlateFontCache - WITH_FREETYPE: 1, WITH_HARFBUZZ: 1
[2018.03.20-15.09.37:576][  0]LogSlate: SlateFontCache - WITH_FREETYPE: 1, WITH_HARFBUZZ: 1
[2018.03.20-15.09.39:226][  0]LogInit: Selected Device Profile: [Windows]
[2018.03.20-15.09.39:799][  0]LogSimplygon: Simplygon DLL not present - disabling.
[2018.03.20-15.09.39:853][  0]LogMeshReduction: Using SimplygonSwarm for distributed automatic mesh merging
[2018.03.20-15.09.39:853][  0]LogMeshReduction: Using QuadricMeshReduction for automatic static mesh reduction
[2018.03.20-15.09.39:853][  0]LogMeshReduction: No automatic skeletal mesh reduction module available
[2018.03.20-15.09.39:853][  0]LogMeshReduction: No automatic mesh merging module available
[2018.03.20-15.09.39:853][  0]LogMeshMerging: No automatic mesh merging module available
[2018.03.20-15.09.39:930][  0]LogNetVersion: MyProject2 , NetCL: 3709383, EngineNetVer: 2, GameNetVer: 0 (Checksum: 4016851739)
[2018.03.20-15.09.40:329][  0]LogAssetRegistry: FAssetRegistry took 0.0296 seconds to start up
[2018.03.20-15.09.42:063][  0]LogPackageLocalizationCache: Processed 7 localized package path(s) for 1 prioritized culture(s) in 0.325001 seconds
[2018.03.20-15.09.42:068][  0]LogUObjectArray: 35870 objects as part of root set at end of initial load.
[2018.03.20-15.09.42:068][  0]LogUObjectAllocator: 7363704 out of 0 bytes used by permanent object pool.
[2018.03.20-15.09.42:068][  0]LogUObjectArray: CloseDisregardForGC: 0/0 objects in disregard for GC pool
[2018.03.20-15.09.42:146][  0]LogInit: WinSock: version 1.1 (2.2), MaxSocks=32767, MaxUdp=65467
[2018.03.20-15.09.48:255][  0]LogTcpMessaging: Initializing TcpMessaging bridge
[2018.03.20-15.09.48:304][  0]LogUdpMessaging: Initializing bridge on interface 0.0.0.0:0 to multicast group 230.0.0.1:6666.
[2018.03.20-15.09.48:305][  0]LogDirectoryWatcher: A directory notification failed for 'X:/Trabajos/Tecnivial_171211/Proyectos/MyProject2/Content/' because it was empty or there was a buffer overflow. Attemping another request...
[2018.03.20-15.09.49:329][  0]LogMaterial: Uniform references updated for custom material expression Custom.
[2018.03.20-15.09.49:989][  0]SourceControl: Source control is disabled
[2018.03.20-15.09.49:989][  0]SourceControl: Source control is disabled
[2018.03.20-15.09.50:060][  0]SourceControl: Source control is disabled
[2018.03.20-15.09.50:129][  0]SourceControl: Source control is disabled
[2018.03.20-15.09.51:222][  0]LogAndroidPermission: UAndroidPermissionCallbackProxy::GetInstance
[2018.03.20-15.09.51:558][  0]LogOcInput: OculusInput pre-init called
[2018.03.20-15.09.51:957][  0]LogEngine: Initializing Engine...
[2018.03.20-15.09.52:056][  0]LogHMD: Failed to initialize OpenVR with code 108
[2018.03.20-15.09.52:552][  0]LogStats: UGameplayTagsManager::ConstructGameplayTagTree: Construct from data asset -  0.000 s
[2018.03.20-15.09.52:552][  0]LogStats: UGameplayTagsManager::ConstructGameplayTagTree: GameplayTagTreeChangedEvent.Broadcast -  0.000 s
[2018.03.20-15.09.52:719][  0]LogAIModule: Creating AISystem for world Untitled
[2018.03.20-15.09.52:737][  0]LogInit: XAudio2 using 'Altavoces / Auriculares (Realtek High Definition Audio)' : 2 channels at 48 kHz using 32 bits per sample (channel mask 0x3)
[2018.03.20-15.09.52:749][  0]LogInit: FAudioDevice initialized.
[2018.03.20-15.09.52:878][  0]LogDerivedDataCache: Saved boot cache 0.13s 100MB C:/Users/PC03/AppData/Local/UnrealEngine/4.18/DerivedDataCache/Boot.ddc.
[2018.03.20-15.09.52:899][  0]LogInit: Texture streaming: Enabled
[2018.03.20-15.09.53:036][  0]LogEngineSessionManager: EngineSessionManager initialized
[2018.03.20-15.09.53:036][  0]LogEngineSessionManager: EngineSessionManager sent abnormal shutdown report. Type=AbnormalShutdown, SessionId={0AD0B23A-4D39-0195-E608-F6B1B188901C}
[2018.03.20-15.09.53:227][  0]LogInit: Transaction tracking system initialized
[2018.03.20-15.09.53:647][  0]BlueprintLog: New page: Editor Load
[2018.03.20-15.09.54:884][  0]LocalizationService: Localization service is disabled
[2018.03.20-15.09.55:900][  0]LogConsoleResponse: Display: 
[2018.03.20-15.09.56:853][  0]LogCook: Display: Max memory allowance for cook 16384mb min free memory 0mb
[2018.03.20-15.09.56:853][  0]LogCook: Display: Mobile HDR setting 1
[2018.03.20-15.09.56:853][  0]LogGameplayTags: Display: UGameplayTagsManager::DoneAddingNativeTags. DelegateIsBound: 0
[2018.03.20-15.09.57:783][  0]LogFileCache: Scanning file cache for directory 'X:/Trabajos/Tecnivial_171211/Proyectos/MyProject2/Content/' took 0.31s
[2018.03.20-15.09.57:784][  0]LogLinker: Warning: Can't find file '/Game/Aeropuerto/Materials/Decals/M_Decals'
[2018.03.20-15.09.57:784][  0]LogLinker: Warning: Can't find file for asset '/Game/Aeropuerto/Materials/Decals/M_Decals' while loading ../../../Engine/Content/BasicShapes/Plane.uasset.
[2018.03.20-15.09.57:784][  0]LoadErrors: Error: /Engine/BasicShapes/Plane : Can't find file for asset. /Game/Aeropuerto/Materials/Decals/M_Decals
[2018.03.20-15.09.57:785][  0]LogLinker: Warning: Can't find file '/Game/Aeropuerto/Materials/Decals/M_Decals'
[2018.03.20-15.09.57:785][  0]LogLinker: Warning: Can't find file for asset '/Game/Aeropuerto/Materials/Decals/M_Decals' while loading ../../../Engine/Content/BasicShapes/Plane.uasset.
[2018.03.20-15.09.57:785][  0]LoadErrors: Error: /Engine/BasicShapes/Plane : Can't find file for asset. /Game/Aeropuerto/Materials/Decals/M_Decals
[2018.03.20-15.09.57:786][  0]LogLinker: Warning: Can't find file '/Game/Aeropuerto/Materials/Decals/M_Decals'
[2018.03.20-15.09.57:787][  0]LoadErrors: Failed to load /Game/Aeropuerto/Materials/Decals/M_Decals.M_Decals Referenced by Plane
[2018.03.20-15.09.57:787][  0]LogLinker: Warning: Can't find file for asset '/Game/Aeropuerto/Materials/Decals/M_Decals' while loading NULL.
[2018.03.20-15.09.57:787][  0]LoadErrors: Failed to load /Game/Aeropuerto/Materials/Decals/M_Decals.M_Decals Referenced by Plane
[2018.03.20-15.09.57:788][  0]LogLinker: Warning: Can't find file '/Game/Aeropuerto/Materials/Decals/M_Decals'
[2018.03.20-15.09.57:788][  0]LoadErrors: Failed to load /Game/Aeropuerto/Materials/Decals/M_Decals.M_Decals Referenced by Plane
[2018.03.20-15.09.57:789][  0]LogLinker: Warning: Can't find file for asset '/Game/Aeropuerto/Materials/Decals/M_Decals' while loading NULL.
[2018.03.20-15.09.57:789][  0]LoadErrors: Failed to load /Game/Aeropuerto/Materials/Decals/M_Decals.M_Decals Referenced by Plane
[2018.03.20-15.09.58:531][  0]SourceControl: Source control is disabled
[2018.03.20-15.09.58:531][  0]Cmd: MAP LOAD FILE="X:/Trabajos/Tecnivial_171211/Proyectos/MyProject2/Content/FirstPersonBP/Maps/FirstPersonExampleMap.umap" TEMPLATE=0 SHOWPROGRESS=1 FEATURELEVEL=3
[2018.03.20-15.09.58:549][  0]LightingResults: New page: Lighting Build
[2018.03.20-15.09.58:603][  0]MapCheck: New page: Map Check
[2018.03.20-15.09.58:603][  0]LightingResults: New page: Lighting Build
[2018.03.20-15.10.01:754][  0]LogAIModule: Creating AISystem for world FirstPersonExampleMap
[2018.03.20-15.10.01:802][  0]LogEditorServer: Finished looking for orphan Actors (0.000 secs)
[2018.03.20-15.10.01:830][  0]Cmd: MAP CHECKDEP NOCLEARLOG
[2018.03.20-15.10.01:921][  0]MapCheck: Map check complete: 0 Error(s), 0 Warning(s), took 90.965ms to complete.
[2018.03.20-15.10.01:921][  0]LogFileHelpers: Loading map 'FirstPersonExampleMap' took 3.391
[2018.03.20-15.10.02:041][  0]LogWindowsTextInputMethodSystem: Display: IME system now deactivated.
[2018.03.20-15.10.02:041][  0]LogWindowsTextInputMethodSystem: Display: IME system now deactivated.
[2018.03.20-15.10.02:214][  0]LogCollectionManager: Loaded 0 collections in 0.003155 seconds
[2018.03.20-15.10.02:345][  0]LogFileCache: Scanning file cache for directory 'X:/Trabajos/Tecnivial_171211/Proyectos/MyProject2/Saved/Collections/' took 0.01s
[2018.03.20-15.10.02:345][  0]LogFileCache: Scanning file cache for directory 'X:/Trabajos/Tecnivial_171211/Proyectos/MyProject2/Content/Developers/PC03/Collections/' took 0.01s
[2018.03.20-15.10.02:345][  0]LogFileCache: Scanning file cache for directory 'X:/Trabajos/Tecnivial_171211/Proyectos/MyProject2/Content/Collections/' took 0.01s
[2018.03.20-15.10.02:345][  0]LogCollectionManager: Rebuilt the GUID cache for 0 collections in 0.000000 seconds
[2018.03.20-15.10.02:355][  0]LogContentBrowser: Native class hierarchy populated in 0.0098 seconds. Added 2363 classes and 519 folders.
[2018.03.20-15.10.02:442][  0]LogContentBrowser: Native class hierarchy updated for 'WidgetCarousel' in 0.0006 seconds. Added 0 classes and 0 folders.
[2018.03.20-15.10.02:849][  0]LogContentBrowser: Native class hierarchy updated for 'AddContentDialog' in 0.0010 seconds. Added 0 classes and 0 folders.
[2018.03.20-15.10.03:078][  0]LogContentBrowser: Native class hierarchy updated for 'SceneOutliner' in 0.0005 seconds. Added 1 classes and 2 folders.
[2018.03.20-15.10.03:271][  0]LogSlate: Took 0.006353 seconds to synchronously load lazily loaded font '../../../Engine/Content/Slate/Fonts/Roboto-Regular.ttf' (155K)
[2018.03.20-15.10.03:278][  0]LogSlate: Took 0.005341 seconds to synchronously load lazily loaded font '../../../Engine/Content/Editor/Slate/Fonts/FontAwesome.ttf' (139K)
[2018.03.20-15.10.03:285][  0]LogSlate: Took 0.006619 seconds to synchronously load lazily loaded font '../../../Engine/Content/Slate/Fonts/Roboto-Bold.ttf' (160K)
[2018.03.20-15.10.03:479][  0]LogRenderer: Reallocating scene render targets to support 1832x1268 Format 10 NumSamples 1 (Frame:1).
[2018.03.20-15.10.03:698][  0]LogContentBrowser: Native class hierarchy updated for 'HierarchicalLODOutliner' in 0.0005 seconds. Added 1 classes and 2 folders.
[2018.03.20-15.10.03:698][  0]LogLoad: (Engine Initialization) Total time: 42.70 seconds
[2018.03.20-15.10.03:698][  0]LogLoad: (Engine Initialization) Total Blueprint compile time: 0.00 seconds
[2018.03.20-15.10.03:698][  0]LogExternalProfiler: Found external profiler: VSPerf
[2018.03.20-15.10.03:698][  0]LogExternalProfiler: Using external profiler: VSPerf
[2018.03.20-15.10.04:195][  0]LogContentStreaming: Texture pool size now 1000 MB
[2018.03.20-15.10.04:347][  1]LogRenderer: Reallocating scene render targets to support 1832x1288 Format 10 NumSamples 1 (Frame:2).
[2018.03.20-15.10.04:364][  1]LogAssetRegistry: Asset discovery search completed in 24.0563 seconds
[2018.03.20-15.10.04:366][  1]LogCollectionManager: Rebuilt the object cache for 0 collections in 0.000000 seconds (found 0 objects)
[2018.03.20-15.10.04:366][  1]LogCollectionManager: Fixed up redirectors for 0 collections in 0.000069 seconds (updated 0 objects)
[2018.03.20-15.10.04:459][  3]LogDirectoryWatcher: A directory notification failed for 'X:/Trabajos/Tecnivial_171211/Proyectos/MyProject2/Content/' because it was empty or there was a buffer overflow. Attemping another request...
[2018.03.20-15.10.04:459][  3]LogDirectoryWatcher: A directory notification failed for 'X:/Trabajos/Tecnivial_171211/Proyectos/MyProject2/Content/', and we were unable to create a new request.
[2018.03.20-15.10.04:459][  3]LogDirectoryWatcher: A directory notification failed for 'X:/Trabajos/Tecnivial_171211/Proyectos/MyProject2/Saved/Collections/' because it was empty or there was a buffer overflow. Attemping another request...
[2018.03.20-15.10.04:459][  3]LogDirectoryWatcher: A directory notification failed for 'X:/Trabajos/Tecnivial_171211/Proyectos/MyProject2/Content/Developers/PC03/Collections/' because it was empty or there was a buffer overflow. Attemping another request...
[2018.03.20-15.10.04:459][  3]LogDirectoryWatcher: A directory notification failed for 'X:/Trabajos/Tecnivial_171211/Proyectos/MyProject2/Content/Collections/' because it was empty or there was a buffer overflow. Attemping another request...
[2018.03.20-15.10.04:477][  4]LogDirectoryWatcher: A directory notification failed for 'X:/Trabajos/Tecnivial_171211/Proyectos/MyProject2/Saved/Collections/' because it was empty or there was a buffer overflow. Attemping another request...
[2018.03.20-15.10.04:480][  4]LogDirectoryWatcher: A directory notification failed for 'X:/Trabajos/Tecnivial_171211/Proyectos/MyProject2/Saved/Collections/', and we were unable to create a new request.
[2018.03.20-15.10.04:480][  4]LogDirectoryWatcher: A directory notification failed for 'X:/Trabajos/Tecnivial_171211/Proyectos/MyProject2/Content/Developers/PC03/Collections/' because it was empty or there was a buffer overflow. Attemping another request...
[2018.03.20-15.10.04:481][  4]LogDirectoryWatcher: A directory notification failed for 'X:/Trabajos/Tecnivial_171211/Proyectos/MyProject2/Content/Developers/PC03/Collections/', and we were unable to create a new request.
[2018.03.20-15.10.04:481][  4]LogDirectoryWatcher: A directory notification failed for 'X:/Trabajos/Tecnivial_171211/Proyectos/MyProject2/Content/Collections/' because it was empty or there was a buffer overflow. Attemping another request...
[2018.03.20-15.10.04:482][  4]LogDirectoryWatcher: A directory notification failed for 'X:/Trabajos/Tecnivial_171211/Proyectos/MyProject2/Content/Collections/', and we were unable to create a new request.
[2018.03.20-15.16.11:192][189]LogSlate: Took 0.008806 seconds to synchronously load lazily loaded font '../../../Engine/Content/Slate/Fonts/Roboto-Light.ttf' (159K)
[2018.03.20-15.16.11:316][189]LogSlate: Took 0.000169 seconds to synchronously load lazily loaded font '../../../Engine/Content/Slate/Fonts/Roboto-Light.ttf' (159K)
[2018.03.20-15.16.40:725][844]LogBlueprint: Warning: [Compiler Ue4ASP_Character] InputAction Event references unknown Action 'Crouch' for  InputAction Crouch
[2018.03.20-15.16.40:737][844]LogBlueprint: Warning: [Compiler Ue4ASP_Character] [0439.74] Compile of Ue4ASP_Character successful, but with 1 Warning(s) [in 42 ms] (/Game/AnimStarterPack/Ue4ASP_Character.Ue4ASP_Character)
[2018.03.20-15.16.41:477][844]LogContentBrowser: Native class hierarchy updated for 'BlueprintGraph' in 0.0010 seconds. Added 116 classes and 0 folders.
[2018.03.20-15.16.42:262][844]LogSlate: Took 0.000189 seconds to synchronously load lazily loaded font '../../../Engine/Content/Slate/Fonts/Roboto-Regular.ttf' (155K)
[2018.03.20-15.16.42:396][844]LogSlate: Took 0.006567 seconds to synchronously load lazily loaded font '../../../Engine/Content/Editor/Slate/Fonts/Roboto-BoldCondensed.ttf' (158K)
[2018.03.20-15.16.43:664][910]LogSlate: Took 0.010227 seconds to synchronously load lazily loaded font '../../../Engine/Content/Editor/Slate/Fonts/Roboto-Italic.ttf' (157K)
[2018.03.20-15.21.07:607][786]BlueprintLog: New page: Compile EnemyCharacter
[2018.03.20-15.21.33:306][528]LogFileHelpers: Editor autosave (incl. sublevels) for '/Game/FirstPersonBP/Maps/FirstPersonExampleMap' took 0.035
[2018.03.20-15.21.33:312][528]OBJ SavePackage: Generating thumbnails for [1] asset(s) in package [/Game/Enemy/EnemyCharacter] ([1] browsable assets)...
[2018.03.20-15.21.33:337][528]OBJ SavePackage:     Rendered thumbnail for [Blueprint /Game/Enemy/EnemyCharacter.EnemyCharacter]
[2018.03.20-15.21.33:337][528]OBJ SavePackage: Finished generating thumbnails for package [/Game/Enemy/EnemyCharacter]
[2018.03.20-15.21.33:337][528]Cmd: OBJ SAVEPACKAGE PACKAGE="/Game/Enemy/EnemyCharacter" FILE="X:/Trabajos/Tecnivial_171211/Proyectos/MyProject2/Saved/Autosaves/Game/Enemy/EnemyCharacter_Auto1.uasset" SILENT=false AUTOSAVING=true
[2018.03.20-15.21.33:579][528]LogSavePackage: Save=119.43ms
[2018.03.20-15.21.33:579][528]LogSavePackage: Moving 'X:/Trabajos/Tecnivial_171211/Proyectos/MyProject2/Saved/EnemyCharacter_Auto1E1388D6A4409835E753D69A51E643164.tmp' to 'X:/Trabajos/Tecnivial_171211/Proyectos/MyProject2/Saved/Autosaves/Game/Enemy/EnemyCharacter_Auto1.uasset'
[2018.03.20-15.21.33:773][528]LogSavePackage: Display: Finished SavePackage X:/Trabajos/Tecnivial_171211/Proyectos/MyProject2/Saved/Autosaves/Game/Enemy/EnemyCharacter_Auto1.uasset
[2018.03.20-15.21.33:774][528]LogFileHelpers: Auto-saving content packages took 0.467
[2018.03.20-15.22.39:878][ 21]BlueprintLog: New page: Compile EnemyCharacter
[2018.03.20-15.24.07:804][167]BlueprintLog: New page: Compile EnemyCharacter
[2018.03.20-15.31.34:458][899]LogFileHelpers: Editor autosave (incl. sublevels) for '/Game/FirstPersonBP/Maps/FirstPersonExampleMap' took 0.033
[2018.03.20-15.31.34:465][899]OBJ SavePackage: Generating thumbnails for [1] asset(s) in package [/Game/Enemy/EnemyCharacter] ([1] browsable assets)...
[2018.03.20-15.31.34:486][899]OBJ SavePackage:     Rendered thumbnail for [Blueprint /Game/Enemy/EnemyCharacter.EnemyCharacter]
[2018.03.20-15.31.34:486][899]OBJ SavePackage: Finished generating thumbnails for package [/Game/Enemy/EnemyCharacter]
[2018.03.20-15.31.34:486][899]Cmd: OBJ SAVEPACKAGE PACKAGE="/Game/Enemy/EnemyCharacter" FILE="X:/Trabajos/Tecnivial_171211/Proyectos/MyProject2/Saved/Autosaves/Game/Enemy/EnemyCharacter_Auto2.uasset" SILENT=false AUTOSAVING=true
[2018.03.20-15.31.35:039][899]LogSavePackage: Save=428.64ms
[2018.03.20-15.31.35:039][899]LogSavePackage: Moving 'X:/Trabajos/Tecnivial_171211/Proyectos/MyProject2/Saved/EnemyCharacter_Auto2969D4CE8431B05AD84DE1BA8B62B8555.tmp' to 'X:/Trabajos/Tecnivial_171211/Proyectos/MyProject2/Saved/Autosaves/Game/Enemy/EnemyCharacter_Auto2.uasset'
[2018.03.20-15.31.35:064][899]LogSavePackage: Display: Finished SavePackage X:/Trabajos/Tecnivial_171211/Proyectos/MyProject2/Saved/Autosaves/Game/Enemy/EnemyCharacter_Auto2.uasset
[2018.03.20-15.31.35:064][899]LogFileHelpers: Auto-saving content packages took 0.605
[2018.03.20-15.34.24:771][585]BlueprintLog: New page: Compile EnemyController
[2018.03.20-15.37.36:285][197]LogAIModule: Creating AISystem for world IAMAP
[2018.03.20-15.37.38:233][197]Cmd: OBJ SAVEPACKAGE PACKAGE="/Game/Enemy/EnemyCharacter" FILE="X:/Trabajos/Tecnivial_171211/Proyectos/MyProject2/Content/Enemy/EnemyCharacter.uasset" SILENT=true
[2018.03.20-15.37.38:469][197]LogSavePackage: Save=120.80ms
[2018.03.20-15.37.38:469][197]LogSavePackage: Moving 'X:/Trabajos/Tecnivial_171211/Proyectos/MyProject2/Saved/EnemyCharacterBC6226814D03BB2223D0E0A3B73EEF4B.tmp' to 'X:/Trabajos/Tecnivial_171211/Proyectos/MyProject2/Content/Enemy/EnemyCharacter.uasset'
[2018.03.20-15.37.38:506][197]LogSavePackage: Display: Finished SavePackage X:/Trabajos/Tecnivial_171211/Proyectos/MyProject2/Content/Enemy/EnemyCharacter.uasset
[2018.03.20-15.37.38:507][197]Cmd: OBJ SAVEPACKAGE PACKAGE="/Game/Enemy/EnemyController" FILE="X:/Trabajos/Tecnivial_171211/Proyectos/MyProject2/Content/Enemy/EnemyController.uasset" SILENT=true
[2018.03.20-15.37.38:664][197]LogSavePackage: Save=44.87ms
[2018.03.20-15.37.38:664][197]LogSavePackage: Moving 'X:/Trabajos/Tecnivial_171211/Proyectos/MyProject2/Saved/EnemyController3F29C0094C464083B6AEF59463ABB778.tmp' to 'X:/Trabajos/Tecnivial_171211/Proyectos/MyProject2/Content/Enemy/EnemyController.uasset'
[2018.03.20-15.37.38:699][197]LogSavePackage: Display: Finished SavePackage X:/Trabajos/Tecnivial_171211/Proyectos/MyProject2/Content/Enemy/EnemyController.uasset
[2018.03.20-15.37.38:701][197]Cmd: MAP LOAD FILE="X:/Trabajos/Tecnivial_171211/Proyectos/MyProject2/Content/FirstPersonBP/Maps/IAMAP.umap" TEMPLATE=0 SHOWPROGRESS=1 FEATURELEVEL=3
[2018.03.20-15.37.38:701][197]LightingResults: New page: Lighting Build
[2018.03.20-15.37.38:702][197]LoadErrors: New page: Loading map: IAMAP.umap
[2018.03.20-15.37.38:704][197]MapCheck: New page: Map Check
[2018.03.20-15.37.38:704][197]LightingResults: New page: Lighting Build
[2018.03.20-15.37.39:003][197]LogEditorServer: Finished looking for orphan Actors (0.000 secs)
[2018.03.20-15.37.39:084][197]Cmd: MAP CHECKDEP NOCLEARLOG
[2018.03.20-15.37.39:282][197]MapCheck: Map check complete: 0 Error(s), 0 Warning(s), took 197.779ms to complete.
[2018.03.20-15.37.39:283][197]LogFileHelpers: Loading map 'IAMAP' took 0.584
[2018.03.20-15.37.43:853][577]LogEditorViewport: Clicking on Actor (LMB): EnemyCharacter_C (Enemy1)
[2018.03.20-15.40.32:926][284]LogSlate: Took 0.000239 seconds to synchronously load lazily loaded font '../../../Engine/Content/Slate/Fonts/Roboto-Light.ttf' (159K)
[2018.03.20-15.40.37:240][566]BlueprintLog: New page: Compile EnemyController
[2018.03.20-15.40.38:176][610]Cmd: OBJ SAVEPACKAGE PACKAGE="/Game/Enemy/EnemyController" FILE="X:/Trabajos/Tecnivial_171211/Proyectos/MyProject2/Content/Enemy/EnemyController.uasset" SILENT=true
[2018.03.20-15.40.38:336][610]LogSavePackage: Save=41.71ms
[2018.03.20-15.40.38:336][610]LogSavePackage: Moving 'X:/Trabajos/Tecnivial_171211/Proyectos/MyProject2/Saved/EnemyController2621F07D4263D6D182AFF98C78292CAE.tmp' to 'X:/Trabajos/Tecnivial_171211/Proyectos/MyProject2/Content/Enemy/EnemyController.uasset'
[2018.03.20-15.40.38:365][610]LogSavePackage: Display: Finished SavePackage X:/Trabajos/Tecnivial_171211/Proyectos/MyProject2/Content/Enemy/EnemyController.uasset
[2018.03.20-15.40.55:360][815]BlueprintLog: New page: Compile EnemyCharacter
[2018.03.20-15.40.56:740][850]Cmd: OBJ SAVEPACKAGE PACKAGE="/Game/Enemy/EnemyCharacter" FILE="X:/Trabajos/Tecnivial_171211/Proyectos/MyProject2/Content/Enemy/EnemyCharacter.uasset" SILENT=true
[2018.03.20-15.40.56:963][850]LogSavePackage: Save=125.70ms
[2018.03.20-15.40.56:963][850]LogSavePackage: Moving 'X:/Trabajos/Tecnivial_171211/Proyectos/MyProject2/Saved/EnemyCharacterB06A329A456F4BB115FBAE9DA6D38BED.tmp' to 'X:/Trabajos/Tecnivial_171211/Proyectos/MyProject2/Content/Enemy/EnemyCharacter.uasset'
[2018.03.20-15.40.56:991][850]LogSavePackage: Display: Finished SavePackage X:/Trabajos/Tecnivial_171211/Proyectos/MyProject2/Content/Enemy/EnemyCharacter.uasset
[2018.03.20-15.47.37:016][900]LogSavePackage: Save=584.68ms
[2018.03.20-15.47.37:016][900]LogSavePackage: Moving 'X:/Trabajos/Tecnivial_171211/Proyectos/MyProject2/Saved/IAMAP_Auto3B4FF218443B0426AC6B26280EEAC31C8.tmp' to 'X:/Trabajos/Tecnivial_171211/Proyectos/MyProject2/Saved/Autosaves/Game/FirstPersonBP/Maps/IAMAP_Auto3.umap'
[2018.03.20-15.47.37:052][900]LogSavePackage: Display: Finished SavePackage X:/Trabajos/Tecnivial_171211/Proyectos/MyProject2/Saved/Autosaves/Game/FirstPersonBP/Maps/IAMAP_Auto3.umap
[2018.03.20-15.47.37:141][900]LogFileHelpers: Editor autosave (incl. sublevels) for '/Game/FirstPersonBP/Maps/IAMAP' took 0.863
[2018.03.20-15.47.37:141][900]LogFileHelpers: Editor autosave (incl. sublevels) for all levels took 0.863
[2018.03.20-15.48.12:829][820]LogTemp: Repeating last play command: Selected Viewport
[2018.03.20-15.48.13:577][820]LogPlayLevel: PlayLevel: No blueprints needed recompiling
[2018.03.20-15.48.13:578][820]PIE: New page: PIE session: IAMAP (Mar 20, 2018, 5:48:13 PM)
[2018.03.20-15.48.13:578][820]LogPlayLevel: Creating play world package: /Game/FirstPersonBP/Maps/UEDPIE_0_IAMAP
[2018.03.20-15.48.13:583][820]LogPlayLevel: PIE: StaticDuplicateObject took: (0.004816s)
[2018.03.20-15.48.13:583][820]LogAIModule: Creating AISystem for world IAMAP
[2018.03.20-15.48.13:583][820]LogPlayLevel: PIE: World Init took: (0.000834s)
[2018.03.20-15.48.13:584][820]LogPlayLevel: PIE: Created PIE world by copying editor world from /Game/FirstPersonBP/Maps/IAMAP.IAMAP to /Game/FirstPersonBP/Maps/UEDPIE_0_IAMAP.IAMAP (0.006000s)
[2018.03.20-15.48.13:658][820]LogInit: XAudio2 using 'Altavoces / Auriculares (Realtek High Definition Audio)' : 2 channels at 48 kHz using 32 bits per sample (channel mask 0x3)
[2018.03.20-15.48.13:666][820]LogInit: FAudioDevice initialized.
[2018.03.20-15.48.13:721][820]LogLoad: Game class is 'FirstPersonGameMode_C'
[2018.03.20-15.48.13:726][820]LogWorld: Bringing World /Game/FirstPersonBP/Maps/UEDPIE_0_IAMAP.IAMAP up for play (max tick rate 0) at 2018.03.20-16.48.13
[2018.03.20-15.48.13:732][820]LogWorld: Bringing up level for play took: 0.009236
[2018.03.20-15.48.13:807][820]LogContentBrowser: Native class hierarchy updated for 'MovieSceneCapture' in 0.0006 seconds. Added 11 classes and 0 folders.
[2018.03.20-15.48.13:810][820]LogScript: Warning: Accessed None trying to read property CallFunc_GetBlackboard_ReturnValue
	EnemyCharacter_C /Game/FirstPersonBP/Maps/UEDPIE_0_IAMAP.IAMAP:PersistentLevel.Enemy1
	Function /Game/Enemy/EnemyCharacter.EnemyCharacter_C:ExecuteUbergraph_EnemyCharacter:00CD
[2018.03.20-15.48.13:810][820]PIE: Error: Blueprint Runtime Error: Accessed None trying to read property CallFunc_GetBlackboard_ReturnValue from function: 'ExecuteUbergraph_EnemyCharacter' from node: Set Value as Object in graph: EventGraph in object: EnemyCharacter with description: Accessed None trying to read property CallFunc_GetBlackboard_ReturnValue
[2018.03.20-15.48.13:810][820]PIE: Play in editor start time for /Game/FirstPersonBP/Maps/UEDPIE_0_IAMAP 0.217
[2018.03.20-15.50.18:224][541]BlueprintLog: New page: Compile EnemyCharacter
[2018.03.20-15.50.23:556][878]BlueprintLog: New page: Compile EnemyCharacter
[2018.03.20-15.50.30:710][381]Cmd: CAMERA ALIGN ACTIVEVIEWPORTONLY
[2018.03.20-15.51.44:339][943]LogSelectionDetails: Warning: NavigateToFunctionSource:  Unable to find symbols for 'UBlackboardComponent::SetValueAsObject' [No se ha encontrado el elemento.]
[2018.03.20-15.54.42:222][510]BlueprintLog: New page: Compile EnemyCharacter
[2018.03.20-15.54.42:239][510]LogBlueprint: Error: [Compiler EnemyCharacter] This blueprint (self) is not a AIController, therefore ' Target ' must have a connection.
[2018.03.20-15.54.42:240][510]LogBlueprint: Error: [Compiler EnemyCharacter] Variable node  Get Blackboard  uses an invalid target.  It may depend on a node that is not connected to the execution chain, and got purged.
[2018.03.20-15.54.42:240][510]LogBlueprint: Error: [Compiler EnemyCharacter] The current value (None) of the ' Key Name ' pin is invalid: 'Key Name' must have an input wired into it ("by ref" params expect a valid input to operate on).
[2018.03.20-15.54.42:861][510]LogBlueprint: Warning: [Compiler EnemyCharacter] [2721.86] Compile of EnemyCharacter failed. 3 Fatal Issue(s) 0 Warning(s) [in 639 ms] (/Game/Enemy/EnemyCharacter.EnemyCharacter)
[2018.03.20-15.57.11:746][338]BlueprintLog: New page: Compile EnemyCharacter
[2018.03.20-15.57.17:411][623]LogSlate: Warning: Prevented a slow task dialog from being summoned while a context menu was open
[2018.03.20-15.58.13:887][ 58]BlueprintLog: New page: Compile EnemyCharacter
[2018.03.20-15.58.54:534][ 40]LogSavePackage: Save=279.47ms
[2018.03.20-15.58.54:534][ 40]LogSavePackage: Moving 'X:/Trabajos/Tecnivial_171211/Proyectos/MyProject2/Saved/IAMAP_Auto4D9DC252249DFD029FA5E26AA7F48716E.tmp' to 'X:/Trabajos/Tecnivial_171211/Proyectos/MyProject2/Saved/Autosaves/Game/FirstPersonBP/Maps/IAMAP_Auto4.umap'
[2018.03.20-15.58.54:563][ 40]LogSavePackage: Display: Finished SavePackage X:/Trabajos/Tecnivial_171211/Proyectos/MyProject2/Saved/Autosaves/Game/FirstPersonBP/Maps/IAMAP_Auto4.umap
[2018.03.20-15.58.54:577][ 40]LogFileHelpers: Editor autosave (incl. sublevels) for '/Game/FirstPersonBP/Maps/IAMAP' took 0.484
[2018.03.20-15.58.54:577][ 40]LogFileHelpers: Editor autosave (incl. sublevels) for all levels took 0.484
[2018.03.20-15.58.54:596][ 40]OBJ SavePackage: Generating thumbnails for [1] asset(s) in package [/Game/Enemy/EnemyCharacter] ([1] browsable assets)...
[2018.03.20-15.58.54:642][ 40]OBJ SavePackage:     Rendered thumbnail for [Blueprint /Game/Enemy/EnemyCharacter.EnemyCharacter]
[2018.03.20-15.58.54:642][ 40]OBJ SavePackage: Finished generating thumbnails for package [/Game/Enemy/EnemyCharacter]
[2018.03.20-15.58.54:642][ 40]Cmd: OBJ SAVEPACKAGE PACKAGE="/Game/Enemy/EnemyCharacter" FILE="X:/Trabajos/Tecnivial_171211/Proyectos/MyProject2/Saved/Autosaves/Game/Enemy/EnemyCharacter_Auto4.uasset" SILENT=false AUTOSAVING=true
[2018.03.20-15.58.55:201][ 40]LogSavePackage: Save=427.75ms
[2018.03.20-15.58.55:201][ 40]LogSavePackage: Moving 'X:/Trabajos/Tecnivial_171211/Proyectos/MyProject2/Saved/EnemyCharacter_Auto42611A8D847D28301F6AB8FB8B7BA00A2.tmp' to 'X:/Trabajos/Tecnivial_171211/Proyectos/MyProject2/Saved/Autosaves/Game/Enemy/EnemyCharacter_Auto4.uasset'
[2018.03.20-15.58.55:225][ 40]LogSavePackage: Display: Finished SavePackage X:/Trabajos/Tecnivial_171211/Proyectos/MyProject2/Saved/Autosaves/Game/Enemy/EnemyCharacter_Auto4.uasset
[2018.03.20-15.58.55:225][ 40]LogFileHelpers: Auto-saving content packages took 0.636
[2018.03.20-17.26.31:536][498]Cmd: OBJ SAVEPACKAGE PACKAGE="/Game/Enemy/EnemyCharacter" FILE="X:/Trabajos/Tecnivial_171211/Proyectos/MyProject2/Content/Enemy/EnemyCharacter.uasset" SILENT=true
[2018.03.20-17.26.32:403][498]LogSavePackage: Save=721.35ms
[2018.03.20-17.26.32:403][498]LogSavePackage: Moving 'X:/Trabajos/Tecnivial_171211/Proyectos/MyProject2/Saved/EnemyCharacter043099C04B1FA691967F7DB5E5D006DD.tmp' to 'X:/Trabajos/Tecnivial_171211/Proyectos/MyProject2/Content/Enemy/EnemyCharacter.uasset'
[2018.03.20-17.26.32:438][498]LogSavePackage: Display: Finished SavePackage X:/Trabajos/Tecnivial_171211/Proyectos/MyProject2/Content/Enemy/EnemyCharacter.uasset
[2018.03.20-17.26.32:671][498]Cmd: OBJ SAVEPACKAGE PACKAGE="/Game/FirstPersonBP/Maps/IAMAP" FILE="X:/Trabajos/Tecnivial_171211/Proyectos/MyProject2/Content/FirstPersonBP/Maps/IAMAP.umap" SILENT=true AUTOSAVING=false KEEPDIRTY=false
[2018.03.20-17.26.33:387][498]LogSavePackage: Save=571.16ms
[2018.03.20-17.26.33:387][498]LogSavePackage: Moving 'X:/Trabajos/Tecnivial_171211/Proyectos/MyProject2/Saved/IAMAP7212010E478444D323D4549B3C1F687C.tmp' to 'X:/Trabajos/Tecnivial_171211/Proyectos/MyProject2/Content/FirstPersonBP/Maps/IAMAP.umap'
[2018.03.20-17.26.33:426][498]LogSavePackage: Display: Finished SavePackage X:/Trabajos/Tecnivial_171211/Proyectos/MyProject2/Content/FirstPersonBP/Maps/IAMAP.umap
[2018.03.20-17.26.33:487][498]LogFileHelpers: Saving map 'IAMAP' took 1.043
[2018.03.20-17.26.34:054][498]LogActorComponent: UnregisterComponent: (/Engine/Transient.EditorFloorComp) Not registered. Aborting.
[2018.03.20-17.26.34:263][498]LogWindowsTextInputMethodSystem: Display: IME system now deactivated.
[2018.03.20-17.26.34:263][498]LogWindowsTextInputMethodSystem: Display: IME system now deactivated.
[2018.03.20-17.26.34:802][499]Cmd: QUIT_EDITOR
[2018.03.20-17.26.35:716][499]LogExit: Preparing to exit.
[2018.03.20-17.26.36:634][499]LogExit: Editor shut down
[2018.03.20-17.26.36:640][499]LogExit: Transaction tracking system shut down
[2018.03.20-17.26.37:712][499]LogDirectoryWatcher: A directory notification for '../../../Engine/Content/' was aborted.
[2018.03.20-17.26.37:712][499]LogDirectoryWatcher: A directory notification for '../../../Engine/Plugins/2D/Paper2D/Content/' was aborted.
[2018.03.20-17.26.37:712][499]LogDirectoryWatcher: A directory notification for '../../../Engine/Plugins/Media/MediaCompositing/Content/' was aborted.
[2018.03.20-17.26.37:712][499]LogDirectoryWatcher: A directory notification for '../../../Engine/Plugins/Runtime/AppleARKit/Content/' was aborted.
[2018.03.20-17.26.37:712][499]LogDirectoryWatcher: A directory notification for '../../../Engine/Plugins/Runtime/Oculus/OculusVR/Content/' was aborted.
[2018.03.20-17.26.37:713][499]LogDirectoryWatcher: A directory notification for '../../../Engine/Plugins/Runtime/Steam/SteamVR/Content/' was aborted.
[2018.03.20-17.26.37:812][499]LogExit: Object subsystem successfully closed.
[2018.03.20-17.26.37:863][499]LogD3D11RHI: Shutdown
[2018.03.20-17.26.37:863][499]LogD3D11RHI: CleanupD3DDevice
[2018.03.20-17.26.37:866][499]LogD3D11RHI: ~FD3D11DynamicRHI
[2018.03.20-17.26.37:875][499]LogModuleManager: Shutting down and abandoning module MovieSceneCapture (552)
[2018.03.20-17.26.37:875][499]LogModuleManager: Shutting down and abandoning module BlueprintGraph (550)
[2018.03.20-17.26.37:875][499]LogModuleManager: Shutting down and abandoning module HierarchicalLODOutliner (548)
[2018.03.20-17.26.37:875][499]LogModuleManager: Shutting down and abandoning module SceneOutliner (546)
[2018.03.20-17.26.37:875][499]LogModuleManager: Shutting down and abandoning module AddContentDialog (544)
[2018.03.20-17.26.37:875][499]LogDirectoryWatcher: A directory notification for 'D:/UNreal14/UE_4.18/FeaturePacks/' was aborted.
[2018.03.20-17.26.37:877][499]LogModuleManager: Shutting down and abandoning module WidgetCarousel (543)
[2018.03.20-17.26.37:877][499]LogModuleManager: Shutting down and abandoning module EditorWidgets (540)
[2018.03.20-17.26.37:877][499]LogModuleManager: Shutting down and abandoning module CollectionManager (538)
[2018.03.20-17.26.37:877][499]LogModuleManager: Shutting down and abandoning module StatsViewer (536)
[2018.03.20-17.26.37:877][499]LogModuleManager: Shutting down and abandoning module FoliageEdit (534)
[2018.03.20-17.26.37:877][499]LogModuleManager: Shutting down and abandoning module LandscapeEditor (532)
[2018.03.20-17.26.37:877][499]LogModuleManager: Shutting down and abandoning module MeshPaintMode (530)
[2018.03.20-17.26.37:877][499]LogModuleManager: Shutting down and abandoning module SceneDepthPickerMode (528)
[2018.03.20-17.26.37:877][499]LogModuleManager: Shutting down and abandoning module ActorPickerMode (526)
[2018.03.20-17.26.37:877][499]LogModuleManager: Shutting down and abandoning module GeometryMode (524)
[2018.03.20-17.26.37:877][499]LogModuleManager: Shutting down and abandoning module TextureAlignMode (522)
[2018.03.20-17.26.37:877][499]LogModuleManager: Shutting down and abandoning module BspMode (520)
[2018.03.20-17.26.37:877][499]LogModuleManager: Shutting down and abandoning module PIEPreviewDeviceProfileSelector (518)
[2018.03.20-17.26.37:877][499]LogModuleManager: Shutting down and abandoning module HardwareSurvey (516)
[2018.03.20-17.26.37:877][499]LogModuleManager: Shutting down and abandoning module SequenceRecorderSections (514)
[2018.03.20-17.26.37:877][499]LogModuleManager: Shutting down and abandoning module AutomationWorker (512)
[2018.03.20-17.26.37:877][499]LogModuleManager: Shutting down and abandoning module MatineeToLevelSequence (510)
[2018.03.20-17.26.37:877][499]LogModuleManager: Shutting down and abandoning module LevelSequenceEditor (508)
[2018.03.20-17.26.37:877][499]LogModuleManager: Shutting down and abandoning module PlacementMode (507)
[2018.03.20-17.26.37:877][499]LogModuleManager: Shutting down and abandoning module WmfMediaFactory (504)
[2018.03.20-17.26.37:877][499]LogModuleManager: Shutting down and abandoning module WmfMediaEditor (502)
[2018.03.20-17.26.37:877][499]LogModuleManager: Shutting down and abandoning module OpenExrWrapper (500)
[2018.03.20-17.26.37:877][499]LogModuleManager: Shutting down and abandoning module ImgMediaFactory (498)
[2018.03.20-17.26.37:877][499]LogModuleManager: Shutting down and abandoning module ImgMediaEditor (496)
[2018.03.20-17.26.37:878][499]LogModuleManager: Shutting down and abandoning module AvfMediaFactory (494)
[2018.03.20-17.26.37:878][499]LogModuleManager: Shutting down and abandoning module AvfMediaEditor (492)
[2018.03.20-17.26.37:878][499]LogModuleManager: Shutting down and abandoning module AndroidMediaFactory (490)
[2018.03.20-17.26.37:878][499]LogModuleManager: Shutting down and abandoning module AndroidMediaEditor (488)
[2018.03.20-17.26.37:878][499]LogModuleManager: Shutting down and abandoning module CharacterAI (486)
[2018.03.20-17.26.37:878][499]LogModuleManager: Shutting down and abandoning module AudioCapture (484)
[2018.03.20-17.26.37:878][499]LogModuleManager: Shutting down and abandoning module SequenceRecorder (483)
[2018.03.20-17.26.37:878][499]LogModuleManager: Shutting down and abandoning module SmartSnapping (480)
[2018.03.20-17.26.37:878][499]LogModuleManager: Shutting down and abandoning module SessionServices (478)
[2018.03.20-17.26.37:878][499]LogModuleManager: Shutting down and abandoning module ViewportSnapping (476)
[2018.03.20-17.26.37:878][499]LogModuleManager: Shutting down and abandoning module ViewportInteraction (474)
[2018.03.20-17.26.37:878][499]LogModuleManager: Shutting down and abandoning module ClothPainter (472)
[2018.03.20-17.26.37:878][499]LogModuleManager: Shutting down and abandoning module SkeletalMeshEditor (471)
[2018.03.20-17.26.37:878][499]LogModuleManager: Shutting down and abandoning module LogVisualizer (468)
[2018.03.20-17.26.37:878][499]LogModuleManager: Shutting down and abandoning module IntroTutorials (466)
[2018.03.20-17.26.37:878][499]LogModuleManager: Shutting down and abandoning module GameProjectGeneration (465)
[2018.03.20-17.26.37:878][499]LogModuleManager: Shutting down and abandoning module IOSPlatformEditor (462)
[2018.03.20-17.26.37:878][499]LogModuleManager: Shutting down and abandoning module HTML5PlatformEditor (460)
[2018.03.20-17.26.37:878][499]LogModuleManager: Shutting down and abandoning module AndroidPlatformEditor (458)
[2018.03.20-17.26.37:878][499]LogModuleManager: Shutting down and abandoning module AndroidDeviceDetection (457)
[2018.03.20-17.26.38:482][499]LogModuleManager: Shutting down and abandoning module WindowsPlatformEditor (454)
[2018.03.20-17.26.38:482][499]LogModuleManager: Shutting down and abandoning module IOSRuntimeSettings (452)
[2018.03.20-17.26.38:482][499]LogModuleManager: Shutting down and abandoning module AndroidRuntimeSettings (450)
[2018.03.20-17.26.38:482][499]LogModuleManager: Shutting down and abandoning module InputBindingEditor (448)
[2018.03.20-17.26.38:482][499]LogModuleManager: Shutting down and abandoning module MergeActors (446)
[2018.03.20-17.26.38:482][499]LogModuleManager: Shutting down and abandoning module SizeMap (444)
[2018.03.20-17.26.38:482][499]LogModuleManager: Shutting down and abandoning module TreeMap (442)
[2018.03.20-17.26.38:482][499]LogModuleManager: Shutting down and abandoning module ReferenceViewer (440)
[2018.03.20-17.26.38:482][499]LogModuleManager: Shutting down and abandoning module LocalizationDashboard (438)
[2018.03.20-17.26.38:482][499]LogModuleManager: Shutting down and abandoning module LocalizationService (437)
[2018.03.20-17.26.38:482][499]LogModuleManager: Shutting down and abandoning module HardwareTargeting (434)
[2018.03.20-17.26.38:482][499]LogModuleManager: Shutting down and abandoning module DeviceProfileEditor (432)
[2018.03.20-17.26.38:482][499]LogModuleManager: Shutting down and abandoning module UndoHistory (430)
[2018.03.20-17.26.38:482][499]LogModuleManager: Shutting down and abandoning module XmlParser (428)
[2018.03.20-17.26.38:482][499]LogModuleManager: Shutting down and abandoning module Blutility (426)
[2018.03.20-17.26.38:482][499]LogModuleManager: Shutting down and abandoning module ProjectSettingsViewer (424)
[2018.03.20-17.26.38:482][499]LogModuleManager: Shutting down and abandoning module ProjectTargetPlatformEditor (423)
[2018.03.20-17.26.38:482][499]LogModuleManager: Shutting down and abandoning module EditorSettingsViewer (420)
[2018.03.20-17.26.38:482][499]LogModuleManager: Shutting down and abandoning module SettingsEditor (418)
[2018.03.20-17.26.38:483][499]LogModuleManager: Shutting down and abandoning module ProjectLauncher (416)
[2018.03.20-17.26.38:483][499]LogModuleManager: Shutting down and abandoning module SessionFrontend (414)
[2018.03.20-17.26.38:483][499]LogModuleManager: Shutting down and abandoning module ProfilerClient (412)
[2018.03.20-17.26.38:483][499]LogModuleManager: Shutting down and abandoning module DeviceManager (410)
[2018.03.20-17.26.38:483][499]LogModuleManager: Shutting down and abandoning module TargetDeviceServices (409)
[2018.03.20-17.26.38:557][499]LogModuleManager: Shutting down and abandoning module AutomationController (406)
[2018.03.20-17.26.38:557][499]LogModuleManager: Shutting down and abandoning module AutomationWindow (404)
[2018.03.20-17.26.38:557][499]LogModuleManager: Shutting down and abandoning module Layers (402)
[2018.03.20-17.26.38:557][499]LogModuleManager: Shutting down and abandoning module ComponentVisualizers (400)
[2018.03.20-17.26.38:557][499]LogModuleManager: Shutting down and abandoning module DetailCustomizations (398)
[2018.03.20-17.26.38:557][499]LogModuleManager: Shutting down and abandoning module PackagesDialog (396)
[2018.03.20-17.26.38:557][499]LogModuleManager: Shutting down and abandoning module Persona (394)
[2018.03.20-17.26.38:557][499]LogModuleManager: Shutting down and abandoning module AdvancedPreviewScene (393)
[2018.03.20-17.26.38:557][499]LogModuleManager: Shutting down and abandoning module AnimGraph (391)
[2018.03.20-17.26.38:557][499]LogModuleManager: Shutting down and abandoning module Kismet (388)
[2018.03.20-17.26.38:566][499]LogModuleManager: Shutting down and abandoning module ClassViewer (386)
[2018.03.20-17.26.38:568][499]LogModuleManager: Shutting down and abandoning module Toolbox (384)
[2018.03.20-17.26.38:568][499]LogModuleManager: Shutting down and abandoning module ModuleUI (382)
[2018.03.20-17.26.38:568][499]LogModuleManager: Shutting down and abandoning module MovieSceneTools (380)
[2018.03.20-17.26.38:568][499]LogModuleManager: Shutting down and abandoning module OutputLog (378)
[2018.03.20-17.26.38:568][499]LogModuleManager: Shutting down and abandoning module GammaUI (376)
[2018.03.20-17.26.38:568][499]LogModuleManager: Shutting down and abandoning module Documentation (374)
[2018.03.20-17.26.38:568][499]LogModuleManager: Shutting down and abandoning module MovieSceneTracks (372)
[2018.03.20-17.26.38:568][499]LogModuleManager: Shutting down and abandoning module MovieScene (370)
[2018.03.20-17.26.38:568][499]LogModuleManager: Shutting down and abandoning module StreamingPauseRendering (368)
[2018.03.20-17.26.38:568][499]LogModuleManager: Shutting down and abandoning module LauncherPlatform (366)
[2018.03.20-17.26.38:568][499]LogModuleManager: Shutting down and abandoning module AnalyticsET (364)
[2018.03.20-17.26.38:568][499]LogModuleManager: Shutting down and abandoning module PortalServices (362)
[2018.03.20-17.26.38:568][499]LogModuleManager: Shutting down and abandoning module PortalRpc (360)
[2018.03.20-17.26.38:568][499]LogModuleManager: Shutting down and abandoning module MessagingRpc (358)
[2018.03.20-17.26.38:568][499]LogModuleManager: Shutting down and abandoning module AIModule (356)
[2018.03.20-17.26.38:568][499]LogModuleManager: Shutting down and abandoning module GameplayDebugger (355)
[2018.03.20-17.26.38:568][499]LogModuleManager: Shutting down and abandoning module AITestSuite (353)
[2018.03.20-17.26.38:568][499]LogModuleManager: Shutting down and abandoning module DesktopPlatform (350)
[2018.03.20-17.26.38:568][499]LogModuleManager: Shutting down and abandoning module ProfilerService (348)
[2018.03.20-17.26.38:600][499]LogModuleManager: Shutting down and abandoning module TaskGraph (346)
[2018.03.20-17.26.38:600][499]LogModuleManager: Shutting down and abandoning module SteamVRController (344)
[2018.03.20-17.26.38:600][499]LogModuleManager: Shutting down and abandoning module ProceduralMeshComponentEditor (342)
[2018.03.20-17.26.38:600][499]LogModuleManager: Shutting down and abandoning module ProceduralMeshComponent (340)
[2018.03.20-17.26.38:600][499]LogModuleManager: Shutting down and abandoning module OculusInput (338)
[2018.03.20-17.26.38:600][499]LogModuleManager: Shutting down and abandoning module MobilePatchingUtils (336)
[2018.03.20-17.26.38:600][499]LogModuleManager: Shutting down and abandoning module CustomMeshComponent (334)
[2018.03.20-17.26.38:600][499]LogModuleManager: Shutting down and abandoning module CableComponent (332)
[2018.03.20-17.26.38:601][499]LogModuleManager: Shutting down and abandoning module ArchVisCharacter (330)
[2018.03.20-17.26.38:601][499]LogModuleManager: Shutting down and abandoning module AndroidPermission (328)
[2018.03.20-17.26.38:601][499]LogModuleManager: Shutting down and abandoning module ActorSequence (324)
[2018.03.20-17.26.38:601][499]LogModuleManager: Shutting down and abandoning module MediaPlayerEditor (322)
[2018.03.20-17.26.38:601][499]LogModuleManager: Shutting down and abandoning module MediaCompositingEditor (320)
[2018.03.20-17.26.38:601][499]LogModuleManager: Shutting down and abandoning module MediaCompositing (318)
[2018.03.20-17.26.38:601][499]LogModuleManager: Shutting down and abandoning module HTML5Networking (316)
[2018.03.20-17.26.38:601][499]LogModuleManager: Shutting down and abandoning module AlembicImporter (314)
[2018.03.20-17.26.38:601][499]LogModuleManager: Shutting down and abandoning module AlembicLibrary (313)
[2018.03.20-17.26.38:601][499]LogModuleManager: Shutting down and abandoning module GeometryCache (312)
[2018.03.20-17.26.38:601][499]LogModuleManager: Shutting down and abandoning module GeometryCacheEd (311)
[2018.03.20-17.26.38:601][499]LogModuleManager: Shutting down and abandoning module SpeedTreeImporter (306)
[2018.03.20-17.26.38:601][499]LogModuleManager: Shutting down and abandoning module PluginBrowser (304)
[2018.03.20-17.26.38:601][499]LogModuleManager: Shutting down and abandoning module MobileLauncherProfileWizard (302)
[2018.03.20-17.26.38:601][499]LogModuleManager: Shutting down and abandoning module VisualStudioSourceCodeAccess (300)
[2018.03.20-17.26.38:601][499]LogModuleManager: Shutting down and abandoning module VisualStudioCodeSourceCodeAccess (298)
[2018.03.20-17.26.38:601][499]LogModuleManager: Shutting down and abandoning module UObjectPlugin (296)
[2018.03.20-17.26.38:601][499]LogModuleManager: Shutting down and abandoning module SubversionSourceControl (294)
[2018.03.20-17.26.38:601][499]LogModuleManager: Shutting down and abandoning module PerforceSourceControl (292)
[2018.03.20-17.26.38:601][499]LogModuleManager: Shutting down and abandoning module GitSourceControl (290)
[2018.03.20-17.26.38:601][499]LogModuleManager: Shutting down and abandoning module SourceControl (289)
[2018.03.20-17.26.38:601][499]LogModuleManager: Shutting down and abandoning module LightPropagationVolumeEditor (286)
[2018.03.20-17.26.38:601][499]LogModuleManager: Shutting down and abandoning module PaperTiledImporter (284)
[2018.03.20-17.26.38:601][499]LogModuleManager: Shutting down and abandoning module PaperSpriteSheetImporter (282)
[2018.03.20-17.26.38:601][499]LogModuleManager: Shutting down and abandoning module Paper2DEditor (280)
[2018.03.20-17.26.38:601][499]LogModuleManager: Shutting down and abandoning module MeshPaint (279)
[2018.03.20-17.26.38:601][499]LogModuleManager: Shutting down and abandoning module LevelEditor (277)
[2018.03.20-17.26.38:603][499]LogModuleManager: Shutting down and abandoning module PixelInspectorModule (276)
[2018.03.20-17.26.38:603][499]LogModuleManager: Shutting down and abandoning module MainFrame (274)
[2018.03.20-17.26.38:603][499]LogModuleManager: Shutting down and abandoning module HotReload (273)
[2018.03.20-17.26.38:603][499]LogModuleManager: Shutting down and abandoning module RuntimePhysXCooking (268)
[2018.03.20-17.26.38:603][499]LogModuleManager: Shutting down and abandoning module PhysXVehiclesEditor (266)
[2018.03.20-17.26.38:603][499]LogModuleManager: Shutting down and abandoning module PhysXVehicles (264)
[2018.03.20-17.26.38:603][499]LogModuleManager: Shutting down and abandoning module OculusEditor (262)
[2018.03.20-17.26.38:603][499]LogModuleManager: Shutting down and abandoning module LocationServicesBPLibrary (260)
[2018.03.20-17.26.38:603][499]LogModuleManager: Shutting down and abandoning module ImmediatePhysicsEditor (258)
[2018.03.20-17.26.38:603][499]LogModuleManager: Shutting down and abandoning module ImmediatePhysics (256)
[2018.03.20-17.26.38:603][499]LogModuleManager: Shutting down and abandoning module UdpMessaging (254)
[2018.03.20-17.26.38:704][499]LogModuleManager: Shutting down and abandoning module TcpMessaging (252)
[2018.03.20-17.26.38:805][499]LogModuleManager: Shutting down and abandoning module GameplayTagsEditor (250)
[2018.03.20-17.26.38:805][499]LogModuleManager: Shutting down and abandoning module FacialAnimationEditor (248)
[2018.03.20-17.26.38:805][499]LogModuleManager: Shutting down and abandoning module FacialAnimation (246)
[2018.03.20-17.26.38:805][499]LogModuleManager: Shutting down and abandoning module AssetManagerEditor (244)
[2018.03.20-17.26.38:805][499]LogModuleManager: Shutting down and abandoning module GraphEditor (243)
[2018.03.20-17.26.38:805][499]LogModuleManager: Shutting down and abandoning module ContentBrowser (241)
[2018.03.20-17.26.38:806][499]LogModuleManager: Shutting down and abandoning module LightPropagationVolumeRuntime (238)
[2018.03.20-17.26.38:806][499]LogModuleManager: Shutting down and abandoning module Paper2D (236)
[2018.03.20-17.26.38:806][499]LogModuleManager: Shutting down and abandoning module WindowsMoviePlayer (234)
[2018.03.20-17.26.38:806][499]LogModuleManager: Shutting down and abandoning module WmfMedia (232)
[2018.03.20-17.26.38:806][499]LogModuleManager: Shutting down and abandoning module ImgMedia (230)
[2018.03.20-17.26.38:807][499]LogModuleManager: Shutting down and abandoning module PacketHandler (228)
[2018.03.20-17.26.38:807][499]LogModuleManager: Shutting down and abandoning module ClothingSystemEditor (226)
[2018.03.20-17.26.38:807][499]LogModuleManager: Shutting down and abandoning module ClothingSystemRuntime (224)
[2018.03.20-17.26.38:810][499]LogModuleManager: Shutting down and abandoning module MediaAssets (222)
[2018.03.20-17.26.38:810][499]LogModuleManager: Shutting down and abandoning module Media (221)
[2018.03.20-17.26.38:816][499]LogModuleManager: Shutting down and abandoning module Overlay (218)
[2018.03.20-17.26.38:816][499]LogModuleManager: Shutting down and abandoning module OverlayEditor (217)
[2018.03.20-17.26.38:816][499]LogModuleManager: Shutting down and abandoning module VREditor (214)
[2018.03.20-17.26.38:816][499]LogModuleManager: Shutting down and abandoning module StringTableEditor (212)
[2018.03.20-17.26.38:816][499]LogModuleManager: Shutting down and abandoning module GameplayTasksEditor (210)
[2018.03.20-17.26.38:816][499]LogModuleManager: Shutting down and abandoning module BehaviorTreeEditor (208)
[2018.03.20-17.26.38:816][499]LogModuleManager: Shutting down and abandoning module FunctionalTesting (206)
[2018.03.20-17.26.38:816][499]LogModuleManager: Shutting down and abandoning module CollisionAnalyzer (204)
[2018.03.20-17.26.38:816][499]LogModuleManager: Shutting down and abandoning module WorkspaceMenuStructure (203)
[2018.03.20-17.26.38:816][499]LogModuleManager: Shutting down and abandoning module UMG (200)
[2018.03.20-17.26.38:816][499]LogModuleManager: Shutting down and abandoning module UMGEditor (199)
[2018.03.20-17.26.38:816][499]LogModuleManager: Shutting down and abandoning module Sequencer (198)
[2018.03.20-17.26.38:816][499]LogModuleManager: Shutting down and abandoning module MessageLog (195)
[2018.03.20-17.26.38:816][499]LogModuleManager: Shutting down and abandoning module SlateReflector (190)
[2018.03.20-17.26.38:816][499]LogModuleManager: Shutting down and abandoning module Slate (188)
[2018.03.20-17.26.38:816][499]LogModuleManager: Shutting down and abandoning module EditorStyle (186)
[2018.03.20-17.26.38:819][499]LogModuleManager: Shutting down and abandoning module MRMesh (184)
[2018.03.20-17.26.38:819][499]LogModuleManager: Shutting down and abandoning module SourceCodeAccess (182)
[2018.03.20-17.26.38:819][499]LogModuleManager: Shutting down and abandoning module HeadMountedDisplay (180)
[2018.03.20-17.26.38:819][499]LogModuleManager: Shutting down and abandoning module XAudio2 (178)
[2018.03.20-17.26.38:819][499]LogModuleManager: Shutting down and abandoning module Networking (176)
[2018.03.20-17.26.38:819][499]LogModuleManager: Shutting down and abandoning module Core (172)
[2018.03.20-17.26.38:819][499]LogModuleManager: Shutting down and abandoning module LevelSequence (168)
[2018.03.20-17.26.38:819][499]LogModuleManager: Shutting down and abandoning module DirectoryWatcher (166)
[2018.03.20-17.26.38:819][499]LogModuleManager: Shutting down and abandoning module KismetCompiler (164)
[2018.03.20-17.26.38:819][499]LogModuleManager: Shutting down and abandoning module MeshUtilities (162)
[2018.03.20-17.26.38:819][499]LogModuleManager: Shutting down and abandoning module MeshMergeUtilities (161)
[2018.03.20-17.26.38:819][499]LogModuleManager: Shutting down and abandoning module MeshReductionInterface (160)
[2018.03.20-17.26.38:819][499]LogModuleManager: Shutting down and abandoning module SimplygonSwarm (159)
[2018.03.20-17.26.38:819][499]LogModuleManager: Shutting down and abandoning module SimplygonMeshReduction (157)
[2018.03.20-17.26.38:819][499]LogModuleManager: Shutting down and abandoning module QuadricMeshReduction (155)
[2018.03.20-17.26.38:819][499]LogModuleManager: Shutting down and abandoning module MaterialBaking (151)
[2018.03.20-17.26.38:820][499]LogModuleManager: Shutting down and abandoning module DerivedDataCache (148)
[2018.03.20-17.26.38:836][499]LogDerivedDataCache: Shutdown
[2018.03.20-17.26.38:836][499]LogModuleManager: Shutting down and abandoning module TargetPlatform (146)
[2018.03.20-17.26.38:836][499]LogModuleManager: Shutting down and abandoning module VulkanShaderFormat (145)
[2018.03.20-17.26.38:836][499]LogModuleManager: Shutting down and abandoning module ShaderFormatVectorVM (143)
[2018.03.20-17.26.38:836][499]LogModuleManager: Shutting down and abandoning module ShaderFormatOpenGL (141)
[2018.03.20-17.26.38:836][499]LogModuleManager: Shutting down and abandoning module ShaderFormatD3D (139)
[2018.03.20-17.26.38:836][499]LogModuleManager: Shutting down and abandoning module MetalShaderFormat (137)
[2018.03.20-17.26.38:836][499]LogModuleManager: Shutting down and abandoning module TextureFormatUncompressed (135)
[2018.03.20-17.26.38:836][499]LogModuleManager: Shutting down and abandoning module TextureFormatPVR (133)
[2018.03.20-17.26.38:836][499]LogModuleManager: Shutting down and abandoning module TextureFormatDXT (131)
[2018.03.20-17.26.38:836][499]LogModuleManager: Shutting down and abandoning module TextureFormatIntelISPCTexComp (129)
[2018.03.20-17.26.38:836][499]LogModuleManager: Shutting down and abandoning module TextureFormatASTC (127)
[2018.03.20-17.26.38:836][499]LogModuleManager: Shutting down and abandoning module ImageWrapper (126)
[2018.03.20-17.26.38:836][499]LogModuleManager: Shutting down and abandoning module TextureFormatAndroid (123)
[2018.03.20-17.26.38:836][499]LogModuleManager: Shutting down and abandoning module AudioFormatOpus (121)
[2018.03.20-17.26.38:836][499]LogModuleManager: Shutting down and abandoning module AudioFormatOgg (119)
[2018.03.20-17.26.38:836][499]LogModuleManager: Shutting down and abandoning module AudioFormatADPCM (117)
[2018.03.20-17.26.38:836][499]LogModuleManager: Shutting down and abandoning module LinuxTargetPlatform (115)
[2018.03.20-17.26.38:836][499]LogModuleManager: Shutting down and abandoning module LinuxServerTargetPlatform (113)
[2018.03.20-17.26.38:836][499]LogModuleManager: Shutting down and abandoning module LinuxNoEditorTargetPlatform (111)
[2018.03.20-17.26.38:836][499]LogModuleManager: Shutting down and abandoning module LinuxClientTargetPlatform (109)
[2018.03.20-17.26.38:836][499]LogModuleManager: Shutting down and abandoning module TVOSTargetPlatform (107)
[2018.03.20-17.26.38:836][499]LogModuleManager: Shutting down and abandoning module Messaging (105)
[2018.03.20-17.26.38:836][499]LogModuleManager: Shutting down and abandoning module IOSTargetPlatform (103)
[2018.03.20-17.26.38:836][499]LogModuleManager: Shutting down and abandoning module HTML5TargetPlatform (101)
[2018.03.20-17.26.38:836][499]LogModuleManager: Shutting down and abandoning module AndroidTargetPlatform (99)
[2018.03.20-17.26.38:836][499]LogModuleManager: Shutting down and abandoning module Android_PVRTCTargetPlatform (97)
[2018.03.20-17.26.38:836][499]LogModuleManager: Shutting down and abandoning module Android_MultiTargetPlatform (95)
[2018.03.20-17.26.38:836][499]LogModuleManager: Shutting down and abandoning module Android_ETC2TargetPlatform (93)
[2018.03.20-17.26.38:836][499]LogModuleManager: Shutting down and abandoning module Android_ETC1TargetPlatform (91)
[2018.03.20-17.26.38:836][499]LogModuleManager: Shutting down and abandoning module Android_DXTTargetPlatform (89)
[2018.03.20-17.26.38:836][499]LogModuleManager: Shutting down and abandoning module Android_ATCTargetPlatform (87)
[2018.03.20-17.26.38:836][499]LogModuleManager: Shutting down and abandoning module Android_ASTCTargetPlatform (85)
[2018.03.20-17.26.38:836][499]LogModuleManager: Shutting down and abandoning module WindowsTargetPlatform (83)
[2018.03.20-17.26.38:836][499]LogModuleManager: Shutting down and abandoning module WindowsServerTargetPlatform (81)
[2018.03.20-17.26.38:836][499]LogModuleManager: Shutting down and abandoning module WindowsNoEditorTargetPlatform (79)
[2018.03.20-17.26.38:836][499]LogModuleManager: Shutting down and abandoning module WindowsClientTargetPlatform (77)
[2018.03.20-17.26.38:836][499]LogModuleManager: Shutting down and abandoning module MacTargetPlatform (75)
[2018.03.20-17.26.38:836][499]LogModuleManager: Shutting down and abandoning module MacServerTargetPlatform (73)
[2018.03.20-17.26.38:836][499]LogModuleManager: Shutting down and abandoning module MacNoEditorTargetPlatform (71)
[2018.03.20-17.26.38:836][499]LogModuleManager: Shutting down and abandoning module MacClientTargetPlatform (69)
[2018.03.20-17.26.38:836][499]LogModuleManager: Shutting down and abandoning module AllDesktopTargetPlatform (67)
[2018.03.20-17.26.38:836][499]LogModuleManager: Shutting down and abandoning module InputCore (64)
[2018.03.20-17.26.38:836][499]LogModuleManager: Shutting down and abandoning module Settings (62)
[2018.03.20-17.26.38:836][499]LogModuleManager: Shutting down and abandoning module PhysXCooking (60)
[2018.03.20-17.26.38:836][499]LogModuleManager: Shutting down and abandoning module SteamVR (58)
[2018.03.20-17.26.38:836][499]LogModuleManager: Shutting down and abandoning module OculusHMD (56)
[2018.03.20-17.26.38:837][499]LogModuleManager: Shutting down and abandoning module ExampleDeviceProfileSelector (54)
[2018.03.20-17.26.38:837][499]LogModuleManager: Shutting down and abandoning module AppleARKit (52)
[2018.03.20-17.26.38:837][499]LogModuleManager: Shutting down and abandoning module AugmentedReality (51)
[2018.03.20-17.26.38:837][499]LogModuleManager: Shutting down and abandoning module OnlineBlueprintSupport (48)
[2018.03.20-17.26.38:837][499]LogModuleManager: Shutting down and abandoning module OnlineSubsystem (44)
[2018.03.20-17.26.38:837][499]LogModuleManager: Shutting down and abandoning module XMPP (43)
[2018.03.20-17.26.38:837][499]LogModuleManager: Shutting down and abandoning module HTTP (41)
[2018.03.20-17.26.38:837][499]LogHttp: Display: Http module shutting down, but needs to wait on 1 outstanding Http requests:
[2018.03.20-17.26.38:837][499]LogHttp: Display: 	verb=[POST] url=[https://datarouter.ol.epicgames.com/datarouter/api/v1/public/data?SessionID=%7B516F7ED7-4C4F-5AFD-92E8-C1A271C688FB%7D&AppID=UEEditor.Rocket.Release&AppVersion=4.18.3-3832480%2B%2B%2BUE4%2BRelease-4.18&UserID=6f92fdc140fa715dc9573caf31a6d00e%7C03200d8a2de7413b813a1bf96daa71e0%7Cfa2f18e6-a84b-4325-abb5-0871c68651a6&AppEnvironment=datacollector-binary&UploadType=eteventstream] status=Processing
[2018.03.20-17.26.38:860][499]LogModuleManager: Shutting down and abandoning module SSL (40)
[2018.03.20-17.26.38:862][499]LogModuleManager: Shutting down and abandoning module AnimationModifiers (36)
[2018.03.20-17.26.38:862][499]LogModuleManager: Shutting down and abandoning module PropertyEditor (35)
[2018.03.20-17.26.38:862][499]LogModuleManager: Shutting down and abandoning module AudioEditor (32)
[2018.03.20-17.26.38:862][499]LogModuleManager: Shutting down and abandoning module TextureCompressor (30)
[2018.03.20-17.26.38:862][499]LogModuleManager: Shutting down and abandoning module ShaderCore (28)
[2018.03.20-17.26.38:862][499]LogModuleManager: Shutting down and abandoning module Landscape (26)
[2018.03.20-17.26.38:862][499]LogModuleManager: Shutting down and abandoning module SlateRHIRenderer (24)
[2018.03.20-17.26.38:864][499]LogModuleManager: Shutting down and abandoning module OpenGLDrv (22)
[2018.03.20-17.26.38:864][499]LogModuleManager: Shutting down and abandoning module D3D11RHI (20)
[2018.03.20-17.26.38:864][499]LogModuleManager: Shutting down and abandoning module AnimGraphRuntime (18)
[2018.03.20-17.26.38:864][499]LogModuleManager: Shutting down and abandoning module Renderer (16)
[2018.03.20-17.26.38:864][499]LogModuleManager: Shutting down and abandoning module Engine (14)
[2018.03.20-17.26.38:864][499]LogModuleManager: Shutting down and abandoning module CoreUObject (12)
[2018.03.20-17.26.38:864][499]LogModuleManager: Shutting down and abandoning module NetworkFile (10)
[2018.03.20-17.26.38:864][499]LogModuleManager: Shutting down and abandoning module CookedIterativeFile (8)
[2018.03.20-17.26.38:864][499]LogModuleManager: Shutting down and abandoning module StreamingFile (6)
[2018.03.20-17.26.38:864][499]LogModuleManager: Shutting down and abandoning module SandboxFile (4)
[2018.03.20-17.26.38:864][499]LogModuleManager: Shutting down and abandoning module PakFile (2)
[2018.03.20-17.26.38:874][499]LogExit: Exiting.
[2018.03.20-17.26.38:900][499]Log file closed, 03/20/18 18:26:38
