Log file open, 03/19/18 12:48:10
LogWindows: Failed to load 'aqProf.dll' (GetLastError=126)
LogWindows: File 'aqProf.dll' does not exist
LogWindows: Failed to load 'VtuneApi.dll' (GetLastError=126)
LogWindows: File 'VtuneApi.dll' does not exist
LogWindows: Failed to load 'VtuneApi32e.dll' (GetLastError=126)
LogWindows: File 'VtuneApi32e.dll' does not exist
LogInit: Display: Running engine for game: MyProject2
LogPlatformFile: Not using cached read wrapper
LogInit: Display: RandInit(1109884526) SRandInit(1109884527).
LogInit: Read version file with build ID '3709383'
LogInit: Overriding engine version to CL 3832480, compatible CL 3709383
LogInit: Registered custom module enumerator with build ID '3709383'
LogTaskGraph: Started task graph with 5 named threads and 38 total threads with 3 sets of task threads.
LogStats: Stats thread started at 0.431522
LogD3D11RHI: Aftermath initialized
LogModuleManager: Display: Found up-to-date module file ../../../Engine/Plugins/2D/Paper2D/Binaries/Win64/UE4Editor-Paper2D.dll (API version 3709383).
LogModuleManager: Display: Found up-to-date module file ../../../Engine/Plugins/2D/Paper2D/Binaries/Win64/UE4Editor-Paper2DEditor.dll (API version 3709383).
LogModuleManager: Display: Found up-to-date module file ../../../Engine/Plugins/2D/Paper2D/Binaries/Win64/UE4Editor-PaperSpriteSheetImporter.dll (API version 3709383).
LogModuleManager: Display: Found up-to-date module file ../../../Engine/Plugins/2D/Paper2D/Binaries/Win64/UE4Editor-PaperTiledImporter.dll (API version 3709383).
LogModuleManager: Display: Found up-to-date module file ../../../Engine/Plugins/2D/Paper2D/Binaries/Win64/UE4Editor-SmartSnapping.dll (API version 3709383).
LogModuleManager: Display: Found up-to-date module file ../../../Engine/Plugins/Blendables/LightPropagationVolume/Binaries/Win64/UE4Editor-LightPropagationVolumeRuntime.dll (API version 3709383).
LogModuleManager: Display: Found up-to-date module file ../../../Engine/Plugins/Blendables/LightPropagationVolume/Binaries/Win64/UE4Editor-LightPropagationVolumeEditor.dll (API version 3709383).
LogModuleManager: Display: Found up-to-date module file ../../../Engine/Plugins/Developer/GitSourceControl/Binaries/Win64/UE4Editor-GitSourceControl.dll (API version 3709383).
LogModuleManager: Display: Found up-to-date module file ../../../Engine/Plugins/Developer/PerforceSourceControl/Binaries/Win64/UE4Editor-PerforceSourceControl.dll (API version 3709383).
LogModuleManager: Display: Found up-to-date module file ../../../Engine/Plugins/Developer/SubversionSourceControl/Binaries/Win64/UE4Editor-SubversionSourceControl.dll (API version 3709383).
LogModuleManager: Display: Found up-to-date module file ../../../Engine/Plugins/Developer/UObjectPlugin/Binaries/Win64/UE4Editor-UObjectPlugin.dll (API version 3709383).
LogModuleManager: Display: Found up-to-date module file ../../../Engine/Plugins/Developer/VisualStudioCodeSourceCodeAccess/Binaries/Win64/UE4Editor-VisualStudioCodeSourceCodeAccess.dll (API version 3709383).
LogModuleManager: Display: Found up-to-date module file ../../../Engine/Plugins/Developer/VisualStudioSourceCodeAccess/Binaries/Win64/UE4Editor-VisualStudioSourceCodeAccess.dll (API version 3709383).
LogModuleManager: Display: Found up-to-date module file ../../../Engine/Plugins/Editor/AssetManagerEditor/Binaries/Win64/UE4Editor-AssetManagerEditor.dll (API version 3709383).
LogModuleManager: Display: Found up-to-date module file ../../../Engine/Plugins/Editor/AudioCapture/Binaries/Win64/UE4Editor-AudioCapture.dll (API version 3709383).
LogModuleManager: Display: Found up-to-date module file ../../../Engine/Plugins/Editor/FacialAnimation/Binaries/Win64/UE4Editor-FacialAnimation.dll (API version 3709383).
LogModuleManager: Display: Found up-to-date module file ../../../Engine/Plugins/Editor/FacialAnimation/Binaries/Win64/UE4Editor-FacialAnimationEditor.dll (API version 3709383).
LogModuleManager: Display: Found up-to-date module file ../../../Engine/Plugins/Editor/GameplayTagsEditor/Binaries/Win64/UE4Editor-GameplayTagsEditor.dll (API version 3709383).
LogModuleManager: Display: Found up-to-date module file ../../../Engine/Plugins/Editor/MobileLauncherProfileWizard/Binaries/Win64/UE4Editor-MobileLauncherProfileWizard.dll (API version 3709383).
LogModuleManager: Display: Found up-to-date module file ../../../Engine/Plugins/Editor/PluginBrowser/Binaries/Win64/UE4Editor-PluginBrowser.dll (API version 3709383).
LogModuleManager: Display: Found up-to-date module file ../../../Engine/Plugins/Editor/SpeedTreeImporter/Binaries/Win64/UE4Editor-SpeedTreeImporter.dll (API version 3709383).
LogModuleManager: Display: Found up-to-date module file ../../../Engine/Plugins/Experimental/AlembicImporter/Binaries/Win64/UE4Editor-AlembicImporter.dll (API version 3709383).
LogModuleManager: Display: Found up-to-date module file ../../../Engine/Plugins/Experimental/AlembicImporter/Binaries/Win64/UE4Editor-AlembicLibrary.dll (API version 3709383).
LogModuleManager: Display: Found up-to-date module file ../../../Engine/Plugins/Experimental/CharacterAI/Binaries/Win64/UE4Editor-CharacterAI.dll (API version 3709383).
LogModuleManager: Display: Found up-to-date module file ../../../Engine/Plugins/Experimental/HTML5Networking/Binaries/Win64/UE4Editor-HTML5Networking.dll (API version 3709383).
LogModuleManager: Display: Found up-to-date module file ../../../Engine/Plugins/Media/AndroidMedia/Binaries/Win64/UE4Editor-AndroidMediaEditor.dll (API version 3709383).
LogModuleManager: Display: Found up-to-date module file ../../../Engine/Plugins/Media/AndroidMedia/Binaries/Win64/UE4Editor-AndroidMediaFactory.dll (API version 3709383).
LogModuleManager: Display: Found up-to-date module file ../../../Engine/Plugins/Media/AvfMedia/Binaries/Win64/UE4Editor-AvfMediaEditor.dll (API version 3709383).
LogModuleManager: Display: Found up-to-date module file ../../../Engine/Plugins/Media/AvfMedia/Binaries/Win64/UE4Editor-AvfMediaFactory.dll (API version 3709383).
LogModuleManager: Display: Found up-to-date module file ../../../Engine/Plugins/Media/AvfMedia/Binaries/Win64/UE4Editor-AvfMediaFactory.dll (API version 3709383).
LogModuleManager: Display: Found up-to-date module file ../../../Engine/Plugins/Media/ImgMedia/Binaries/Win64/UE4Editor-ImgMedia.dll (API version 3709383).
LogModuleManager: Display: Found up-to-date module file ../../../Engine/Plugins/Media/ImgMedia/Binaries/Win64/UE4Editor-ImgMediaEditor.dll (API version 3709383).
LogModuleManager: Display: Found up-to-date module file ../../../Engine/Plugins/Media/ImgMedia/Binaries/Win64/UE4Editor-ImgMediaFactory.dll (API version 3709383).
LogModuleManager: Display: Found up-to-date module file ../../../Engine/Plugins/Media/ImgMedia/Binaries/Win64/UE4Editor-ImgMediaFactory.dll (API version 3709383).
LogModuleManager: Display: Found up-to-date module file ../../../Engine/Plugins/Media/ImgMedia/Binaries/Win64/UE4Editor-OpenExrWrapper.dll (API version 3709383).
LogModuleManager: Display: Found up-to-date module file ../../../Engine/Plugins/Media/MediaCompositing/Binaries/Win64/UE4Editor-MediaCompositing.dll (API version 3709383).
LogModuleManager: Display: Found up-to-date module file ../../../Engine/Plugins/Media/MediaCompositing/Binaries/Win64/UE4Editor-MediaCompositingEditor.dll (API version 3709383).
LogModuleManager: Display: Found up-to-date module file ../../../Engine/Plugins/Media/MediaPlayerEditor/Binaries/Win64/UE4Editor-MediaPlayerEditor.dll (API version 3709383).
LogModuleManager: Display: Found up-to-date module file ../../../Engine/Plugins/Media/WmfMedia/Binaries/Win64/UE4Editor-WmfMedia.dll (API version 3709383).
LogModuleManager: Display: Found up-to-date module file ../../../Engine/Plugins/Media/WmfMedia/Binaries/Win64/UE4Editor-WmfMediaEditor.dll (API version 3709383).
LogModuleManager: Display: Found up-to-date module file ../../../Engine/Plugins/Media/WmfMedia/Binaries/Win64/UE4Editor-WmfMediaFactory.dll (API version 3709383).
LogModuleManager: Display: Found up-to-date module file ../../../Engine/Plugins/Media/WmfMedia/Binaries/Win64/UE4Editor-WmfMediaFactory.dll (API version 3709383).
LogModuleManager: Display: Found up-to-date module file ../../../Engine/Plugins/Messaging/TcpMessaging/Binaries/Win64/UE4Editor-TcpMessaging.dll (API version 3709383).
LogModuleManager: Display: Found up-to-date module file ../../../Engine/Plugins/Messaging/UdpMessaging/Binaries/Win64/UE4Editor-UdpMessaging.dll (API version 3709383).
LogModuleManager: Display: Found up-to-date module file ../../../Engine/Plugins/MovieScene/ActorSequence/Binaries/Win64/UE4Editor-ActorSequence.dll (API version 3709383).
LogModuleManager: Display: Found up-to-date module file ../../../Engine/Plugins/MovieScene/LevelSequenceEditor/Binaries/Win64/UE4Editor-LevelSequenceEditor.dll (API version 3709383).
LogModuleManager: Display: Found up-to-date module file ../../../Engine/Plugins/MovieScene/MatineeToLevelSequence/Binaries/Win64/UE4Editor-MatineeToLevelSequence.dll (API version 3709383).
LogModuleManager: Display: Found up-to-date module file ../../../Engine/Plugins/Online/OnlineSubsystem/Binaries/Win64/UE4Editor-OnlineSubsystem.dll (API version 3709383).
LogModuleManager: Display: Found up-to-date module file ../../../Engine/Plugins/Runtime/AndroidPermission/Binaries/Win64/UE4Editor-AndroidPermission.dll (API version 3709383).
LogModuleManager: Display: Found up-to-date module file ../../../Engine/Plugins/Online/OnlineSubsystemNull/Binaries/Win64/UE4Editor-OnlineSubsystemNull.dll (API version 3709383).
LogModuleManager: Display: Found up-to-date module file ../../../Engine/Plugins/Online/OnlineSubsystemUtils/Binaries/Win64/UE4Editor-OnlineSubsystemUtils.dll (API version 3709383).
LogModuleManager: Display: Found up-to-date module file ../../../Engine/Plugins/Online/OnlineSubsystemUtils/Binaries/Win64/UE4Editor-OnlineBlueprintSupport.dll (API version 3709383).
LogModuleManager: Display: Found up-to-date module file ../../../Engine/Plugins/Runtime/AndroidDeviceProfileSelector/Binaries/Win64/UE4Editor-AndroidDeviceProfileSelector.dll (API version 3709383).
LogModuleManager: Display: Found up-to-date module file ../../../Engine/Plugins/Runtime/AppleARKit/Binaries/Win64/UE4Editor-AppleARKit.dll (API version 3709383).
LogModuleManager: Display: Found up-to-date module file ../../../Engine/Plugins/Runtime/ArchVisCharacter/Binaries/Win64/UE4Editor-ArchVisCharacter.dll (API version 3709383).
LogModuleManager: Display: Found up-to-date module file ../../../Engine/Plugins/Runtime/CableComponent/Binaries/Win64/UE4Editor-CableComponent.dll (API version 3709383).
LogModuleManager: Display: Found up-to-date module file ../../../Engine/Plugins/Runtime/CustomMeshComponent/Binaries/Win64/UE4Editor-CustomMeshComponent.dll (API version 3709383).
LogModuleManager: Display: Found up-to-date module file ../../../Engine/Plugins/Runtime/ExampleDeviceProfileSelector/Binaries/Win64/UE4Editor-ExampleDeviceProfileSelector.dll (API version 3709383).
LogModuleManager: Display: Found up-to-date module file ../../../Engine/Plugins/Runtime/ImmediatePhysics/Binaries/Win64/UE4Editor-ImmediatePhysics.dll (API version 3709383).
LogModuleManager: Display: Found up-to-date module file ../../../Engine/Plugins/Runtime/ImmediatePhysics/Binaries/Win64/UE4Editor-ImmediatePhysicsEditor.dll (API version 3709383).
LogModuleManager: Display: Found up-to-date module file ../../../Engine/Plugins/Runtime/LocationServicesBPLibrary/Binaries/Win64/UE4Editor-LocationServicesBPLibrary.dll (API version 3709383).
LogModuleManager: Display: Found up-to-date module file ../../../Engine/Plugins/Runtime/MobilePatchingUtils/Binaries/Win64/UE4Editor-MobilePatchingUtils.dll (API version 3709383).
LogModuleManager: Display: Found up-to-date module file ../../../Engine/Plugins/Runtime/Oculus/OculusVR/Binaries/Win64/UE4Editor-OculusHMD.dll (API version 3709383).
LogModuleManager: Display: Found up-to-date module file ../../../Engine/Plugins/Runtime/Oculus/OculusVR/Binaries/Win64/UE4Editor-OculusInput.dll (API version 3709383).
LogModuleManager: Display: Found up-to-date module file ../../../Engine/Plugins/Runtime/Oculus/OculusVR/Binaries/Win64/UE4Editor-OculusEditor.dll (API version 3709383).
LogModuleManager: Display: Found up-to-date module file ../../../Engine/Plugins/Runtime/PhysXVehicles/Binaries/Win64/UE4Editor-PhysXVehicles.dll (API version 3709383).
LogModuleManager: Display: Found up-to-date module file ../../../Engine/Plugins/Runtime/PhysXVehicles/Binaries/Win64/UE4Editor-PhysXVehiclesEditor.dll (API version 3709383).
LogModuleManager: Display: Found up-to-date module file ../../../Engine/Plugins/Runtime/ProceduralMeshComponent/Binaries/Win64/UE4Editor-ProceduralMeshComponent.dll (API version 3709383).
LogModuleManager: Display: Found up-to-date module file ../../../Engine/Plugins/Runtime/ProceduralMeshComponent/Binaries/Win64/UE4Editor-ProceduralMeshComponentEditor.dll (API version 3709383).
LogModuleManager: Display: Found up-to-date module file ../../../Engine/Plugins/Runtime/RuntimePhysXCooking/Binaries/Win64/UE4Editor-RuntimePhysXCooking.dll (API version 3709383).
LogModuleManager: Display: Found up-to-date module file ../../../Engine/Plugins/Runtime/Steam/SteamVR/Binaries/Win64/UE4Editor-SteamVR.dll (API version 3709383).
LogModuleManager: Display: Found up-to-date module file ../../../Engine/Plugins/Runtime/Steam/SteamVR/Binaries/Win64/UE4Editor-SteamVRController.dll (API version 3709383).
LogModuleManager: Display: Found up-to-date module file ../../../Engine/Plugins/Runtime/WindowsMoviePlayer/Binaries/Win64/UE4Editor-WindowsMoviePlayer.dll (API version 3709383).
LogPluginManager: Mounting plugin Paper2D
LogPluginManager: Mounting plugin LightPropagationVolume
LogPluginManager: Mounting plugin CodeLiteSourceCodeAccess
LogPluginManager: Mounting plugin GitSourceControl
LogPluginManager: Mounting plugin KDevelopSourceCodeAccess
LogPluginManager: Mounting plugin NullSourceCodeAccess
LogPluginManager: Mounting plugin PerforceSourceControl
LogPluginManager: Mounting plugin SubversionSourceControl
LogPluginManager: Mounting plugin UObjectPlugin
LogPluginManager: Mounting plugin VisualStudioCodeSourceCodeAccess
LogPluginManager: Mounting plugin VisualStudioSourceCodeAccess
LogPluginManager: Mounting plugin XCodeSourceCodeAccess
LogPluginManager: Mounting plugin AssetManagerEditor
LogPluginManager: Mounting plugin AudioCapture
LogPluginManager: Mounting plugin FacialAnimation
LogPluginManager: Mounting plugin GameplayTagsEditor
LogPluginManager: Mounting plugin MobileLauncherProfileWizard
LogPluginManager: Mounting plugin PluginBrowser
LogPluginManager: Mounting plugin SpeedTreeImporter
LogPluginManager: Mounting plugin AlembicImporter
LogPluginManager: Mounting plugin CharacterAI
LogPluginManager: Mounting plugin HTML5Networking
LogPluginManager: Mounting plugin AndroidMedia
LogPluginManager: Mounting plugin AvfMedia
LogPluginManager: Mounting plugin ImgMedia
LogPluginManager: Mounting plugin MediaCompositing
LogPluginManager: Mounting plugin MediaPlayerEditor
LogPluginManager: Mounting plugin WmfMedia
LogPluginManager: Mounting plugin TcpMessaging
LogPluginManager: Mounting plugin UdpMessaging
LogPluginManager: Mounting plugin ActorSequence
LogPluginManager: Mounting plugin LevelSequenceEditor
LogPluginManager: Mounting plugin MatineeToLevelSequence
LogPluginManager: Mounting plugin OnlineSubsystemGooglePlay
LogPluginManager: Mounting plugin OnlineSubsystemIOS
LogPluginManager: Mounting plugin OnlineSubsystem
LogPluginManager: Mounting plugin OnlineSubsystemNull
LogPluginManager: Mounting plugin OnlineSubsystemUtils
LogPluginManager: Mounting plugin AndroidDeviceProfileSelector
LogPluginManager: Mounting plugin AndroidMoviePlayer
LogPluginManager: Mounting plugin AndroidPermission
LogPluginManager: Mounting plugin AppleARKit
LogPluginManager: Mounting plugin AppleMoviePlayer
LogPluginManager: Mounting plugin ArchVisCharacter
LogPluginManager: Mounting plugin CableComponent
LogPluginManager: Mounting plugin CustomMeshComponent
LogPluginManager: Mounting plugin ExampleDeviceProfileSelector
LogPluginManager: Mounting plugin GoogleCloudMessaging
LogPluginManager: Mounting plugin ImmediatePhysics
LogPluginManager: Mounting plugin IOSDeviceProfileSelector
LogPluginManager: Mounting plugin LinuxDeviceProfileSelector
LogPluginManager: Mounting plugin LocationServicesBPLibrary
LogPluginManager: Mounting plugin MobilePatchingUtils
LogPluginManager: Mounting plugin OculusVR
LogPluginManager: Plugin shader directory ../../../Engine/Plugins/Runtime/Oculus/OculusVR/Shaders found
LogPluginManager: Mapping shader source directory ../../../Engine/Plugins/Runtime/Oculus/OculusVR/Shaders to virtual directory /Plugin/OculusVR
LogPluginManager: Mounting plugin PhysXVehicles
LogPluginManager: Mounting plugin ProceduralMeshComponent
LogPluginManager: Mounting plugin RuntimePhysXCooking
LogPluginManager: Mounting plugin SteamVR
LogPluginManager: Mounting plugin WindowsMoviePlayer
LogInit: Using libcurl 7.47.1
LogInit:  - built for x86_64-pc-win32
LogInit:  - supports SSL with OpenSSL/1.0.2g
LogInit:  - supports HTTP deflate (compression) using libz 1.2.8
LogInit:  - other features:
LogInit:      CURL_VERSION_SSL
LogInit:      CURL_VERSION_LIBZ
LogInit:      CURL_VERSION_IPV6
LogInit:      CURL_VERSION_ASYNCHDNS
LogInit:      CURL_VERSION_LARGEFILE
LogInit:      CURL_VERSION_IDN
LogInit:  CurlRequestOptions (configurable via config and command line):
LogInit:  - bVerifyPeer = false  - Libcurl will NOT verify peer certificate
LogInit:  - bUseHttpProxy = false  - Libcurl will NOT use HTTP proxy
LogInit:  - bDontReuseConnections = false  - Libcurl will reuse connections
LogInit:  - CertBundlePath = nullptr  - Libcurl will use whatever was configured at build time.
LogHMD: Failed initializing OVRPlugin 1.19.0
LogInit: Build: ++UE4+Release-4.18-CL-3832480
LogInit: Engine Version: 4.18.3-3832480+++UE4+Release-4.18
LogInit: Compatible Engine Version: 4.18.0-3709383+++UE4+Release-4.18
LogInit: Net CL: 3709383
LogDevObjectVersion: Number of dev versions registered: 16
LogDevObjectVersion:   Dev-Blueprints (B0D832E4-1F89-4F0D-ACCF-7EB736FD4AA2): 10
LogDevObjectVersion:   Dev-Build (E1C64328-A22C-4D53-A36C-8E866417BD8C): 0
LogDevObjectVersion:   Dev-Core (375EC13C-06E4-48FB-B500-84F0262A717E): 2
LogDevObjectVersion:   Dev-Editor (E4B068ED-F494-42E9-A231-DA0B2E46BB41): 20
LogDevObjectVersion:   Dev-Framework (CFFC743F-43B0-4480-9391-14DF171D2073): 30
LogDevObjectVersion:   Dev-Mobile (B02B49B5-BB20-44E9-A304-32B752E40360): 0
LogDevObjectVersion:   Dev-Networking (A4E4105C-59A1-49B5-A7C5-40C4547EDFEE): 0
LogDevObjectVersion:   Dev-Online (39C831C9-5AE6-47DC-9A44-9C173E1C8E7C): 0
LogDevObjectVersion:   Dev-Physics (78F01B33-EBEA-4F98-B9B4-84EACCB95AA2): 0
LogDevObjectVersion:   Dev-Platform (6631380F-2D4D-43E0-8009-CF276956A95A): 0
LogDevObjectVersion:   Dev-Rendering (12F88B9F-8875-4AFC-A67C-D90C383ABD29): 20
LogDevObjectVersion:   Dev-Sequencer (7B5AE74C-D270-4C10-A958-57980B212A5A): 4
LogDevObjectVersion:   Dev-VR (D7296918-1DD6-4BDD-9DE2-64A83CC13884): 0
LogDevObjectVersion:   Dev-LoadTimes (C2A15278-BFE7-4AFE-6C17-90FF531DF755): 1
LogDevObjectVersion:   Private-Geometry (6EACA3D4-40EC-4CC1-B786-8BED09428FC5): 1
LogDevObjectVersion:   Dev-AnimPhys (29E575DD-E0A3-4627-9D10-D276232CDCEA): 12
LogInit: Compiled (64-bit): Jan 12 2018 02:04:55
LogInit: Compiled with Visual C++: 19.00.24215.01
LogInit: Build Configuration: Development
LogInit: Branch Name: ++UE4+Release-4.18
LogInit: Command line:  
LogInit: Base directory: D:/UNreal14/UE_4.18/Engine/Binaries/Win64/
LogInit: Installed Engine Build: 1
LogInit: Presizing for max 8388607 objects, including 0 objects not considered by GC, pre-allocating 0 bytes for permanent pool.
LogInit: Object subsystem initialized
[2018.03.19-11.48.16:348][  0]LogInit: Selected Device Profile: [Windows]
[2018.03.19-11.48.16:348][  0]LogInit: Applying CVar settings loaded from the selected device profile: [Windows]
[2018.03.19-11.48.16:774][  0]LogInit: Computer: PC03
[2018.03.19-11.48.16:774][  0]LogInit: User: PC03
[2018.03.19-11.48.16:774][  0]LogInit: CPU Page size=4096, Cores=12
[2018.03.19-11.48.16:774][  0]LogInit: High frequency timer resolution =2.533196 MHz
[2018.03.19-11.48.16:774][  0]LogMemory: Memory total: Physical=63.9GB (64GB approx)
[2018.03.19-11.48.16:774][  0]LogMemory: Platform Memory Stats for Windows
[2018.03.19-11.48.16:774][  0]LogMemory: Process Physical Memory: 277.69 MB used, 277.69 MB peak
[2018.03.19-11.48.16:774][  0]LogMemory: Process Virtual Memory: 279.07 MB used, 279.07 MB peak
[2018.03.19-11.48.16:774][  0]LogMemory: Physical Memory: 9795.03 MB used,  55668.38 MB free, 65463.41 MB total
[2018.03.19-11.48.16:774][  0]LogMemory: Virtual Memory: 695.20 MB used,  55668.38 MB free, 134217728.00 MB total
[2018.03.19-11.48.17:024][  0]LogInit: Overriding language with editor language configuration option (en).
[2018.03.19-11.48.17:024][  0]LogInit: Overriding locale with editor locale configuration option (en).
[2018.03.19-11.48.17:469][  0]LogInit: Setting process to per monitor DPI aware
[2018.03.19-11.48.17:888][  0]LogD3D11RHI: D3D11 adapters:
[2018.03.19-11.48.17:936][  0]LogD3D11RHI:    0. 'NVIDIA Quadro M6000' (Feature Level 11_0)
[2018.03.19-11.48.17:936][  0]LogD3D11RHI:       12239/0/32731 MB DedicatedVideo/DedicatedSystem/SharedSystem, Outputs:2, VendorId:0x10de
[2018.03.19-11.48.17:939][  0]LogD3D11RHI:    1. 'Microsoft Basic Render Driver' (Feature Level 11_0)
[2018.03.19-11.48.17:939][  0]LogD3D11RHI:       0/0/32731 MB DedicatedVideo/DedicatedSystem/SharedSystem, Outputs:0, VendorId:0x1414
[2018.03.19-11.48.17:939][  0]LogD3D11RHI: Chosen D3D11 Adapter: 0
[2018.03.19-11.48.17:959][  0]LogD3D11RHI: Creating new Direct3DDevice
[2018.03.19-11.48.17:959][  0]LogD3D11RHI:     GPU DeviceId: 0x17f0 (for the marketing name, search the web for "GPU Device Id")
[2018.03.19-11.48.17:959][  0]LogWindows: EnumDisplayDevices:
[2018.03.19-11.48.17:960][  0]LogWindows:    0. 'NVIDIA Quadro M6000' (P:1 D:1)
[2018.03.19-11.48.17:960][  0]LogWindows:    1. 'NVIDIA Quadro M6000' (P:0 D:1)
[2018.03.19-11.48.17:960][  0]LogWindows:    2. 'NVIDIA Quadro M6000' (P:0 D:0)
[2018.03.19-11.48.17:960][  0]LogWindows:    3. 'NVIDIA Quadro M6000' (P:0 D:0)
[2018.03.19-11.48.17:961][  0]LogWindows: DebugString: FoundDriverCount:4 
[2018.03.19-11.48.17:961][  0]LogD3D11RHI:     Adapter Name: NVIDIA Quadro M6000
[2018.03.19-11.48.17:961][  0]LogD3D11RHI:   Driver Version: 390.77 (internal:23.21.13.9077, unified:390.77)
[2018.03.19-11.48.17:961][  0]LogD3D11RHI:      Driver Date: 1-23-2018
[2018.03.19-11.48.17:961][  0]LogRHI: Texture pool is 8567 MB (70% of 12239 MB)
[2018.03.19-11.48.17:997][  0]LogD3D11RHI: Async texture creation enabled
[2018.03.19-11.48.18:015][  0]LogD3D11RHI: GPU Timing Frequency: 1000.000000 (Debug: 2 2)
[2018.03.19-11.48.18:100][  0]LogShaderCompilers: Guid format shader working directory is -5 characters bigger than the processId version (X:/Trabajos/Tecnivial_171211/Proyectos/MyProject2/Intermediate/Shaders/WorkingDirectory/85896/).
[2018.03.19-11.48.18:101][  0]LogShaderCompilers: Cleaned the shader compiler working directory 'C:/Users/PC03/AppData/Local/Temp/UnrealShaderWorkingDir/0146A61642FC6FCFF270B88F3E9066A8/'.
[2018.03.19-11.48.18:101][  0]LogShaderCompilers: Display: Using Local Shader Compiler.
[2018.03.19-11.48.19:578][  0]LogTemp: Display: Loaded TP AllDesktopTargetPlatform
[2018.03.19-11.48.19:658][  0]LogTemp: Display: Loaded TP MacClientTargetPlatform
[2018.03.19-11.48.19:758][  0]LogTemp: Display: Loaded TP MacNoEditorTargetPlatform
[2018.03.19-11.48.19:855][  0]LogTemp: Display: Loaded TP MacServerTargetPlatform
[2018.03.19-11.48.19:935][  0]LogTemp: Display: Loaded TP MacTargetPlatform
[2018.03.19-11.48.20:026][  0]LogTemp: Display: Loaded TP WindowsClientTargetPlatform
[2018.03.19-11.48.20:106][  0]LogTemp: Display: Loaded TP WindowsNoEditorTargetPlatform
[2018.03.19-11.48.20:187][  0]LogTemp: Display: Loaded TP WindowsServerTargetPlatform
[2018.03.19-11.48.20:257][  0]LogTemp: Display: Loaded TP WindowsTargetPlatform
[2018.03.19-11.48.20:335][  0]LogTemp: Display: Loaded TP Android_ASTCTargetPlatform
[2018.03.19-11.48.20:415][  0]LogTemp: Display: Loaded TP Android_ATCTargetPlatform
[2018.03.19-11.48.20:496][  0]LogTemp: Display: Loaded TP Android_DXTTargetPlatform
[2018.03.19-11.48.20:584][  0]LogTemp: Display: Loaded TP Android_ETC1TargetPlatform
[2018.03.19-11.48.20:665][  0]LogTemp: Display: Loaded TP Android_ETC2TargetPlatform
[2018.03.19-11.48.20:823][  0]LogTemp: Display: Loaded TP Android_MultiTargetPlatform
[2018.03.19-11.48.20:823][  0]LogTemp: Display: Loaded TP Android_PVRTCTargetPlatform
[2018.03.19-11.48.20:923][  0]LogTemp: Display: Loaded TP AndroidTargetPlatform
[2018.03.19-11.48.20:985][  0]LogTemp: Display: Loaded TP HTML5TargetPlatform
[2018.03.19-11.48.21:113][  0]LogTemp: Display: Loaded TP IOSTargetPlatform
[2018.03.19-11.48.21:159][  0]LogTemp: Display: Loaded TP TVOSTargetPlatform
[2018.03.19-11.48.21:240][  0]LogTemp: Display: Loaded TP LinuxClientTargetPlatform
[2018.03.19-11.48.21:319][  0]LogTemp: Display: Loaded TP LinuxNoEditorTargetPlatform
[2018.03.19-11.48.21:399][  0]LogTemp: Display: Loaded TP LinuxServerTargetPlatform
[2018.03.19-11.48.21:492][  0]LogTemp: Display: Loaded TP LinuxTargetPlatform
[2018.03.19-11.48.21:492][  0]LogTargetPlatformManager: Display: Building Assets For Windows
[2018.03.19-11.48.22:199][  0]LogDerivedDataCache: Display: Max Cache Size: 512 MB
[2018.03.19-11.48.22:306][  0]LogDerivedDataCache: Loaded boot cache 0.11s 78MB C:/Users/PC03/AppData/Local/UnrealEngine/4.18/DerivedDataCache/Boot.ddc.
[2018.03.19-11.48.22:306][  0]LogDerivedDataCache: Display: Loaded Boot cache: C:/Users/PC03/AppData/Local/UnrealEngine/4.18/DerivedDataCache/Boot.ddc
[2018.03.19-11.48.22:307][  0]LogDerivedDataCache: FDerivedDataBackendGraph:  Pak pak cache file X:/Trabajos/Tecnivial_171211/Proyectos/MyProject2/DerivedDataCache/DDC.ddp not found, will not use a pak cache.
[2018.03.19-11.48.22:307][  0]LogDerivedDataCache: Unable to find inner node Pak for hierarchical cache Hierarchy.
[2018.03.19-11.48.22:308][  0]LogDerivedDataCache: FDerivedDataBackendGraph:  CompressedPak pak cache file X:/Trabajos/Tecnivial_171211/Proyectos/MyProject2/DerivedDataCache/Compressed.ddp not found, will not use a pak cache.
[2018.03.19-11.48.22:308][  0]LogDerivedDataCache: Unable to find inner node CompressedPak for hierarchical cache Hierarchy.
[2018.03.19-11.48.22:326][  0]LogDerivedDataCache: Display: Pak cache opened for reading ../../../Engine/DerivedDataCache/Compressed.ddp.
[2018.03.19-11.48.22:340][  0]LogDerivedDataCache: Using Local data cache path C:/Users/PC03/AppData/Local/UnrealEngine/Common/DerivedDataCache: Writable
[2018.03.19-11.48.22:351][  0]LogMaterial: Verifying Global Shaders for PCD3D_SM5
[2018.03.19-11.48.22:351][  0]LogSlate: Using Freetype 2.6.0
[2018.03.19-11.48.22:352][  0]LogSlate: SlateFontCache - WITH_FREETYPE: 1, WITH_HARFBUZZ: 1
[2018.03.19-11.48.22:352][  0]LogSlate: SlateFontCache - WITH_FREETYPE: 1, WITH_HARFBUZZ: 1
[2018.03.19-11.48.22:981][  0]LogInit: Selected Device Profile: [Windows]
[2018.03.19-11.48.23:438][  0]LogSimplygon: Simplygon DLL not present - disabling.
[2018.03.19-11.48.23:499][  0]LogMeshReduction: Using SimplygonSwarm for distributed automatic mesh merging
[2018.03.19-11.48.23:499][  0]LogMeshReduction: Using QuadricMeshReduction for automatic static mesh reduction
[2018.03.19-11.48.23:499][  0]LogMeshReduction: No automatic skeletal mesh reduction module available
[2018.03.19-11.48.23:499][  0]LogMeshReduction: No automatic mesh merging module available
[2018.03.19-11.48.23:499][  0]LogMeshMerging: No automatic mesh merging module available
[2018.03.19-11.48.23:557][  0]LogNetVersion: MyProject2 , NetCL: 3709383, EngineNetVer: 2, GameNetVer: 0 (Checksum: 4016851739)
[2018.03.19-11.48.23:751][  0]LogAssetRegistry: FAssetRegistry took 0.0291 seconds to start up
[2018.03.19-11.48.26:587][  0]LogPackageLocalizationCache: Processed 7 localized package path(s) for 1 prioritized culture(s) in 1.269135 seconds
[2018.03.19-11.48.26:594][  0]LogUObjectArray: 35870 objects as part of root set at end of initial load.
[2018.03.19-11.48.26:594][  0]LogUObjectAllocator: 7363696 out of 0 bytes used by permanent object pool.
[2018.03.19-11.48.26:594][  0]LogUObjectArray: CloseDisregardForGC: 0/0 objects in disregard for GC pool
[2018.03.19-11.48.26:749][  0]LogInit: WinSock: version 1.1 (2.2), MaxSocks=32767, MaxUdp=65467
[2018.03.19-11.48.30:728][  0]LogTcpMessaging: Initializing TcpMessaging bridge
[2018.03.19-11.48.30:783][  0]LogUdpMessaging: Initializing bridge on interface 0.0.0.0:0 to multicast group 230.0.0.1:6666.
[2018.03.19-11.48.30:785][  0]LogDirectoryWatcher: A directory notification failed for 'X:/Trabajos/Tecnivial_171211/Proyectos/MyProject2/Content/' because it was empty or there was a buffer overflow. Attemping another request...
[2018.03.19-11.48.31:835][  0]LogMaterial: Uniform references updated for custom material expression Custom.
[2018.03.19-11.48.32:530][  0]SourceControl: Source control is disabled
[2018.03.19-11.48.32:530][  0]SourceControl: Source control is disabled
[2018.03.19-11.48.32:607][  0]SourceControl: Source control is disabled
[2018.03.19-11.48.32:684][  0]SourceControl: Source control is disabled
[2018.03.19-11.48.33:868][  0]LogAndroidPermission: UAndroidPermissionCallbackProxy::GetInstance
[2018.03.19-11.48.34:259][  0]LogOcInput: OculusInput pre-init called
[2018.03.19-11.48.34:721][  0]LogEngine: Initializing Engine...
[2018.03.19-11.48.34:837][  0]LogHMD: Failed to initialize OpenVR with code 108
[2018.03.19-11.48.35:112][  0]LogStats: UGameplayTagsManager::ConstructGameplayTagTree: Construct from data asset -  0.000 s
[2018.03.19-11.48.35:112][  0]LogStats: UGameplayTagsManager::ConstructGameplayTagTree: GameplayTagTreeChangedEvent.Broadcast -  0.000 s
[2018.03.19-11.48.35:299][  0]LogAIModule: Creating AISystem for world Untitled
[2018.03.19-11.48.35:329][  0]LogInit: XAudio2 using 'Altavoces / Auriculares (Realtek High Definition Audio)' : 2 channels at 48 kHz using 32 bits per sample (channel mask 0x3)
[2018.03.19-11.48.35:351][  0]LogInit: FAudioDevice initialized.
[2018.03.19-11.48.35:469][  0]LogDerivedDataCache: Saved boot cache 0.12s 78MB C:/Users/PC03/AppData/Local/UnrealEngine/4.18/DerivedDataCache/Boot.ddc.
[2018.03.19-11.48.35:492][  0]LogInit: Texture streaming: Enabled
[2018.03.19-11.48.35:650][  0]LogEngineSessionManager: EngineSessionManager initialized
[2018.03.19-11.48.35:858][  0]LogInit: Transaction tracking system initialized
[2018.03.19-11.48.36:347][  0]BlueprintLog: New page: Editor Load
[2018.03.19-11.48.37:820][  0]LocalizationService: Localization service is disabled
[2018.03.19-11.48.38:967][  0]LogConsoleResponse: Display: 
[2018.03.19-11.48.39:337][  0]LogCook: Display: Max memory allowance for cook 16384mb min free memory 0mb
[2018.03.19-11.48.39:337][  0]LogCook: Display: Mobile HDR setting 1
[2018.03.19-11.48.39:337][  0]LogGameplayTags: Display: UGameplayTagsManager::DoneAddingNativeTags. DelegateIsBound: 0
[2018.03.19-11.48.39:626][  0]LogFileCache: Scanning file cache for directory 'X:/Trabajos/Tecnivial_171211/Proyectos/MyProject2/Content/' took 0.11s
[2018.03.19-11.48.40:318][  0]LogLinker: Warning: Can't find file '/Game/Aeropuerto/Materials/Decals/M_Decals'
[2018.03.19-11.48.40:319][  0]LogLinker: Warning: Can't find file for asset '/Game/Aeropuerto/Materials/Decals/M_Decals' while loading ../../../Engine/Content/BasicShapes/Plane.uasset.
[2018.03.19-11.48.40:319][  0]LoadErrors: Error: /Engine/BasicShapes/Plane : Can't find file for asset. /Game/Aeropuerto/Materials/Decals/M_Decals
[2018.03.19-11.48.40:319][  0]LogLinker: Warning: Can't find file '/Game/Aeropuerto/Materials/Decals/M_Decals'
[2018.03.19-11.48.40:320][  0]LogLinker: Warning: Can't find file for asset '/Game/Aeropuerto/Materials/Decals/M_Decals' while loading ../../../Engine/Content/BasicShapes/Plane.uasset.
[2018.03.19-11.48.40:320][  0]LoadErrors: Error: /Engine/BasicShapes/Plane : Can't find file for asset. /Game/Aeropuerto/Materials/Decals/M_Decals
[2018.03.19-11.48.40:321][  0]LogLinker: Warning: Can't find file '/Game/Aeropuerto/Materials/Decals/M_Decals'
[2018.03.19-11.48.40:321][  0]LoadErrors: Failed to load /Game/Aeropuerto/Materials/Decals/M_Decals.M_Decals Referenced by Plane
[2018.03.19-11.48.40:322][  0]LogLinker: Warning: Can't find file for asset '/Game/Aeropuerto/Materials/Decals/M_Decals' while loading NULL.
[2018.03.19-11.48.40:322][  0]LoadErrors: Failed to load /Game/Aeropuerto/Materials/Decals/M_Decals.M_Decals Referenced by Plane
[2018.03.19-11.48.40:323][  0]LogLinker: Warning: Can't find file '/Game/Aeropuerto/Materials/Decals/M_Decals'
[2018.03.19-11.48.40:323][  0]LoadErrors: Failed to load /Game/Aeropuerto/Materials/Decals/M_Decals.M_Decals Referenced by Plane
[2018.03.19-11.48.40:324][  0]LogLinker: Warning: Can't find file for asset '/Game/Aeropuerto/Materials/Decals/M_Decals' while loading NULL.
[2018.03.19-11.48.40:324][  0]LoadErrors: Failed to load /Game/Aeropuerto/Materials/Decals/M_Decals.M_Decals Referenced by Plane
[2018.03.19-11.48.41:135][  0]SourceControl: Source control is disabled
[2018.03.19-11.48.41:135][  0]Cmd: MAP LOAD FILE="X:/Trabajos/Tecnivial_171211/Proyectos/MyProject2/Content/FirstPersonBP/Maps/FirstPersonExampleMap.umap" TEMPLATE=0 SHOWPROGRESS=1 FEATURELEVEL=3
[2018.03.19-11.48.41:337][  0]LightingResults: New page: Lighting Build
[2018.03.19-11.48.41:400][  0]MapCheck: New page: Map Check
[2018.03.19-11.48.41:400][  0]LightingResults: New page: Lighting Build
[2018.03.19-11.48.45:046][  0]LogAIModule: Creating AISystem for world FirstPersonExampleMap
[2018.03.19-11.48.45:084][  0]LogEditorServer: Finished looking for orphan Actors (0.000 secs)
[2018.03.19-11.48.45:114][  0]Cmd: MAP CHECKDEP NOCLEARLOG
[2018.03.19-11.48.45:219][  0]MapCheck: Map check complete: 0 Error(s), 0 Warning(s), took 103.94ms to complete.
[2018.03.19-11.48.45:219][  0]LogFileHelpers: Loading map 'FirstPersonExampleMap' took 4.084
[2018.03.19-11.48.45:495][  0]LogCollectionManager: Loaded 0 collections in 0.003482 seconds
[2018.03.19-11.48.45:701][  0]LogFileCache: Scanning file cache for directory 'X:/Trabajos/Tecnivial_171211/Proyectos/MyProject2/Saved/Collections/' took 0.01s
[2018.03.19-11.48.45:702][  0]LogFileCache: Scanning file cache for directory 'X:/Trabajos/Tecnivial_171211/Proyectos/MyProject2/Content/Developers/PC03/Collections/' took 0.01s
[2018.03.19-11.48.45:702][  0]LogFileCache: Scanning file cache for directory 'X:/Trabajos/Tecnivial_171211/Proyectos/MyProject2/Content/Collections/' took 0.01s
[2018.03.19-11.48.45:702][  0]LogCollectionManager: Rebuilt the GUID cache for 0 collections in 0.000000 seconds
[2018.03.19-11.48.45:711][  0]LogContentBrowser: Native class hierarchy populated in 0.0097 seconds. Added 2363 classes and 519 folders.
[2018.03.19-11.48.45:809][  0]LogContentBrowser: Native class hierarchy updated for 'WidgetCarousel' in 0.0006 seconds. Added 0 classes and 0 folders.
[2018.03.19-11.48.45:874][  0]LogContentBrowser: Native class hierarchy updated for 'AddContentDialog' in 0.0006 seconds. Added 0 classes and 0 folders.
[2018.03.19-11.48.46:099][  0]LogContentBrowser: Native class hierarchy updated for 'SceneOutliner' in 0.0006 seconds. Added 1 classes and 2 folders.
[2018.03.19-11.48.46:217][  0]LogContentBrowser: Native class hierarchy updated for 'HierarchicalLODOutliner' in 0.0008 seconds. Added 1 classes and 2 folders.
[2018.03.19-11.48.46:217][  0]LogLoad: (Engine Initialization) Total time: 39.38 seconds
[2018.03.19-11.48.46:217][  0]LogLoad: (Engine Initialization) Total Blueprint compile time: 0.00 seconds
[2018.03.19-11.48.46:217][  0]LogExternalProfiler: Found external profiler: VSPerf
[2018.03.19-11.48.46:217][  0]LogExternalProfiler: Using external profiler: VSPerf
[2018.03.19-11.48.46:575][  0]LogDirectoryWatcher: A directory notification failed for 'X:/Trabajos/Tecnivial_171211/Proyectos/MyProject2/Content/' because it was empty or there was a buffer overflow. Attemping another request...
[2018.03.19-11.48.46:576][  0]LogDirectoryWatcher: A directory notification failed for 'X:/Trabajos/Tecnivial_171211/Proyectos/MyProject2/Content/', and we were unable to create a new request.
[2018.03.19-11.48.46:576][  0]LogDirectoryWatcher: A directory notification failed for 'X:/Trabajos/Tecnivial_171211/Proyectos/MyProject2/Saved/Collections/' because it was empty or there was a buffer overflow. Attemping another request...
[2018.03.19-11.48.46:576][  0]LogDirectoryWatcher: A directory notification failed for 'X:/Trabajos/Tecnivial_171211/Proyectos/MyProject2/Content/Developers/PC03/Collections/' because it was empty or there was a buffer overflow. Attemping another request...
[2018.03.19-11.48.46:576][  0]LogDirectoryWatcher: A directory notification failed for 'X:/Trabajos/Tecnivial_171211/Proyectos/MyProject2/Content/Collections/' because it was empty or there was a buffer overflow. Attemping another request...
[2018.03.19-11.48.46:579][  0]LogContentStreaming: Texture pool size now 1000 MB
[2018.03.19-11.48.46:620][  0]LogSlate: Took 0.000217 seconds to synchronously load lazily loaded font '../../../Engine/Content/Slate/Fonts/Roboto-Regular.ttf' (155K)
[2018.03.19-11.48.46:622][  0]LogSlate: Took 0.000188 seconds to synchronously load lazily loaded font '../../../Engine/Content/Editor/Slate/Fonts/FontAwesome.ttf' (139K)
[2018.03.19-11.48.46:623][  0]LogSlate: Took 0.000195 seconds to synchronously load lazily loaded font '../../../Engine/Content/Slate/Fonts/Roboto-Bold.ttf' (160K)
[2018.03.19-11.48.46:827][  1]LogRenderer: Reallocating scene render targets to support 1832x1288 Format 10 NumSamples 1 (Frame:1).
[2018.03.19-11.48.46:901][  1]LogAssetRegistry: Asset discovery search completed in 23.1718 seconds
[2018.03.19-11.48.46:903][  1]LogCollectionManager: Rebuilt the object cache for 0 collections in 0.000000 seconds (found 0 objects)
[2018.03.19-11.48.46:903][  1]LogCollectionManager: Fixed up redirectors for 0 collections in 0.000065 seconds (updated 0 objects)
[2018.03.19-11.48.46:903][  1]LogDirectoryWatcher: A directory notification failed for 'X:/Trabajos/Tecnivial_171211/Proyectos/MyProject2/Saved/Collections/' because it was empty or there was a buffer overflow. Attemping another request...
[2018.03.19-11.48.46:903][  1]LogDirectoryWatcher: A directory notification failed for 'X:/Trabajos/Tecnivial_171211/Proyectos/MyProject2/Saved/Collections/', and we were unable to create a new request.
[2018.03.19-11.48.46:903][  1]LogDirectoryWatcher: A directory notification failed for 'X:/Trabajos/Tecnivial_171211/Proyectos/MyProject2/Content/Collections/' because it was empty or there was a buffer overflow. Attemping another request...
[2018.03.19-11.48.46:904][  1]LogDirectoryWatcher: A directory notification failed for 'X:/Trabajos/Tecnivial_171211/Proyectos/MyProject2/Content/Collections/', and we were unable to create a new request.
[2018.03.19-11.48.46:904][  1]LogDirectoryWatcher: A directory notification failed for 'X:/Trabajos/Tecnivial_171211/Proyectos/MyProject2/Content/Developers/PC03/Collections/' because it was empty or there was a buffer overflow. Attemping another request...
[2018.03.19-11.48.46:904][  1]LogDirectoryWatcher: A directory notification failed for 'X:/Trabajos/Tecnivial_171211/Proyectos/MyProject2/Content/Developers/PC03/Collections/', and we were unable to create a new request.
[2018.03.19-11.49.18:537][315]LogSlate: Took 0.000210 seconds to synchronously load lazily loaded font '../../../Engine/Content/Slate/Fonts/Roboto-Light.ttf' (159K)
[2018.03.19-11.49.19:111][315]LogFactory: FactoryCreateFile: SoundWave with ReimportSoundFactory (0 0 X:\Trabajos\Lucadamo_Unreal_141106\Sonidos\SINDONE.wav)
[2018.03.19-11.49.19:308][315]LogAudioDerivedData: Display: Building compressed audio format OGG wave SINDONE...
[2018.03.19-11.49.22:180][315]LogAudioDerivedData: Updated SoundWave->RawPCMDataSize during cooking SoundWave /Game/SINDONE.SINDONE.
[2018.03.19-11.50.25:723][661]LogSlate: Took 0.000328 seconds to synchronously load lazily loaded font '../../../Engine/Content/Editor/Slate/Fonts/Roboto-Italic.ttf' (157K)
[2018.03.19-11.51.20:012][148]LogTemp: Repeating last play command: Selected Viewport
[2018.03.19-11.51.21:181][148]LogBlueprintUserMessages: Early PlayInEditor Detection: Level '/Game/FirstPersonBP/Maps/FirstPersonExampleMap.FirstPersonExampleMap:PersistentLevel' has LevelScriptBlueprint '/Game/FirstPersonBP/Maps/FirstPersonExampleMap.FirstPersonExampleMap:PersistentLevel.FirstPersonExampleMap' with GeneratedClass '/Game/FirstPersonBP/Maps/FirstPersonExampleMap.FirstPersonExampleMap_C' with ClassGeneratedBy '/Game/FirstPersonBP/Maps/FirstPersonExampleMap.FirstPersonExampleMap:PersistentLevel.FirstPersonExampleMap'
[2018.03.19-11.51.21:182][148]LogPlayLevel: PlayLevel: No blueprints needed recompiling
[2018.03.19-11.51.21:183][148]PIE: New page: PIE session: FirstPersonExampleMap (Mar 19, 2018, 1:51:21 PM)
[2018.03.19-11.51.21:183][148]LogPlayLevel: Creating play world package: /Game/FirstPersonBP/Maps/UEDPIE_0_FirstPersonExampleMap
[2018.03.19-11.51.21:208][148]LogPlayLevel: PIE: StaticDuplicateObject took: (0.025386s)
[2018.03.19-11.51.21:209][148]LogAIModule: Creating AISystem for world FirstPersonExampleMap
[2018.03.19-11.51.21:209][148]LogPlayLevel: PIE: World Init took: (0.000869s)
[2018.03.19-11.51.21:210][148]LogPlayLevel: PIE: Created PIE world by copying editor world from /Game/FirstPersonBP/Maps/FirstPersonExampleMap.FirstPersonExampleMap to /Game/FirstPersonBP/Maps/UEDPIE_0_FirstPersonExampleMap.FirstPersonExampleMap (0.026690s)
[2018.03.19-11.51.21:255][148]LogInit: XAudio2 using 'Altavoces / Auriculares (Realtek High Definition Audio)' : 2 channels at 48 kHz using 32 bits per sample (channel mask 0x3)
[2018.03.19-11.51.21:265][148]LogInit: FAudioDevice initialized.
[2018.03.19-11.51.21:314][148]LogLoad: Game class is 'FirstPersonGameMode_C'
[2018.03.19-11.51.21:318][148]LogWorld: Bringing World /Game/FirstPersonBP/Maps/UEDPIE_0_FirstPersonExampleMap.FirstPersonExampleMap up for play (max tick rate 0) at 2018.03.19-12.51.21
[2018.03.19-11.51.21:319][148]LogWorld: Bringing up level for play took: 0.003454
[2018.03.19-11.51.21:399][148]LogContentBrowser: Native class hierarchy updated for 'MovieSceneCapture' in 0.0007 seconds. Added 11 classes and 0 folders.
[2018.03.19-11.51.21:402][148]PIE: Play in editor start time for /Game/FirstPersonBP/Maps/UEDPIE_0_FirstPersonExampleMap -0.516
[2018.03.19-11.51.21:402][148]LogBlueprintUserMessages: Late PlayInEditor Detection: Level '/Game/FirstPersonBP/Maps/FirstPersonExampleMap.FirstPersonExampleMap:PersistentLevel' has LevelScriptBlueprint '/Game/FirstPersonBP/Maps/FirstPersonExampleMap.FirstPersonExampleMap:PersistentLevel.FirstPersonExampleMap' with GeneratedClass '/Game/FirstPersonBP/Maps/FirstPersonExampleMap.FirstPersonExampleMap_C' with ClassGeneratedBy '/Game/FirstPersonBP/Maps/FirstPersonExampleMap.FirstPersonExampleMap:PersistentLevel.FirstPersonExampleMap'
[2018.03.19-11.51.31:935][336]LogBlueprintUserMessages: Early EndPlayMap Detection: Level '/Game/FirstPersonBP/Maps/FirstPersonExampleMap.FirstPersonExampleMap:PersistentLevel' has LevelScriptBlueprint '/Game/FirstPersonBP/Maps/FirstPersonExampleMap.FirstPersonExampleMap:PersistentLevel.FirstPersonExampleMap' with GeneratedClass '/Game/FirstPersonBP/Maps/FirstPersonExampleMap.FirstPersonExampleMap_C' with ClassGeneratedBy '/Game/FirstPersonBP/Maps/FirstPersonExampleMap.FirstPersonExampleMap:PersistentLevel.FirstPersonExampleMap'
[2018.03.19-11.51.31:970][336]LogBlueprintUserMessages: Late EndPlayMap Detection: Level '/Game/FirstPersonBP/Maps/FirstPersonExampleMap.FirstPersonExampleMap:PersistentLevel' has LevelScriptBlueprint '/Game/FirstPersonBP/Maps/FirstPersonExampleMap.FirstPersonExampleMap:PersistentLevel.FirstPersonExampleMap' with GeneratedClass '/Game/FirstPersonBP/Maps/FirstPersonExampleMap.FirstPersonExampleMap_C' with ClassGeneratedBy '/Game/FirstPersonBP/Maps/FirstPersonExampleMap.FirstPersonExampleMap:PersistentLevel.FirstPersonExampleMap'
[2018.03.19-11.51.33:916][549]LogEditorViewport: Clicking on Actor (LMB): AmbientSound (SINDONE)
[2018.03.19-11.51.45:449][622]LogTemp: Repeating last play command: Selected Viewport
[2018.03.19-11.51.45:505][622]LogBlueprintUserMessages: Early PlayInEditor Detection: Level '/Game/FirstPersonBP/Maps/FirstPersonExampleMap.FirstPersonExampleMap:PersistentLevel' has LevelScriptBlueprint '/Game/FirstPersonBP/Maps/FirstPersonExampleMap.FirstPersonExampleMap:PersistentLevel.FirstPersonExampleMap' with GeneratedClass '/Game/FirstPersonBP/Maps/FirstPersonExampleMap.FirstPersonExampleMap_C' with ClassGeneratedBy '/Game/FirstPersonBP/Maps/FirstPersonExampleMap.FirstPersonExampleMap:PersistentLevel.FirstPersonExampleMap'
[2018.03.19-11.51.45:505][622]LogPlayLevel: PlayLevel: No blueprints needed recompiling
[2018.03.19-11.51.45:506][622]PIE: New page: PIE session: FirstPersonExampleMap (Mar 19, 2018, 1:51:45 PM)
[2018.03.19-11.51.45:506][622]LogPlayLevel: Creating play world package: /Game/FirstPersonBP/Maps/UEDPIE_0_FirstPersonExampleMap
[2018.03.19-11.51.45:532][622]LogPlayLevel: PIE: StaticDuplicateObject took: (0.025785s)
[2018.03.19-11.51.45:532][622]LogAIModule: Creating AISystem for world FirstPersonExampleMap
[2018.03.19-11.51.45:532][622]LogPlayLevel: PIE: World Init took: (0.000761s)
[2018.03.19-11.51.45:533][622]LogPlayLevel: PIE: Created PIE world by copying editor world from /Game/FirstPersonBP/Maps/FirstPersonExampleMap.FirstPersonExampleMap to /Game/FirstPersonBP/Maps/UEDPIE_0_FirstPersonExampleMap.FirstPersonExampleMap (0.026944s)
[2018.03.19-11.51.45:578][622]LogInit: XAudio2 using 'Altavoces / Auriculares (Realtek High Definition Audio)' : 2 channels at 48 kHz using 32 bits per sample (channel mask 0x3)
[2018.03.19-11.51.45:586][622]LogInit: FAudioDevice initialized.
[2018.03.19-11.51.45:621][622]LogLoad: Game class is 'FirstPersonGameMode_C'
[2018.03.19-11.51.45:624][622]LogWorld: Bringing World /Game/FirstPersonBP/Maps/UEDPIE_0_FirstPersonExampleMap.FirstPersonExampleMap up for play (max tick rate 0) at 2018.03.19-12.51.45
[2018.03.19-11.51.45:625][622]LogWorld: Bringing up level for play took: 0.003385
[2018.03.19-11.51.45:627][622]PIE: Play in editor start time for /Game/FirstPersonBP/Maps/UEDPIE_0_FirstPersonExampleMap -0.291
[2018.03.19-11.51.45:628][622]LogBlueprintUserMessages: Late PlayInEditor Detection: Level '/Game/FirstPersonBP/Maps/FirstPersonExampleMap.FirstPersonExampleMap:PersistentLevel' has LevelScriptBlueprint '/Game/FirstPersonBP/Maps/FirstPersonExampleMap.FirstPersonExampleMap:PersistentLevel.FirstPersonExampleMap' with GeneratedClass '/Game/FirstPersonBP/Maps/FirstPersonExampleMap.FirstPersonExampleMap_C' with ClassGeneratedBy '/Game/FirstPersonBP/Maps/FirstPersonExampleMap.FirstPersonExampleMap:PersistentLevel.FirstPersonExampleMap'
[2018.03.19-11.52.50:007][890]LogBlueprintUserMessages: Early EndPlayMap Detection: Level '/Game/FirstPersonBP/Maps/FirstPersonExampleMap.FirstPersonExampleMap:PersistentLevel' has LevelScriptBlueprint '/Game/FirstPersonBP/Maps/FirstPersonExampleMap.FirstPersonExampleMap:PersistentLevel.FirstPersonExampleMap' with GeneratedClass '/Game/FirstPersonBP/Maps/FirstPersonExampleMap.FirstPersonExampleMap_C' with ClassGeneratedBy '/Game/FirstPersonBP/Maps/FirstPersonExampleMap.FirstPersonExampleMap:PersistentLevel.FirstPersonExampleMap'
[2018.03.19-11.52.50:043][890]LogBlueprintUserMessages: Late EndPlayMap Detection: Level '/Game/FirstPersonBP/Maps/FirstPersonExampleMap.FirstPersonExampleMap:PersistentLevel' has LevelScriptBlueprint '/Game/FirstPersonBP/Maps/FirstPersonExampleMap.FirstPersonExampleMap:PersistentLevel.FirstPersonExampleMap' with GeneratedClass '/Game/FirstPersonBP/Maps/FirstPersonExampleMap.FirstPersonExampleMap_C' with ClassGeneratedBy '/Game/FirstPersonBP/Maps/FirstPersonExampleMap.FirstPersonExampleMap:PersistentLevel.FirstPersonExampleMap'
[2018.03.19-11.52.55:441][404]LogEditorViewport: Clicking on Actor (LMB): StaticMeshActor (Floor)
[2018.03.19-11.52.56:215][468]LogEditorViewport: Clicking on Actor (LMB): AmbientSound (SINDONE)
[2018.03.19-11.55.01:471][775]LogTemp: Repeating last play command: Selected Viewport
[2018.03.19-11.55.01:530][775]LogBlueprintUserMessages: Early PlayInEditor Detection: Level '/Game/FirstPersonBP/Maps/FirstPersonExampleMap.FirstPersonExampleMap:PersistentLevel' has LevelScriptBlueprint '/Game/FirstPersonBP/Maps/FirstPersonExampleMap.FirstPersonExampleMap:PersistentLevel.FirstPersonExampleMap' with GeneratedClass '/Game/FirstPersonBP/Maps/FirstPersonExampleMap.FirstPersonExampleMap_C' with ClassGeneratedBy '/Game/FirstPersonBP/Maps/FirstPersonExampleMap.FirstPersonExampleMap:PersistentLevel.FirstPersonExampleMap'
[2018.03.19-11.55.01:531][775]LogPlayLevel: PlayLevel: No blueprints needed recompiling
[2018.03.19-11.55.01:531][775]PIE: New page: PIE session: FirstPersonExampleMap (Mar 19, 2018, 1:55:01 PM)
[2018.03.19-11.55.01:531][775]LogPlayLevel: Creating play world package: /Game/FirstPersonBP/Maps/UEDPIE_0_FirstPersonExampleMap
[2018.03.19-11.55.01:557][775]LogPlayLevel: PIE: StaticDuplicateObject took: (0.026022s)
[2018.03.19-11.55.01:558][775]LogAIModule: Creating AISystem for world FirstPersonExampleMap
[2018.03.19-11.55.01:558][775]LogPlayLevel: PIE: World Init took: (0.000878s)
[2018.03.19-11.55.01:558][775]LogPlayLevel: PIE: Created PIE world by copying editor world from /Game/FirstPersonBP/Maps/FirstPersonExampleMap.FirstPersonExampleMap to /Game/FirstPersonBP/Maps/UEDPIE_0_FirstPersonExampleMap.FirstPersonExampleMap (0.027380s)
[2018.03.19-11.55.01:604][775]LogInit: XAudio2 using 'Altavoces / Auriculares (Realtek High Definition Audio)' : 2 channels at 48 kHz using 32 bits per sample (channel mask 0x3)
[2018.03.19-11.55.01:613][775]LogInit: FAudioDevice initialized.
[2018.03.19-11.55.01:651][775]LogLoad: Game class is 'FirstPersonGameMode_C'
[2018.03.19-11.55.01:655][775]LogWorld: Bringing World /Game/FirstPersonBP/Maps/UEDPIE_0_FirstPersonExampleMap.FirstPersonExampleMap up for play (max tick rate 0) at 2018.03.19-12.55.01
[2018.03.19-11.55.01:655][775]LogWorld: Bringing up level for play took: 0.003331
[2018.03.19-11.55.01:657][775]PIE: Play in editor start time for /Game/FirstPersonBP/Maps/UEDPIE_0_FirstPersonExampleMap -0.261
[2018.03.19-11.55.01:658][775]LogBlueprintUserMessages: Late PlayInEditor Detection: Level '/Game/FirstPersonBP/Maps/FirstPersonExampleMap.FirstPersonExampleMap:PersistentLevel' has LevelScriptBlueprint '/Game/FirstPersonBP/Maps/FirstPersonExampleMap.FirstPersonExampleMap:PersistentLevel.FirstPersonExampleMap' with GeneratedClass '/Game/FirstPersonBP/Maps/FirstPersonExampleMap.FirstPersonExampleMap_C' with ClassGeneratedBy '/Game/FirstPersonBP/Maps/FirstPersonExampleMap.FirstPersonExampleMap:PersistentLevel.FirstPersonExampleMap'
[2018.03.19-11.55.35:171][539]LogBlueprintUserMessages: Early EndPlayMap Detection: Level '/Game/FirstPersonBP/Maps/FirstPersonExampleMap.FirstPersonExampleMap:PersistentLevel' has LevelScriptBlueprint '/Game/FirstPersonBP/Maps/FirstPersonExampleMap.FirstPersonExampleMap:PersistentLevel.FirstPersonExampleMap' with GeneratedClass '/Game/FirstPersonBP/Maps/FirstPersonExampleMap.FirstPersonExampleMap_C' with ClassGeneratedBy '/Game/FirstPersonBP/Maps/FirstPersonExampleMap.FirstPersonExampleMap:PersistentLevel.FirstPersonExampleMap'
[2018.03.19-11.55.35:210][539]LogBlueprintUserMessages: Late EndPlayMap Detection: Level '/Game/FirstPersonBP/Maps/FirstPersonExampleMap.FirstPersonExampleMap:PersistentLevel' has LevelScriptBlueprint '/Game/FirstPersonBP/Maps/FirstPersonExampleMap.FirstPersonExampleMap:PersistentLevel.FirstPersonExampleMap' with GeneratedClass '/Game/FirstPersonBP/Maps/FirstPersonExampleMap.FirstPersonExampleMap_C' with ClassGeneratedBy '/Game/FirstPersonBP/Maps/FirstPersonExampleMap.FirstPersonExampleMap:PersistentLevel.FirstPersonExampleMap'
[2018.03.19-11.55.36:899][720]LogEditorViewport: Clicking on Actor (LMB): AmbientSound (SINDONE)
[2018.03.19-11.55.44:868][500]LogTemp: Repeating last play command: Selected Viewport
[2018.03.19-11.55.44:924][500]LogBlueprintUserMessages: Early PlayInEditor Detection: Level '/Game/FirstPersonBP/Maps/FirstPersonExampleMap.FirstPersonExampleMap:PersistentLevel' has LevelScriptBlueprint '/Game/FirstPersonBP/Maps/FirstPersonExampleMap.FirstPersonExampleMap:PersistentLevel.FirstPersonExampleMap' with GeneratedClass '/Game/FirstPersonBP/Maps/FirstPersonExampleMap.FirstPersonExampleMap_C' with ClassGeneratedBy '/Game/FirstPersonBP/Maps/FirstPersonExampleMap.FirstPersonExampleMap:PersistentLevel.FirstPersonExampleMap'
[2018.03.19-11.55.44:925][500]LogPlayLevel: PlayLevel: No blueprints needed recompiling
[2018.03.19-11.55.44:925][500]PIE: New page: PIE session: FirstPersonExampleMap (Mar 19, 2018, 1:55:44 PM)
[2018.03.19-11.55.44:925][500]LogPlayLevel: Creating play world package: /Game/FirstPersonBP/Maps/UEDPIE_0_FirstPersonExampleMap
[2018.03.19-11.55.44:950][500]LogPlayLevel: PIE: StaticDuplicateObject took: (0.024653s)
[2018.03.19-11.55.44:951][500]LogAIModule: Creating AISystem for world FirstPersonExampleMap
[2018.03.19-11.55.44:951][500]LogPlayLevel: PIE: World Init took: (0.000999s)
[2018.03.19-11.55.44:952][500]LogPlayLevel: PIE: Created PIE world by copying editor world from /Game/FirstPersonBP/Maps/FirstPersonExampleMap.FirstPersonExampleMap to /Game/FirstPersonBP/Maps/UEDPIE_0_FirstPersonExampleMap.FirstPersonExampleMap (0.026075s)
[2018.03.19-11.55.44:996][500]LogInit: XAudio2 using 'Altavoces / Auriculares (Realtek High Definition Audio)' : 2 channels at 48 kHz using 32 bits per sample (channel mask 0x3)
[2018.03.19-11.55.45:004][500]LogInit: FAudioDevice initialized.
[2018.03.19-11.55.45:040][500]LogLoad: Game class is 'FirstPersonGameMode_C'
[2018.03.19-11.55.45:044][500]LogWorld: Bringing World /Game/FirstPersonBP/Maps/UEDPIE_0_FirstPersonExampleMap.FirstPersonExampleMap up for play (max tick rate 0) at 2018.03.19-12.55.45
[2018.03.19-11.55.45:044][500]LogWorld: Bringing up level for play took: 0.003361
[2018.03.19-11.55.45:047][500]PIE: Play in editor start time for /Game/FirstPersonBP/Maps/UEDPIE_0_FirstPersonExampleMap -0.872
[2018.03.19-11.55.45:047][500]LogBlueprintUserMessages: Late PlayInEditor Detection: Level '/Game/FirstPersonBP/Maps/FirstPersonExampleMap.FirstPersonExampleMap:PersistentLevel' has LevelScriptBlueprint '/Game/FirstPersonBP/Maps/FirstPersonExampleMap.FirstPersonExampleMap:PersistentLevel.FirstPersonExampleMap' with GeneratedClass '/Game/FirstPersonBP/Maps/FirstPersonExampleMap.FirstPersonExampleMap_C' with ClassGeneratedBy '/Game/FirstPersonBP/Maps/FirstPersonExampleMap.FirstPersonExampleMap:PersistentLevel.FirstPersonExampleMap'
[2018.03.19-11.56.32:168][740]LogBlueprintUserMessages: Early EndPlayMap Detection: Level '/Game/FirstPersonBP/Maps/FirstPersonExampleMap.FirstPersonExampleMap:PersistentLevel' has LevelScriptBlueprint '/Game/FirstPersonBP/Maps/FirstPersonExampleMap.FirstPersonExampleMap:PersistentLevel.FirstPersonExampleMap' with GeneratedClass '/Game/FirstPersonBP/Maps/FirstPersonExampleMap.FirstPersonExampleMap_C' with ClassGeneratedBy '/Game/FirstPersonBP/Maps/FirstPersonExampleMap.FirstPersonExampleMap:PersistentLevel.FirstPersonExampleMap'
[2018.03.19-11.56.32:206][740]LogBlueprintUserMessages: Late EndPlayMap Detection: Level '/Game/FirstPersonBP/Maps/FirstPersonExampleMap.FirstPersonExampleMap:PersistentLevel' has LevelScriptBlueprint '/Game/FirstPersonBP/Maps/FirstPersonExampleMap.FirstPersonExampleMap:PersistentLevel.FirstPersonExampleMap' with GeneratedClass '/Game/FirstPersonBP/Maps/FirstPersonExampleMap.FirstPersonExampleMap_C' with ClassGeneratedBy '/Game/FirstPersonBP/Maps/FirstPersonExampleMap.FirstPersonExampleMap:PersistentLevel.FirstPersonExampleMap'
[2018.03.19-11.59.24:698][783]LogEditorViewport: Clicking on Actor (LMB): AmbientSound (SINDONE)
[2018.03.19-12.00.52:203][113]Cmd: OBJ SAVEPACKAGE PACKAGE="/Game/MenosAMas" FILE="X:/Trabajos/Tecnivial_171211/Proyectos/MyProject2/Content/MenosAMas.uasset" SILENT=true
[2018.03.19-12.00.52:263][113]LogSavePackage: Save=26.95ms
[2018.03.19-12.00.52:263][113]LogSavePackage: Moving 'X:/Trabajos/Tecnivial_171211/Proyectos/MyProject2/Saved/MenosAMas0D452A264DE1DA4A51E6068D6407C85D.tmp' to 'X:/Trabajos/Tecnivial_171211/Proyectos/MyProject2/Content/MenosAMas.uasset'
[2018.03.19-12.00.52:357][113]LogSavePackage: Display: Finished SavePackage X:/Trabajos/Tecnivial_171211/Proyectos/MyProject2/Content/MenosAMas.uasset
[2018.03.19-12.01.06:388][397]LogTemp: Repeating last play command: Selected Viewport
[2018.03.19-12.01.06:755][397]LogBlueprintUserMessages: Early PlayInEditor Detection: Level '/Game/FirstPersonBP/Maps/FirstPersonExampleMap.FirstPersonExampleMap:PersistentLevel' has LevelScriptBlueprint '/Game/FirstPersonBP/Maps/FirstPersonExampleMap.FirstPersonExampleMap:PersistentLevel.FirstPersonExampleMap' with GeneratedClass '/Game/FirstPersonBP/Maps/FirstPersonExampleMap.FirstPersonExampleMap_C' with ClassGeneratedBy '/Game/FirstPersonBP/Maps/FirstPersonExampleMap.FirstPersonExampleMap:PersistentLevel.FirstPersonExampleMap'
[2018.03.19-12.01.06:756][397]LogPlayLevel: PlayLevel: No blueprints needed recompiling
[2018.03.19-12.01.06:756][397]PIE: New page: PIE session: FirstPersonExampleMap (Mar 19, 2018, 2:01:06 PM)
[2018.03.19-12.01.06:756][397]LogPlayLevel: Creating play world package: /Game/FirstPersonBP/Maps/UEDPIE_0_FirstPersonExampleMap
[2018.03.19-12.01.06:782][397]LogPlayLevel: PIE: StaticDuplicateObject took: (0.025709s)
[2018.03.19-12.01.06:782][397]LogAIModule: Creating AISystem for world FirstPersonExampleMap
[2018.03.19-12.01.06:783][397]LogPlayLevel: PIE: World Init took: (0.000908s)
[2018.03.19-12.01.06:783][397]LogPlayLevel: PIE: Created PIE world by copying editor world from /Game/FirstPersonBP/Maps/FirstPersonExampleMap.FirstPersonExampleMap to /Game/FirstPersonBP/Maps/UEDPIE_0_FirstPersonExampleMap.FirstPersonExampleMap (0.027019s)
[2018.03.19-12.01.06:830][397]LogInit: XAudio2 using 'Altavoces / Auriculares (Realtek High Definition Audio)' : 2 channels at 48 kHz using 32 bits per sample (channel mask 0x3)
[2018.03.19-12.01.06:844][397]LogInit: FAudioDevice initialized.
[2018.03.19-12.01.06:882][397]LogLoad: Game class is 'FirstPersonGameMode_C'
[2018.03.19-12.01.06:886][397]LogWorld: Bringing World /Game/FirstPersonBP/Maps/UEDPIE_0_FirstPersonExampleMap.FirstPersonExampleMap up for play (max tick rate 0) at 2018.03.19-13.01.06
[2018.03.19-12.01.06:886][397]LogWorld: Bringing up level for play took: 0.003559
[2018.03.19-12.01.06:888][397]PIE: Play in editor start time for /Game/FirstPersonBP/Maps/UEDPIE_0_FirstPersonExampleMap 0.971
[2018.03.19-12.01.06:889][397]LogBlueprintUserMessages: Late PlayInEditor Detection: Level '/Game/FirstPersonBP/Maps/FirstPersonExampleMap.FirstPersonExampleMap:PersistentLevel' has LevelScriptBlueprint '/Game/FirstPersonBP/Maps/FirstPersonExampleMap.FirstPersonExampleMap:PersistentLevel.FirstPersonExampleMap' with GeneratedClass '/Game/FirstPersonBP/Maps/FirstPersonExampleMap.FirstPersonExampleMap_C' with ClassGeneratedBy '/Game/FirstPersonBP/Maps/FirstPersonExampleMap.FirstPersonExampleMap:PersistentLevel.FirstPersonExampleMap'
[2018.03.19-12.01.09:753][706]LogCharacterMovement: FirstPersonCharacter_C_1 is stuck and failed to move! Velocity: X=-29.51 Y=28.28 Z=0.00 Location: X=-260.15 Y=-59.86 Z=267.28 Normal: X=0.00 Y=0.00 Z=-1.00 PenetrationDepth:53.278 Actor:BP_Cilindro_Mov3 Component:Cil BoneName:None (0 other events since notify)
[2018.03.19-12.01.36:048][562]LogBlueprintUserMessages: Early EndPlayMap Detection: Level '/Game/FirstPersonBP/Maps/FirstPersonExampleMap.FirstPersonExampleMap:PersistentLevel' has LevelScriptBlueprint '/Game/FirstPersonBP/Maps/FirstPersonExampleMap.FirstPersonExampleMap:PersistentLevel.FirstPersonExampleMap' with GeneratedClass '/Game/FirstPersonBP/Maps/FirstPersonExampleMap.FirstPersonExampleMap_C' with ClassGeneratedBy '/Game/FirstPersonBP/Maps/FirstPersonExampleMap.FirstPersonExampleMap:PersistentLevel.FirstPersonExampleMap'
[2018.03.19-12.01.36:083][562]LogBlueprintUserMessages: Late EndPlayMap Detection: Level '/Game/FirstPersonBP/Maps/FirstPersonExampleMap.FirstPersonExampleMap:PersistentLevel' has LevelScriptBlueprint '/Game/FirstPersonBP/Maps/FirstPersonExampleMap.FirstPersonExampleMap:PersistentLevel.FirstPersonExampleMap' with GeneratedClass '/Game/FirstPersonBP/Maps/FirstPersonExampleMap.FirstPersonExampleMap_C' with ClassGeneratedBy '/Game/FirstPersonBP/Maps/FirstPersonExampleMap.FirstPersonExampleMap:PersistentLevel.FirstPersonExampleMap'
[2018.03.19-12.01.37:546][656]LogTemp: Repeating last play command: Selected Viewport
[2018.03.19-12.01.37:610][656]LogBlueprintUserMessages: Early PlayInEditor Detection: Level '/Game/FirstPersonBP/Maps/FirstPersonExampleMap.FirstPersonExampleMap:PersistentLevel' has LevelScriptBlueprint '/Game/FirstPersonBP/Maps/FirstPersonExampleMap.FirstPersonExampleMap:PersistentLevel.FirstPersonExampleMap' with GeneratedClass '/Game/FirstPersonBP/Maps/FirstPersonExampleMap.FirstPersonExampleMap_C' with ClassGeneratedBy '/Game/FirstPersonBP/Maps/FirstPersonExampleMap.FirstPersonExampleMap:PersistentLevel.FirstPersonExampleMap'
[2018.03.19-12.01.37:611][656]LogPlayLevel: PlayLevel: No blueprints needed recompiling
[2018.03.19-12.01.37:611][656]PIE: New page: PIE session: FirstPersonExampleMap (Mar 19, 2018, 2:01:37 PM)
[2018.03.19-12.01.37:611][656]LogPlayLevel: Creating play world package: /Game/FirstPersonBP/Maps/UEDPIE_0_FirstPersonExampleMap
[2018.03.19-12.01.37:636][656]LogPlayLevel: PIE: StaticDuplicateObject took: (0.024546s)
[2018.03.19-12.01.37:636][656]LogAIModule: Creating AISystem for world FirstPersonExampleMap
[2018.03.19-12.01.37:637][656]LogPlayLevel: PIE: World Init took: (0.000784s)
[2018.03.19-12.01.37:637][656]LogPlayLevel: PIE: Created PIE world by copying editor world from /Game/FirstPersonBP/Maps/FirstPersonExampleMap.FirstPersonExampleMap to /Game/FirstPersonBP/Maps/UEDPIE_0_FirstPersonExampleMap.FirstPersonExampleMap (0.025713s)
[2018.03.19-12.01.37:682][656]LogInit: XAudio2 using 'Altavoces / Auriculares (Realtek High Definition Audio)' : 2 channels at 48 kHz using 32 bits per sample (channel mask 0x3)
[2018.03.19-12.01.37:690][656]LogInit: FAudioDevice initialized.
[2018.03.19-12.01.37:733][656]LogLoad: Game class is 'FirstPersonGameMode_C'
[2018.03.19-12.01.37:737][656]LogWorld: Bringing World /Game/FirstPersonBP/Maps/UEDPIE_0_FirstPersonExampleMap.FirstPersonExampleMap up for play (max tick rate 0) at 2018.03.19-13.01.37
[2018.03.19-12.01.37:737][656]LogWorld: Bringing up level for play took: 0.003282
[2018.03.19-12.01.37:739][656]PIE: Play in editor start time for /Game/FirstPersonBP/Maps/UEDPIE_0_FirstPersonExampleMap -0.179
[2018.03.19-12.01.37:740][656]LogBlueprintUserMessages: Late PlayInEditor Detection: Level '/Game/FirstPersonBP/Maps/FirstPersonExampleMap.FirstPersonExampleMap:PersistentLevel' has LevelScriptBlueprint '/Game/FirstPersonBP/Maps/FirstPersonExampleMap.FirstPersonExampleMap:PersistentLevel.FirstPersonExampleMap' with GeneratedClass '/Game/FirstPersonBP/Maps/FirstPersonExampleMap.FirstPersonExampleMap_C' with ClassGeneratedBy '/Game/FirstPersonBP/Maps/FirstPersonExampleMap.FirstPersonExampleMap:PersistentLevel.FirstPersonExampleMap'
[2018.03.19-12.01.55:986][669]LogCharacterMovement: FirstPersonCharacter_C_1 is stuck and failed to move! Velocity: X=-10.68 Y=-14.05 Z=0.00 Location: X=-250.09 Y=-237.13 Z=267.28 Normal: X=0.00 Y=0.00 Z=-1.00 PenetrationDepth:53.278 Actor:BP_Cilindro_Mov3 Component:Cil BoneName:None (0 other events since notify)
[2018.03.19-12.02.30:655][524]LogBlueprintUserMessages: Early EndPlayMap Detection: Level '/Game/FirstPersonBP/Maps/FirstPersonExampleMap.FirstPersonExampleMap:PersistentLevel' has LevelScriptBlueprint '/Game/FirstPersonBP/Maps/FirstPersonExampleMap.FirstPersonExampleMap:PersistentLevel.FirstPersonExampleMap' with GeneratedClass '/Game/FirstPersonBP/Maps/FirstPersonExampleMap.FirstPersonExampleMap_C' with ClassGeneratedBy '/Game/FirstPersonBP/Maps/FirstPersonExampleMap.FirstPersonExampleMap:PersistentLevel.FirstPersonExampleMap'
[2018.03.19-12.02.30:695][524]LogBlueprintUserMessages: Late EndPlayMap Detection: Level '/Game/FirstPersonBP/Maps/FirstPersonExampleMap.FirstPersonExampleMap:PersistentLevel' has LevelScriptBlueprint '/Game/FirstPersonBP/Maps/FirstPersonExampleMap.FirstPersonExampleMap:PersistentLevel.FirstPersonExampleMap' with GeneratedClass '/Game/FirstPersonBP/Maps/FirstPersonExampleMap.FirstPersonExampleMap_C' with ClassGeneratedBy '/Game/FirstPersonBP/Maps/FirstPersonExampleMap.FirstPersonExampleMap:PersistentLevel.FirstPersonExampleMap'
[2018.03.19-12.02.49:882][787]LogSlate: Took 0.000249 seconds to synchronously load lazily loaded font '../../../Engine/Content/Slate/Fonts/Roboto-Light.ttf' (159K)
[2018.03.19-12.03.00:197][836]LogSlate: Took 0.000287 seconds to synchronously load lazily loaded font '../../../Engine/Content/Slate/Fonts/Roboto-Regular.ttf' (155K)
[2018.03.19-12.03.01:089][836]LogSavePackage: Save=1661.43ms
[2018.03.19-12.03.01:089][836]LogSavePackage: Moving 'X:/Trabajos/Tecnivial_171211/Proyectos/MyProject2/Saved/FirstPersonExampleMap_Auto1483E6328410A37CC0CC109985A321B04.tmp' to 'X:/Trabajos/Tecnivial_171211/Proyectos/MyProject2/Saved/Autosaves/Game/FirstPersonBP/Maps/FirstPersonExampleMap_Auto1.umap'
[2018.03.19-12.03.01:342][836]LogSavePackage: Display: Finished SavePackage X:/Trabajos/Tecnivial_171211/Proyectos/MyProject2/Saved/Autosaves/Game/FirstPersonBP/Maps/FirstPersonExampleMap_Auto1.umap
[2018.03.19-12.03.01:378][836]LogFileHelpers: Editor autosave (incl. sublevels) for '/Game/FirstPersonBP/Maps/FirstPersonExampleMap' took 2.442
[2018.03.19-12.03.01:378][836]LogFileHelpers: Editor autosave (incl. sublevels) for all levels took 2.442
[2018.03.19-12.03.01:406][836]OBJ SavePackage: Generating thumbnails for [1] asset(s) in package [/Game/SINDONE] ([1] browsable assets)...
[2018.03.19-12.03.01:429][836]OBJ SavePackage:     Rendered thumbnail for [SoundWave /Game/SINDONE.SINDONE]
[2018.03.19-12.03.01:429][836]OBJ SavePackage: Finished generating thumbnails for package [/Game/SINDONE]
[2018.03.19-12.03.01:429][836]Cmd: OBJ SAVEPACKAGE PACKAGE="/Game/SINDONE" FILE="X:/Trabajos/Tecnivial_171211/Proyectos/MyProject2/Saved/Autosaves/Game/SINDONE_Auto1.uasset" SILENT=false AUTOSAVING=true
[2018.03.19-12.03.01:732][836]LogSavePackage: Save=271.49ms
[2018.03.19-12.03.01:732][836]LogSavePackage: Moving 'X:/Trabajos/Tecnivial_171211/Proyectos/MyProject2/Saved/SINDONE_Auto1460290DD4FA53395F79EFE8C33B00DCC.tmp' to 'X:/Trabajos/Tecnivial_171211/Proyectos/MyProject2/Saved/Autosaves/Game/SINDONE_Auto1.uasset'
[2018.03.19-12.03.01:786][836]LogSavePackage: Display: Finished SavePackage X:/Trabajos/Tecnivial_171211/Proyectos/MyProject2/Saved/Autosaves/Game/SINDONE_Auto1.uasset
[2018.03.19-12.03.01:787][836]LogFileHelpers: Auto-saving content packages took 0.407
[2018.03.19-12.05.38:126][303]LogSavePackage: Save=1356.02ms
[2018.03.19-12.05.38:127][303]LogSavePackage: Moving 'X:/Trabajos/Tecnivial_171211/Proyectos/MyProject2/Saved/FirstPersonExampleMapABC82DFC443A834E6BFA27A770F85AB4.tmp' to 'X:/Trabajos/Tecnivial_171211/Proyectos/MyProject2/Content/FirstPersonBP/Maps/FirstPersonExampleMap.umap'
[2018.03.19-12.05.38:711][303]LogSavePackage: Display: Finished SavePackage X:/Trabajos/Tecnivial_171211/Proyectos/MyProject2/Content/FirstPersonBP/Maps/FirstPersonExampleMap.umap
[2018.03.19-12.05.38:842][303]LogFileHelpers: Saving map 'FirstPersonExampleMap' took 2.747
[2018.03.19-12.05.38:871][303]Cmd: OBJ SAVEPACKAGE PACKAGE="/Game/SINDONE" FILE="X:/Trabajos/Tecnivial_171211/Proyectos/MyProject2/Content/SINDONE.uasset" SILENT=true
[2018.03.19-12.05.39:200][303]LogSavePackage: Save=297.60ms
[2018.03.19-12.05.39:200][303]LogSavePackage: Moving 'X:/Trabajos/Tecnivial_171211/Proyectos/MyProject2/Saved/SINDONECB0D42654934E538116F9CA75D4C8347.tmp' to 'X:/Trabajos/Tecnivial_171211/Proyectos/MyProject2/Content/SINDONE.uasset'
[2018.03.19-12.05.39:296][303]LogSavePackage: Display: Finished SavePackage X:/Trabajos/Tecnivial_171211/Proyectos/MyProject2/Content/SINDONE.uasset
[2018.03.19-12.05.39:659][303]LogWindowsTextInputMethodSystem: Display: IME system now deactivated.
[2018.03.19-12.05.39:659][303]LogWindowsTextInputMethodSystem: Display: IME system now deactivated.
[2018.03.19-12.05.39:787][304]Cmd: QUIT_EDITOR
[2018.03.19-12.05.40:296][304]LogExit: Preparing to exit.
[2018.03.19-12.05.41:456][304]LogExit: Editor shut down
[2018.03.19-12.05.41:462][304]LogExit: Transaction tracking system shut down
[2018.03.19-12.05.42:131][304]LogDirectoryWatcher: A directory notification for '../../../Engine/Content/' was aborted.
[2018.03.19-12.05.42:131][304]LogDirectoryWatcher: A directory notification for '../../../Engine/Plugins/2D/Paper2D/Content/' was aborted.
[2018.03.19-12.05.42:131][304]LogDirectoryWatcher: A directory notification for '../../../Engine/Plugins/Media/MediaCompositing/Content/' was aborted.
[2018.03.19-12.05.42:131][304]LogDirectoryWatcher: A directory notification for '../../../Engine/Plugins/Runtime/AppleARKit/Content/' was aborted.
[2018.03.19-12.05.42:132][304]LogDirectoryWatcher: A directory notification for '../../../Engine/Plugins/Runtime/Oculus/OculusVR/Content/' was aborted.
[2018.03.19-12.05.42:132][304]LogDirectoryWatcher: A directory notification for '../../../Engine/Plugins/Runtime/Steam/SteamVR/Content/' was aborted.
[2018.03.19-12.05.42:181][304]LogExit: Object subsystem successfully closed.
[2018.03.19-12.05.42:220][304]LogD3D11RHI: Shutdown
[2018.03.19-12.05.42:220][304]LogD3D11RHI: CleanupD3DDevice
[2018.03.19-12.05.42:223][304]LogD3D11RHI: ~FD3D11DynamicRHI
[2018.03.19-12.05.42:231][304]LogModuleManager: Shutting down and abandoning module MovieSceneCapture (550)
[2018.03.19-12.05.42:231][304]LogModuleManager: Shutting down and abandoning module HierarchicalLODOutliner (548)
[2018.03.19-12.05.42:231][304]LogModuleManager: Shutting down and abandoning module SceneOutliner (546)
[2018.03.19-12.05.42:231][304]LogModuleManager: Shutting down and abandoning module AddContentDialog (544)
[2018.03.19-12.05.42:231][304]LogDirectoryWatcher: A directory notification for 'D:/UNreal14/UE_4.18/FeaturePacks/' was aborted.
[2018.03.19-12.05.42:232][304]LogModuleManager: Shutting down and abandoning module WidgetCarousel (543)
[2018.03.19-12.05.42:233][304]LogModuleManager: Shutting down and abandoning module EditorWidgets (540)
[2018.03.19-12.05.42:233][304]LogModuleManager: Shutting down and abandoning module CollectionManager (538)
[2018.03.19-12.05.42:233][304]LogModuleManager: Shutting down and abandoning module StatsViewer (536)
[2018.03.19-12.05.42:233][304]LogModuleManager: Shutting down and abandoning module FoliageEdit (534)
[2018.03.19-12.05.42:233][304]LogModuleManager: Shutting down and abandoning module LandscapeEditor (532)
[2018.03.19-12.05.42:233][304]LogModuleManager: Shutting down and abandoning module MeshPaintMode (530)
[2018.03.19-12.05.42:233][304]LogModuleManager: Shutting down and abandoning module SceneDepthPickerMode (528)
[2018.03.19-12.05.42:233][304]LogModuleManager: Shutting down and abandoning module ActorPickerMode (526)
[2018.03.19-12.05.42:233][304]LogModuleManager: Shutting down and abandoning module GeometryMode (524)
[2018.03.19-12.05.42:233][304]LogModuleManager: Shutting down and abandoning module TextureAlignMode (522)
[2018.03.19-12.05.42:233][304]LogModuleManager: Shutting down and abandoning module BspMode (520)
[2018.03.19-12.05.42:233][304]LogModuleManager: Shutting down and abandoning module PIEPreviewDeviceProfileSelector (518)
[2018.03.19-12.05.42:233][304]LogModuleManager: Shutting down and abandoning module HardwareSurvey (516)
[2018.03.19-12.05.42:233][304]LogModuleManager: Shutting down and abandoning module SequenceRecorderSections (514)
[2018.03.19-12.05.42:233][304]LogModuleManager: Shutting down and abandoning module AutomationWorker (512)
[2018.03.19-12.05.42:233][304]LogModuleManager: Shutting down and abandoning module MatineeToLevelSequence (510)
[2018.03.19-12.05.42:233][304]LogModuleManager: Shutting down and abandoning module LevelSequenceEditor (508)
[2018.03.19-12.05.42:233][304]LogModuleManager: Shutting down and abandoning module PlacementMode (507)
[2018.03.19-12.05.42:233][304]LogModuleManager: Shutting down and abandoning module WmfMediaFactory (504)
[2018.03.19-12.05.42:233][304]LogModuleManager: Shutting down and abandoning module WmfMediaEditor (502)
[2018.03.19-12.05.42:233][304]LogModuleManager: Shutting down and abandoning module OpenExrWrapper (500)
[2018.03.19-12.05.42:233][304]LogModuleManager: Shutting down and abandoning module ImgMediaFactory (498)
[2018.03.19-12.05.42:233][304]LogModuleManager: Shutting down and abandoning module ImgMediaEditor (496)
[2018.03.19-12.05.42:233][304]LogModuleManager: Shutting down and abandoning module AvfMediaFactory (494)
[2018.03.19-12.05.42:233][304]LogModuleManager: Shutting down and abandoning module AvfMediaEditor (492)
[2018.03.19-12.05.42:234][304]LogModuleManager: Shutting down and abandoning module AndroidMediaFactory (490)
[2018.03.19-12.05.42:234][304]LogModuleManager: Shutting down and abandoning module AndroidMediaEditor (488)
[2018.03.19-12.05.42:234][304]LogModuleManager: Shutting down and abandoning module CharacterAI (486)
[2018.03.19-12.05.42:234][304]LogModuleManager: Shutting down and abandoning module AudioCapture (484)
[2018.03.19-12.05.42:234][304]LogModuleManager: Shutting down and abandoning module SequenceRecorder (483)
[2018.03.19-12.05.42:234][304]LogModuleManager: Shutting down and abandoning module SmartSnapping (480)
[2018.03.19-12.05.42:234][304]LogModuleManager: Shutting down and abandoning module SessionServices (478)
[2018.03.19-12.05.42:234][304]LogModuleManager: Shutting down and abandoning module ViewportSnapping (476)
[2018.03.19-12.05.42:234][304]LogModuleManager: Shutting down and abandoning module ViewportInteraction (474)
[2018.03.19-12.05.42:234][304]LogModuleManager: Shutting down and abandoning module ClothPainter (472)
[2018.03.19-12.05.42:234][304]LogModuleManager: Shutting down and abandoning module SkeletalMeshEditor (471)
[2018.03.19-12.05.42:234][304]LogModuleManager: Shutting down and abandoning module LogVisualizer (468)
[2018.03.19-12.05.42:234][304]LogModuleManager: Shutting down and abandoning module IntroTutorials (466)
[2018.03.19-12.05.42:234][304]LogModuleManager: Shutting down and abandoning module GameProjectGeneration (465)
[2018.03.19-12.05.42:234][304]LogModuleManager: Shutting down and abandoning module IOSPlatformEditor (462)
[2018.03.19-12.05.42:234][304]LogModuleManager: Shutting down and abandoning module HTML5PlatformEditor (460)
[2018.03.19-12.05.42:234][304]LogModuleManager: Shutting down and abandoning module AndroidPlatformEditor (458)
[2018.03.19-12.05.42:234][304]LogModuleManager: Shutting down and abandoning module AndroidDeviceDetection (457)
[2018.03.19-12.05.43:008][304]LogModuleManager: Shutting down and abandoning module WindowsPlatformEditor (454)
[2018.03.19-12.05.43:008][304]LogModuleManager: Shutting down and abandoning module IOSRuntimeSettings (452)
[2018.03.19-12.05.43:008][304]LogModuleManager: Shutting down and abandoning module AndroidRuntimeSettings (450)
[2018.03.19-12.05.43:008][304]LogModuleManager: Shutting down and abandoning module InputBindingEditor (448)
[2018.03.19-12.05.43:008][304]LogModuleManager: Shutting down and abandoning module MergeActors (446)
[2018.03.19-12.05.43:009][304]LogModuleManager: Shutting down and abandoning module SizeMap (444)
[2018.03.19-12.05.43:009][304]LogModuleManager: Shutting down and abandoning module TreeMap (442)
[2018.03.19-12.05.43:009][304]LogModuleManager: Shutting down and abandoning module ReferenceViewer (440)
[2018.03.19-12.05.43:009][304]LogModuleManager: Shutting down and abandoning module LocalizationDashboard (438)
[2018.03.19-12.05.43:009][304]LogModuleManager: Shutting down and abandoning module LocalizationService (437)
[2018.03.19-12.05.43:009][304]LogModuleManager: Shutting down and abandoning module HardwareTargeting (434)
[2018.03.19-12.05.43:009][304]LogModuleManager: Shutting down and abandoning module DeviceProfileEditor (432)
[2018.03.19-12.05.43:009][304]LogModuleManager: Shutting down and abandoning module UndoHistory (430)
[2018.03.19-12.05.43:009][304]LogModuleManager: Shutting down and abandoning module XmlParser (428)
[2018.03.19-12.05.43:009][304]LogModuleManager: Shutting down and abandoning module Blutility (426)
[2018.03.19-12.05.43:009][304]LogModuleManager: Shutting down and abandoning module ProjectSettingsViewer (424)
[2018.03.19-12.05.43:009][304]LogModuleManager: Shutting down and abandoning module ProjectTargetPlatformEditor (423)
[2018.03.19-12.05.43:009][304]LogModuleManager: Shutting down and abandoning module EditorSettingsViewer (420)
[2018.03.19-12.05.43:009][304]LogModuleManager: Shutting down and abandoning module SettingsEditor (418)
[2018.03.19-12.05.43:009][304]LogModuleManager: Shutting down and abandoning module ProjectLauncher (416)
[2018.03.19-12.05.43:009][304]LogModuleManager: Shutting down and abandoning module SessionFrontend (414)
[2018.03.19-12.05.43:009][304]LogModuleManager: Shutting down and abandoning module ProfilerClient (412)
[2018.03.19-12.05.43:009][304]LogModuleManager: Shutting down and abandoning module DeviceManager (410)
[2018.03.19-12.05.43:009][304]LogModuleManager: Shutting down and abandoning module TargetDeviceServices (409)
[2018.03.19-12.05.43:083][304]LogModuleManager: Shutting down and abandoning module AutomationController (406)
[2018.03.19-12.05.43:083][304]LogModuleManager: Shutting down and abandoning module AutomationWindow (404)
[2018.03.19-12.05.43:083][304]LogModuleManager: Shutting down and abandoning module Layers (402)
[2018.03.19-12.05.43:083][304]LogModuleManager: Shutting down and abandoning module ComponentVisualizers (400)
[2018.03.19-12.05.43:083][304]LogModuleManager: Shutting down and abandoning module DetailCustomizations (398)
[2018.03.19-12.05.43:083][304]LogModuleManager: Shutting down and abandoning module PackagesDialog (396)
[2018.03.19-12.05.43:084][304]LogModuleManager: Shutting down and abandoning module Persona (394)
[2018.03.19-12.05.43:084][304]LogModuleManager: Shutting down and abandoning module AdvancedPreviewScene (393)
[2018.03.19-12.05.43:084][304]LogModuleManager: Shutting down and abandoning module AnimGraph (391)
[2018.03.19-12.05.43:084][304]LogModuleManager: Shutting down and abandoning module Kismet (388)
[2018.03.19-12.05.43:085][304]LogModuleManager: Shutting down and abandoning module ClassViewer (386)
[2018.03.19-12.05.43:085][304]LogModuleManager: Shutting down and abandoning module Toolbox (384)
[2018.03.19-12.05.43:085][304]LogModuleManager: Shutting down and abandoning module ModuleUI (382)
[2018.03.19-12.05.43:085][304]LogModuleManager: Shutting down and abandoning module MovieSceneTools (380)
[2018.03.19-12.05.43:085][304]LogModuleManager: Shutting down and abandoning module OutputLog (378)
[2018.03.19-12.05.43:085][304]LogModuleManager: Shutting down and abandoning module GammaUI (376)
[2018.03.19-12.05.43:085][304]LogModuleManager: Shutting down and abandoning module Documentation (374)
[2018.03.19-12.05.43:085][304]LogModuleManager: Shutting down and abandoning module MovieSceneTracks (372)
[2018.03.19-12.05.43:085][304]LogModuleManager: Shutting down and abandoning module MovieScene (370)
[2018.03.19-12.05.43:085][304]LogModuleManager: Shutting down and abandoning module StreamingPauseRendering (368)
[2018.03.19-12.05.43:085][304]LogModuleManager: Shutting down and abandoning module LauncherPlatform (366)
[2018.03.19-12.05.43:085][304]LogModuleManager: Shutting down and abandoning module AnalyticsET (364)
[2018.03.19-12.05.43:085][304]LogModuleManager: Shutting down and abandoning module PortalServices (362)
[2018.03.19-12.05.43:085][304]LogModuleManager: Shutting down and abandoning module PortalRpc (360)
[2018.03.19-12.05.43:085][304]LogModuleManager: Shutting down and abandoning module MessagingRpc (358)
[2018.03.19-12.05.43:085][304]LogModuleManager: Shutting down and abandoning module AIModule (356)
[2018.03.19-12.05.43:085][304]LogModuleManager: Shutting down and abandoning module GameplayDebugger (355)
[2018.03.19-12.05.43:085][304]LogModuleManager: Shutting down and abandoning module AITestSuite (353)
[2018.03.19-12.05.43:085][304]LogModuleManager: Shutting down and abandoning module DesktopPlatform (350)
[2018.03.19-12.05.43:085][304]LogModuleManager: Shutting down and abandoning module ProfilerService (348)
[2018.03.19-12.05.43:319][304]LogModuleManager: Shutting down and abandoning module TaskGraph (346)
[2018.03.19-12.05.43:319][304]LogModuleManager: Shutting down and abandoning module SteamVRController (344)
[2018.03.19-12.05.43:320][304]LogModuleManager: Shutting down and abandoning module ProceduralMeshComponentEditor (342)
[2018.03.19-12.05.43:320][304]LogModuleManager: Shutting down and abandoning module ProceduralMeshComponent (340)
[2018.03.19-12.05.43:320][304]LogModuleManager: Shutting down and abandoning module OculusInput (338)
[2018.03.19-12.05.43:320][304]LogModuleManager: Shutting down and abandoning module MobilePatchingUtils (336)
[2018.03.19-12.05.43:320][304]LogModuleManager: Shutting down and abandoning module CustomMeshComponent (334)
[2018.03.19-12.05.43:320][304]LogModuleManager: Shutting down and abandoning module CableComponent (332)
[2018.03.19-12.05.43:320][304]LogModuleManager: Shutting down and abandoning module ArchVisCharacter (330)
[2018.03.19-12.05.43:320][304]LogModuleManager: Shutting down and abandoning module AndroidPermission (328)
[2018.03.19-12.05.43:320][304]LogModuleManager: Shutting down and abandoning module ActorSequence (324)
[2018.03.19-12.05.43:320][304]LogModuleManager: Shutting down and abandoning module MediaPlayerEditor (322)
[2018.03.19-12.05.43:320][304]LogModuleManager: Shutting down and abandoning module MediaCompositingEditor (320)
[2018.03.19-12.05.43:320][304]LogModuleManager: Shutting down and abandoning module MediaCompositing (318)
[2018.03.19-12.05.43:320][304]LogModuleManager: Shutting down and abandoning module HTML5Networking (316)
[2018.03.19-12.05.43:320][304]LogModuleManager: Shutting down and abandoning module AlembicImporter (314)
[2018.03.19-12.05.43:320][304]LogModuleManager: Shutting down and abandoning module AlembicLibrary (313)
[2018.03.19-12.05.43:320][304]LogModuleManager: Shutting down and abandoning module GeometryCache (312)
[2018.03.19-12.05.43:320][304]LogModuleManager: Shutting down and abandoning module GeometryCacheEd (311)
[2018.03.19-12.05.43:320][304]LogModuleManager: Shutting down and abandoning module SpeedTreeImporter (306)
[2018.03.19-12.05.43:320][304]LogModuleManager: Shutting down and abandoning module PluginBrowser (304)
[2018.03.19-12.05.43:320][304]LogModuleManager: Shutting down and abandoning module MobileLauncherProfileWizard (302)
[2018.03.19-12.05.43:320][304]LogModuleManager: Shutting down and abandoning module VisualStudioSourceCodeAccess (300)
[2018.03.19-12.05.43:320][304]LogModuleManager: Shutting down and abandoning module VisualStudioCodeSourceCodeAccess (298)
[2018.03.19-12.05.43:320][304]LogModuleManager: Shutting down and abandoning module UObjectPlugin (296)
[2018.03.19-12.05.43:320][304]LogModuleManager: Shutting down and abandoning module SubversionSourceControl (294)
[2018.03.19-12.05.43:320][304]LogModuleManager: Shutting down and abandoning module PerforceSourceControl (292)
[2018.03.19-12.05.43:320][304]LogModuleManager: Shutting down and abandoning module GitSourceControl (290)
[2018.03.19-12.05.43:320][304]LogModuleManager: Shutting down and abandoning module SourceControl (289)
[2018.03.19-12.05.43:320][304]LogModuleManager: Shutting down and abandoning module LightPropagationVolumeEditor (286)
[2018.03.19-12.05.43:320][304]LogModuleManager: Shutting down and abandoning module PaperTiledImporter (284)
[2018.03.19-12.05.43:320][304]LogModuleManager: Shutting down and abandoning module PaperSpriteSheetImporter (282)
[2018.03.19-12.05.43:320][304]LogModuleManager: Shutting down and abandoning module Paper2DEditor (280)
[2018.03.19-12.05.43:320][304]LogModuleManager: Shutting down and abandoning module MeshPaint (279)
[2018.03.19-12.05.43:320][304]LogModuleManager: Shutting down and abandoning module LevelEditor (277)
[2018.03.19-12.05.43:322][304]LogModuleManager: Shutting down and abandoning module PixelInspectorModule (276)
[2018.03.19-12.05.43:322][304]LogModuleManager: Shutting down and abandoning module MainFrame (274)
[2018.03.19-12.05.43:322][304]LogModuleManager: Shutting down and abandoning module HotReload (273)
[2018.03.19-12.05.43:322][304]LogModuleManager: Shutting down and abandoning module RuntimePhysXCooking (268)
[2018.03.19-12.05.43:322][304]LogModuleManager: Shutting down and abandoning module PhysXVehiclesEditor (266)
[2018.03.19-12.05.43:322][304]LogModuleManager: Shutting down and abandoning module PhysXVehicles (264)
[2018.03.19-12.05.43:322][304]LogModuleManager: Shutting down and abandoning module OculusEditor (262)
[2018.03.19-12.05.43:322][304]LogModuleManager: Shutting down and abandoning module LocationServicesBPLibrary (260)
[2018.03.19-12.05.43:322][304]LogModuleManager: Shutting down and abandoning module ImmediatePhysicsEditor (258)
[2018.03.19-12.05.43:322][304]LogModuleManager: Shutting down and abandoning module ImmediatePhysics (256)
[2018.03.19-12.05.43:322][304]LogModuleManager: Shutting down and abandoning module UdpMessaging (254)
[2018.03.19-12.05.43:423][304]LogModuleManager: Shutting down and abandoning module TcpMessaging (252)
[2018.03.19-12.05.43:524][304]LogModuleManager: Shutting down and abandoning module GameplayTagsEditor (250)
[2018.03.19-12.05.43:524][304]LogModuleManager: Shutting down and abandoning module FacialAnimationEditor (248)
[2018.03.19-12.05.43:524][304]LogModuleManager: Shutting down and abandoning module FacialAnimation (246)
[2018.03.19-12.05.43:524][304]LogModuleManager: Shutting down and abandoning module AssetManagerEditor (244)
[2018.03.19-12.05.43:524][304]LogModuleManager: Shutting down and abandoning module GraphEditor (243)
[2018.03.19-12.05.43:524][304]LogModuleManager: Shutting down and abandoning module ContentBrowser (241)
[2018.03.19-12.05.43:526][304]LogModuleManager: Shutting down and abandoning module LightPropagationVolumeRuntime (238)
[2018.03.19-12.05.43:526][304]LogModuleManager: Shutting down and abandoning module Paper2D (236)
[2018.03.19-12.05.43:526][304]LogModuleManager: Shutting down and abandoning module WindowsMoviePlayer (234)
[2018.03.19-12.05.43:526][304]LogModuleManager: Shutting down and abandoning module WmfMedia (232)
[2018.03.19-12.05.43:526][304]LogModuleManager: Shutting down and abandoning module ImgMedia (230)
[2018.03.19-12.05.43:526][304]LogModuleManager: Shutting down and abandoning module PacketHandler (228)
[2018.03.19-12.05.43:526][304]LogModuleManager: Shutting down and abandoning module ClothingSystemEditor (226)
[2018.03.19-12.05.43:526][304]LogModuleManager: Shutting down and abandoning module ClothingSystemRuntime (224)
[2018.03.19-12.05.43:526][304]LogModuleManager: Shutting down and abandoning module MediaAssets (222)
[2018.03.19-12.05.43:526][304]LogModuleManager: Shutting down and abandoning module Media (221)
[2018.03.19-12.05.43:532][304]LogModuleManager: Shutting down and abandoning module Overlay (218)
[2018.03.19-12.05.43:532][304]LogModuleManager: Shutting down and abandoning module OverlayEditor (217)
[2018.03.19-12.05.43:532][304]LogModuleManager: Shutting down and abandoning module VREditor (214)
[2018.03.19-12.05.43:532][304]LogModuleManager: Shutting down and abandoning module StringTableEditor (212)
[2018.03.19-12.05.43:532][304]LogModuleManager: Shutting down and abandoning module GameplayTasksEditor (210)
[2018.03.19-12.05.43:532][304]LogModuleManager: Shutting down and abandoning module BehaviorTreeEditor (208)
[2018.03.19-12.05.43:532][304]LogModuleManager: Shutting down and abandoning module FunctionalTesting (206)
[2018.03.19-12.05.43:532][304]LogModuleManager: Shutting down and abandoning module CollisionAnalyzer (204)
[2018.03.19-12.05.43:532][304]LogModuleManager: Shutting down and abandoning module WorkspaceMenuStructure (203)
[2018.03.19-12.05.43:532][304]LogModuleManager: Shutting down and abandoning module UMG (200)
[2018.03.19-12.05.43:532][304]LogModuleManager: Shutting down and abandoning module UMGEditor (199)
[2018.03.19-12.05.43:532][304]LogModuleManager: Shutting down and abandoning module Sequencer (198)
[2018.03.19-12.05.43:532][304]LogModuleManager: Shutting down and abandoning module MessageLog (195)
[2018.03.19-12.05.43:532][304]LogModuleManager: Shutting down and abandoning module SlateReflector (190)
[2018.03.19-12.05.43:532][304]LogModuleManager: Shutting down and abandoning module Slate (188)
[2018.03.19-12.05.43:532][304]LogModuleManager: Shutting down and abandoning module EditorStyle (186)
[2018.03.19-12.05.43:535][304]LogModuleManager: Shutting down and abandoning module MRMesh (184)
[2018.03.19-12.05.43:535][304]LogModuleManager: Shutting down and abandoning module SourceCodeAccess (182)
[2018.03.19-12.05.43:535][304]LogModuleManager: Shutting down and abandoning module HeadMountedDisplay (180)
[2018.03.19-12.05.43:535][304]LogModuleManager: Shutting down and abandoning module XAudio2 (178)
[2018.03.19-12.05.43:535][304]LogModuleManager: Shutting down and abandoning module Networking (176)
[2018.03.19-12.05.43:535][304]LogModuleManager: Shutting down and abandoning module Core (172)
[2018.03.19-12.05.43:535][304]LogModuleManager: Shutting down and abandoning module LevelSequence (168)
[2018.03.19-12.05.43:535][304]LogModuleManager: Shutting down and abandoning module DirectoryWatcher (166)
[2018.03.19-12.05.43:535][304]LogModuleManager: Shutting down and abandoning module KismetCompiler (164)
[2018.03.19-12.05.43:535][304]LogModuleManager: Shutting down and abandoning module MeshUtilities (162)
[2018.03.19-12.05.43:535][304]LogModuleManager: Shutting down and abandoning module MeshMergeUtilities (161)
[2018.03.19-12.05.43:535][304]LogModuleManager: Shutting down and abandoning module MeshReductionInterface (160)
[2018.03.19-12.05.43:535][304]LogModuleManager: Shutting down and abandoning module SimplygonSwarm (159)
[2018.03.19-12.05.43:535][304]LogModuleManager: Shutting down and abandoning module SimplygonMeshReduction (157)
[2018.03.19-12.05.43:535][304]LogModuleManager: Shutting down and abandoning module QuadricMeshReduction (155)
[2018.03.19-12.05.43:535][304]LogModuleManager: Shutting down and abandoning module MaterialBaking (151)
[2018.03.19-12.05.43:535][304]LogModuleManager: Shutting down and abandoning module DerivedDataCache (148)
[2018.03.19-12.05.43:552][304]LogDerivedDataCache: Shutdown
[2018.03.19-12.05.43:552][304]LogModuleManager: Shutting down and abandoning module TargetPlatform (146)
[2018.03.19-12.05.43:552][304]LogModuleManager: Shutting down and abandoning module VulkanShaderFormat (145)
[2018.03.19-12.05.43:552][304]LogModuleManager: Shutting down and abandoning module ShaderFormatVectorVM (143)
[2018.03.19-12.05.43:552][304]LogModuleManager: Shutting down and abandoning module ShaderFormatOpenGL (141)
[2018.03.19-12.05.43:552][304]LogModuleManager: Shutting down and abandoning module ShaderFormatD3D (139)
[2018.03.19-12.05.43:552][304]LogModuleManager: Shutting down and abandoning module MetalShaderFormat (137)
[2018.03.19-12.05.43:552][304]LogModuleManager: Shutting down and abandoning module TextureFormatUncompressed (135)
[2018.03.19-12.05.43:552][304]LogModuleManager: Shutting down and abandoning module TextureFormatPVR (133)
[2018.03.19-12.05.43:553][304]LogModuleManager: Shutting down and abandoning module TextureFormatDXT (131)
[2018.03.19-12.05.43:553][304]LogModuleManager: Shutting down and abandoning module TextureFormatIntelISPCTexComp (129)
[2018.03.19-12.05.43:553][304]LogModuleManager: Shutting down and abandoning module TextureFormatASTC (127)
[2018.03.19-12.05.43:553][304]LogModuleManager: Shutting down and abandoning module ImageWrapper (126)
[2018.03.19-12.05.43:553][304]LogModuleManager: Shutting down and abandoning module TextureFormatAndroid (123)
[2018.03.19-12.05.43:553][304]LogModuleManager: Shutting down and abandoning module AudioFormatOpus (121)
[2018.03.19-12.05.43:553][304]LogModuleManager: Shutting down and abandoning module AudioFormatOgg (119)
[2018.03.19-12.05.43:553][304]LogModuleManager: Shutting down and abandoning module AudioFormatADPCM (117)
[2018.03.19-12.05.43:553][304]LogModuleManager: Shutting down and abandoning module LinuxTargetPlatform (115)
[2018.03.19-12.05.43:553][304]LogModuleManager: Shutting down and abandoning module LinuxServerTargetPlatform (113)
[2018.03.19-12.05.43:553][304]LogModuleManager: Shutting down and abandoning module LinuxNoEditorTargetPlatform (111)
[2018.03.19-12.05.43:553][304]LogModuleManager: Shutting down and abandoning module LinuxClientTargetPlatform (109)
[2018.03.19-12.05.43:553][304]LogModuleManager: Shutting down and abandoning module TVOSTargetPlatform (107)
[2018.03.19-12.05.43:553][304]LogModuleManager: Shutting down and abandoning module Messaging (105)
[2018.03.19-12.05.43:553][304]LogModuleManager: Shutting down and abandoning module IOSTargetPlatform (103)
[2018.03.19-12.05.43:553][304]LogModuleManager: Shutting down and abandoning module HTML5TargetPlatform (101)
[2018.03.19-12.05.43:553][304]LogModuleManager: Shutting down and abandoning module AndroidTargetPlatform (99)
[2018.03.19-12.05.43:553][304]LogModuleManager: Shutting down and abandoning module Android_PVRTCTargetPlatform (97)
[2018.03.19-12.05.43:553][304]LogModuleManager: Shutting down and abandoning module Android_MultiTargetPlatform (95)
[2018.03.19-12.05.43:553][304]LogModuleManager: Shutting down and abandoning module Android_ETC2TargetPlatform (93)
[2018.03.19-12.05.43:553][304]LogModuleManager: Shutting down and abandoning module Android_ETC1TargetPlatform (91)
[2018.03.19-12.05.43:553][304]LogModuleManager: Shutting down and abandoning module Android_DXTTargetPlatform (89)
[2018.03.19-12.05.43:553][304]LogModuleManager: Shutting down and abandoning module Android_ATCTargetPlatform (87)
[2018.03.19-12.05.43:553][304]LogModuleManager: Shutting down and abandoning module Android_ASTCTargetPlatform (85)
[2018.03.19-12.05.43:553][304]LogModuleManager: Shutting down and abandoning module WindowsTargetPlatform (83)
[2018.03.19-12.05.43:553][304]LogModuleManager: Shutting down and abandoning module WindowsServerTargetPlatform (81)
[2018.03.19-12.05.43:553][304]LogModuleManager: Shutting down and abandoning module WindowsNoEditorTargetPlatform (79)
[2018.03.19-12.05.43:553][304]LogModuleManager: Shutting down and abandoning module WindowsClientTargetPlatform (77)
[2018.03.19-12.05.43:553][304]LogModuleManager: Shutting down and abandoning module MacTargetPlatform (75)
[2018.03.19-12.05.43:553][304]LogModuleManager: Shutting down and abandoning module MacServerTargetPlatform (73)
[2018.03.19-12.05.43:553][304]LogModuleManager: Shutting down and abandoning module MacNoEditorTargetPlatform (71)
[2018.03.19-12.05.43:553][304]LogModuleManager: Shutting down and abandoning module MacClientTargetPlatform (69)
[2018.03.19-12.05.43:553][304]LogModuleManager: Shutting down and abandoning module AllDesktopTargetPlatform (67)
[2018.03.19-12.05.43:553][304]LogModuleManager: Shutting down and abandoning module InputCore (64)
[2018.03.19-12.05.43:553][304]LogModuleManager: Shutting down and abandoning module Settings (62)
[2018.03.19-12.05.43:553][304]LogModuleManager: Shutting down and abandoning module PhysXCooking (60)
[2018.03.19-12.05.43:553][304]LogModuleManager: Shutting down and abandoning module SteamVR (58)
[2018.03.19-12.05.43:553][304]LogModuleManager: Shutting down and abandoning module OculusHMD (56)
[2018.03.19-12.05.43:553][304]LogModuleManager: Shutting down and abandoning module ExampleDeviceProfileSelector (54)
[2018.03.19-12.05.43:553][304]LogModuleManager: Shutting down and abandoning module AppleARKit (52)
[2018.03.19-12.05.43:553][304]LogModuleManager: Shutting down and abandoning module AugmentedReality (51)
[2018.03.19-12.05.43:553][304]LogModuleManager: Shutting down and abandoning module OnlineBlueprintSupport (48)
[2018.03.19-12.05.43:553][304]LogModuleManager: Shutting down and abandoning module OnlineSubsystem (44)
[2018.03.19-12.05.43:553][304]LogModuleManager: Shutting down and abandoning module XMPP (43)
[2018.03.19-12.05.43:553][304]LogModuleManager: Shutting down and abandoning module HTTP (41)
[2018.03.19-12.05.43:553][304]LogHttp: Display: Http module shutting down, but needs to wait on 1 outstanding Http requests:
[2018.03.19-12.05.43:554][304]LogHttp: Display: 	verb=[POST] url=[https://datarouter.ol.epicgames.com/datarouter/api/v1/public/data?SessionID=%7B647A3F23-4CF3-811C-F6D9-73B1B6F97D2D%7D&AppID=UEEditor.Rocket.Release&AppVersion=4.18.3-3832480%2B%2B%2BUE4%2BRelease-4.18&UserID=6f92fdc140fa715dc9573caf31a6d00e%7C03200d8a2de7413b813a1bf96daa71e0%7Cfa2f18e6-a84b-4325-abb5-0871c68651a6&AppEnvironment=datacollector-binary&UploadType=eteventstream] status=Processing
[2018.03.19-12.05.43:580][304]LogModuleManager: Shutting down and abandoning module SSL (40)
[2018.03.19-12.05.43:582][304]LogModuleManager: Shutting down and abandoning module AnimationModifiers (36)
[2018.03.19-12.05.43:582][304]LogModuleManager: Shutting down and abandoning module PropertyEditor (35)
[2018.03.19-12.05.43:582][304]LogModuleManager: Shutting down and abandoning module AudioEditor (32)
[2018.03.19-12.05.43:582][304]LogModuleManager: Shutting down and abandoning module TextureCompressor (30)
[2018.03.19-12.05.43:582][304]LogModuleManager: Shutting down and abandoning module ShaderCore (28)
[2018.03.19-12.05.43:582][304]LogModuleManager: Shutting down and abandoning module Landscape (26)
[2018.03.19-12.05.43:582][304]LogModuleManager: Shutting down and abandoning module SlateRHIRenderer (24)
[2018.03.19-12.05.43:583][304]LogModuleManager: Shutting down and abandoning module OpenGLDrv (22)
[2018.03.19-12.05.43:583][304]LogModuleManager: Shutting down and abandoning module D3D11RHI (20)
[2018.03.19-12.05.43:583][304]LogModuleManager: Shutting down and abandoning module AnimGraphRuntime (18)
[2018.03.19-12.05.43:583][304]LogModuleManager: Shutting down and abandoning module Renderer (16)
[2018.03.19-12.05.43:584][304]LogModuleManager: Shutting down and abandoning module Engine (14)
[2018.03.19-12.05.43:584][304]LogModuleManager: Shutting down and abandoning module CoreUObject (12)
[2018.03.19-12.05.43:584][304]LogModuleManager: Shutting down and abandoning module NetworkFile (10)
[2018.03.19-12.05.43:584][304]LogModuleManager: Shutting down and abandoning module CookedIterativeFile (8)
[2018.03.19-12.05.43:584][304]LogModuleManager: Shutting down and abandoning module StreamingFile (6)
[2018.03.19-12.05.43:584][304]LogModuleManager: Shutting down and abandoning module SandboxFile (4)
[2018.03.19-12.05.43:584][304]LogModuleManager: Shutting down and abandoning module PakFile (2)
[2018.03.19-12.05.43:594][304]LogExit: Exiting.
[2018.03.19-12.05.43:642][304]Log file closed, 03/19/18 13:05:43
